CRITICAL - 2022-03-07 15:01:26 --> Invalid file: pages/error.php
#0 D:\WEB SERVICES\WORKPLACE\CodeIgniter\CLIENTS\rareconsultancy_CI\vendor\codeigniter4\framework\system\View\View.php(198): CodeIgniter\Exceptions\FrameworkException::forInvalidFile('pages/error.php')
#1 D:\WEB SERVICES\WORKPLACE\CodeIgniter\CLIENTS\rareconsultancy_CI\vendor\codeigniter4\framework\system\Common.php(1097): CodeIgniter\View\View->render('pages/error', Array, true)
#2 D:\WEB SERVICES\WORKPLACE\CodeIgniter\CLIENTS\rareconsultancy_CI\app\Config\Routes.php(54): view('pages/error', Array)
#3 D:\WEB SERVICES\WORKPLACE\CodeIgniter\CLIENTS\rareconsultancy_CI\vendor\codeigniter4\framework\system\CodeIgniter.php(841): CodeIgniter\Router\RouteCollection->Config\{closure}('business-licens...')
#4 D:\WEB SERVICES\WORKPLACE\CodeIgniter\CLIENTS\rareconsultancy_CI\vendor\codeigniter4\framework\system\CodeIgniter.php(332): CodeIgniter\CodeIgniter->display404errors(Object(CodeIgniter\Exceptions\PageNotFoundException))
#5 D:\WEB SERVICES\WORKPLACE\CodeIgniter\CLIENTS\rareconsultancy_CI\public\index.php(37): CodeIgniter\CodeIgniter->run()
#6 D:\WEB SERVICES\WORKPLACE\CodeIgniter\CLIENTS\rareconsultancy_CI\vendor\codeigniter4\framework\system\Commands\Server\rewrite.php(43): require_once('D:\\WEB SERVICES...')
#7 {main}
ERROR - 2022-03-07 18:50:58 --> Error connecting to the database: No connection could be made because the target machine actively refused it.

CRITICAL - 2022-03-07 18:50:58 --> Unable to connect to the database.
Main connection [MySQLi]: No connection could be made because the target machine actively refused it.

#0 D:\WEB SERVICES\WORKPLACE\CodeIgniter\CLIENTS\rareconsultancy_CI\vendor\codeigniter4\framework\system\Database\BaseConnection.php(577): CodeIgniter\Database\BaseConnection->initialize()
#1 D:\WEB SERVICES\WORKPLACE\CodeIgniter\CLIENTS\rareconsultancy_CI\vendor\codeigniter4\framework\system\Database\BaseBuilder.php(1527): CodeIgniter\Database\BaseConnection->query('SELECT COUNT(*)...', Array, false)
#2 D:\WEB SERVICES\WORKPLACE\CodeIgniter\CLIENTS\rareconsultancy_CI\vendor\codeigniter4\framework\system\Model.php(509): CodeIgniter\Database\BaseBuilder->countAllResults(true)
#3 D:\WEB SERVICES\WORKPLACE\CodeIgniter\CLIENTS\rareconsultancy_CI\vendor\codeigniter4\framework\system\Model.php(592): CodeIgniter\Model->countAllResults()
#4 D:\WEB SERVICES\WORKPLACE\CodeIgniter\CLIENTS\rareconsultancy_CI\vendor\codeigniter4\framework\system\BaseModel.php(655): CodeIgniter\Model->shouldUpdate(Array)
#5 D:\WEB SERVICES\WORKPLACE\CodeIgniter\CLIENTS\rareconsultancy_CI\app\Controllers\Contact.php(28): CodeIgniter\BaseModel->save(Array)
#6 D:\WEB SERVICES\WORKPLACE\CodeIgniter\CLIENTS\rareconsultancy_CI\vendor\codeigniter4\framework\system\CodeIgniter.php(824): App\Controllers\Contact->index()
#7 D:\WEB SERVICES\WORKPLACE\CodeIgniter\CLIENTS\rareconsultancy_CI\vendor\codeigniter4\framework\system\CodeIgniter.php(410): CodeIgniter\CodeIgniter->runController(Object(App\Controllers\Contact))
#8 D:\WEB SERVICES\WORKPLACE\CodeIgniter\CLIENTS\rareconsultancy_CI\vendor\codeigniter4\framework\system\CodeIgniter.php(318): CodeIgniter\CodeIgniter->handleRequest(NULL, Object(Config\Cache), false)
#9 D:\WEB SERVICES\WORKPLACE\CodeIgniter\CLIENTS\rareconsultancy_CI\public\index.php(37): CodeIgniter\CodeIgniter->run()
#10 D:\WEB SERVICES\WORKPLACE\CodeIgniter\CLIENTS\rareconsultancy_CI\vendor\codeigniter4\framework\system\Commands\Server\rewrite.php(43): require_once('D:\\WEB SERVICES...')
#11 {main}
ERROR - 2022-03-07 18:54:05 --> Error connecting to the database: No connection could be made because the target machine actively refused it.

CRITICAL - 2022-03-07 18:54:05 --> Unable to connect to the database.
Main connection [MySQLi]: No connection could be made because the target machine actively refused it.

#0 D:\WEB SERVICES\WORKPLACE\CodeIgniter\CLIENTS\rareconsultancy_CI\vendor\codeigniter4\framework\system\Database\BaseConnection.php(577): CodeIgniter\Database\BaseConnection->initialize()
#1 D:\WEB SERVICES\WORKPLACE\CodeIgniter\CLIENTS\rareconsultancy_CI\vendor\codeigniter4\framework\system\Database\BaseBuilder.php(1527): CodeIgniter\Database\BaseConnection->query('SELECT COUNT(*)...', Array, false)
#2 D:\WEB SERVICES\WORKPLACE\CodeIgniter\CLIENTS\rareconsultancy_CI\vendor\codeigniter4\framework\system\Model.php(509): CodeIgniter\Database\BaseBuilder->countAllResults(true)
#3 D:\WEB SERVICES\WORKPLACE\CodeIgniter\CLIENTS\rareconsultancy_CI\vendor\codeigniter4\framework\system\Model.php(592): CodeIgniter\Model->countAllResults()
#4 D:\WEB SERVICES\WORKPLACE\CodeIgniter\CLIENTS\rareconsultancy_CI\vendor\codeigniter4\framework\system\BaseModel.php(655): CodeIgniter\Model->shouldUpdate(Array)
#5 D:\WEB SERVICES\WORKPLACE\CodeIgniter\CLIENTS\rareconsultancy_CI\app\Controllers\Contact.php(28): CodeIgniter\BaseModel->save(Array)
#6 D:\WEB SERVICES\WORKPLACE\CodeIgniter\CLIENTS\rareconsultancy_CI\vendor\codeigniter4\framework\system\CodeIgniter.php(824): App\Controllers\Contact->index()
#7 D:\WEB SERVICES\WORKPLACE\CodeIgniter\CLIENTS\rareconsultancy_CI\vendor\codeigniter4\framework\system\CodeIgniter.php(410): CodeIgniter\CodeIgniter->runController(Object(App\Controllers\Contact))
#8 D:\WEB SERVICES\WORKPLACE\CodeIgniter\CLIENTS\rareconsultancy_CI\vendor\codeigniter4\framework\system\CodeIgniter.php(318): CodeIgniter\CodeIgniter->handleRequest(NULL, Object(Config\Cache), false)
#9 D:\WEB SERVICES\WORKPLACE\CodeIgniter\CLIENTS\rareconsultancy_CI\public\index.php(37): CodeIgniter\CodeIgniter->run()
#10 D:\WEB SERVICES\WORKPLACE\CodeIgniter\CLIENTS\rareconsultancy_CI\vendor\codeigniter4\framework\system\Commands\Server\rewrite.php(43): require_once('D:\\WEB SERVICES...')
#11 {main}
ERROR - 2022-03-07 18:55:38 --> Error connecting to the database: No connection could be made because the target machine actively refused it.

CRITICAL - 2022-03-07 18:55:38 --> Unable to connect to the database.
Main connection [MySQLi]: No connection could be made because the target machine actively refused it.

#0 D:\WEB SERVICES\WORKPLACE\CodeIgniter\CLIENTS\rareconsultancy_CI\vendor\codeigniter4\framework\system\Database\BaseConnection.php(577): CodeIgniter\Database\BaseConnection->initialize()
#1 D:\WEB SERVICES\WORKPLACE\CodeIgniter\CLIENTS\rareconsultancy_CI\vendor\codeigniter4\framework\system\Database\BaseBuilder.php(1527): CodeIgniter\Database\BaseConnection->query('SELECT COUNT(*)...', Array, false)
#2 D:\WEB SERVICES\WORKPLACE\CodeIgniter\CLIENTS\rareconsultancy_CI\vendor\codeigniter4\framework\system\Model.php(509): CodeIgniter\Database\BaseBuilder->countAllResults(true)
#3 D:\WEB SERVICES\WORKPLACE\CodeIgniter\CLIENTS\rareconsultancy_CI\vendor\codeigniter4\framework\system\Model.php(592): CodeIgniter\Model->countAllResults()
#4 D:\WEB SERVICES\WORKPLACE\CodeIgniter\CLIENTS\rareconsultancy_CI\vendor\codeigniter4\framework\system\BaseModel.php(655): CodeIgniter\Model->shouldUpdate(Array)
#5 D:\WEB SERVICES\WORKPLACE\CodeIgniter\CLIENTS\rareconsultancy_CI\app\Controllers\Contact.php(28): CodeIgniter\BaseModel->save(Array)
#6 D:\WEB SERVICES\WORKPLACE\CodeIgniter\CLIENTS\rareconsultancy_CI\vendor\codeigniter4\framework\system\CodeIgniter.php(824): App\Controllers\Contact->index()
#7 D:\WEB SERVICES\WORKPLACE\CodeIgniter\CLIENTS\rareconsultancy_CI\vendor\codeigniter4\framework\system\CodeIgniter.php(410): CodeIgniter\CodeIgniter->runController(Object(App\Controllers\Contact))
#8 D:\WEB SERVICES\WORKPLACE\CodeIgniter\CLIENTS\rareconsultancy_CI\vendor\codeigniter4\framework\system\CodeIgniter.php(318): CodeIgniter\CodeIgniter->handleRequest(NULL, Object(Config\Cache), false)
#9 D:\WEB SERVICES\WORKPLACE\CodeIgniter\CLIENTS\rareconsultancy_CI\public\index.php(37): CodeIgniter\CodeIgniter->run()
#10 D:\WEB SERVICES\WORKPLACE\CodeIgniter\CLIENTS\rareconsultancy_CI\vendor\codeigniter4\framework\system\Commands\Server\rewrite.php(43): require_once('D:\\WEB SERVICES...')
#11 {main}
