CRITICAL - 2021-11-30 11:32:44 --> Invalid file: templates.php
#0 D:\WEB SERVICES\WORKPLACE\CodeIgniter\rareconsultancy_CI\vendor\codeigniter4\framework\system\View\View.php(198): CodeIgniter\Exceptions\FrameworkException::forInvalidFile('templates.php')
#1 D:\WEB SERVICES\WORKPLACE\CodeIgniter\rareconsultancy_CI\vendor\codeigniter4\framework\system\View\View.php(230): CodeIgniter\View\View->render('templates', Array, true)
#2 D:\WEB SERVICES\WORKPLACE\CodeIgniter\rareconsultancy_CI\vendor\codeigniter4\framework\system\Common.php(1097): CodeIgniter\View\View->render('pages/trainings', Array, true)
#3 D:\WEB SERVICES\WORKPLACE\CodeIgniter\rareconsultancy_CI\app\Controllers\Pages.php(30): view('pages/trainings', Array)
#4 D:\WEB SERVICES\WORKPLACE\CodeIgniter\rareconsultancy_CI\vendor\codeigniter4\framework\system\CodeIgniter.php(824): App\Controllers\Pages->trainings()
#5 D:\WEB SERVICES\WORKPLACE\CodeIgniter\rareconsultancy_CI\vendor\codeigniter4\framework\system\CodeIgniter.php(410): CodeIgniter\CodeIgniter->runController(Object(App\Controllers\Pages))
#6 D:\WEB SERVICES\WORKPLACE\CodeIgniter\rareconsultancy_CI\vendor\codeigniter4\framework\system\CodeIgniter.php(318): CodeIgniter\CodeIgniter->handleRequest(NULL, Object(Config\Cache), false)
#7 D:\WEB SERVICES\WORKPLACE\CodeIgniter\rareconsultancy_CI\public\index.php(37): CodeIgniter\CodeIgniter->run()
#8 D:\WEB SERVICES\WORKPLACE\CodeIgniter\rareconsultancy_CI\vendor\codeigniter4\framework\system\Commands\Server\rewrite.php(43): require_once('D:\\WEB SERVICES...')
#9 {main}
CRITICAL - 2021-11-30 13:04:46 --> Call to a member function library() on null
#0 D:\WEB SERVICES\WORKPLACE\CodeIgniter\rareconsultancy_CI\vendor\codeigniter4\framework\system\CodeIgniter.php(824): App\Controllers\Dashboard->create_post()
#1 D:\WEB SERVICES\WORKPLACE\CodeIgniter\rareconsultancy_CI\vendor\codeigniter4\framework\system\CodeIgniter.php(410): CodeIgniter\CodeIgniter->runController(Object(App\Controllers\Dashboard))
#2 D:\WEB SERVICES\WORKPLACE\CodeIgniter\rareconsultancy_CI\vendor\codeigniter4\framework\system\CodeIgniter.php(318): CodeIgniter\CodeIgniter->handleRequest(NULL, Object(Config\Cache), false)
#3 D:\WEB SERVICES\WORKPLACE\CodeIgniter\rareconsultancy_CI\public\index.php(37): CodeIgniter\CodeIgniter->run()
#4 D:\WEB SERVICES\WORKPLACE\CodeIgniter\rareconsultancy_CI\vendor\codeigniter4\framework\system\Commands\Server\rewrite.php(43): require_once('D:\\WEB SERVICES...')
#5 {main}
CRITICAL - 2021-11-30 13:11:38 --> Call to undefined function form_textarea()
#0 D:\WEB SERVICES\WORKPLACE\CodeIgniter\rareconsultancy_CI\vendor\codeigniter4\framework\system\View\View.php(214): include()
#1 D:\WEB SERVICES\WORKPLACE\CodeIgniter\rareconsultancy_CI\vendor\codeigniter4\framework\system\View\View.php(217): CodeIgniter\View\View->CodeIgniter\View\{closure}()
#2 D:\WEB SERVICES\WORKPLACE\CodeIgniter\rareconsultancy_CI\vendor\codeigniter4\framework\system\Common.php(1097): CodeIgniter\View\View->render('dashboard/post-...', Array, true)
#3 D:\WEB SERVICES\WORKPLACE\CodeIgniter\rareconsultancy_CI\app\Controllers\Dashboard.php(29): view('dashboard/post-...')
#4 D:\WEB SERVICES\WORKPLACE\CodeIgniter\rareconsultancy_CI\vendor\codeigniter4\framework\system\CodeIgniter.php(824): App\Controllers\Dashboard->create_post()
#5 D:\WEB SERVICES\WORKPLACE\CodeIgniter\rareconsultancy_CI\vendor\codeigniter4\framework\system\CodeIgniter.php(410): CodeIgniter\CodeIgniter->runController(Object(App\Controllers\Dashboard))
#6 D:\WEB SERVICES\WORKPLACE\CodeIgniter\rareconsultancy_CI\vendor\codeigniter4\framework\system\CodeIgniter.php(318): CodeIgniter\CodeIgniter->handleRequest(NULL, Object(Config\Cache), false)
#7 D:\WEB SERVICES\WORKPLACE\CodeIgniter\rareconsultancy_CI\public\index.php(37): CodeIgniter\CodeIgniter->run()
#8 D:\WEB SERVICES\WORKPLACE\CodeIgniter\rareconsultancy_CI\vendor\codeigniter4\framework\system\Commands\Server\rewrite.php(43): require_once('D:\\WEB SERVICES...')
#9 {main}
CRITICAL - 2021-11-30 13:22:33 --> Call to undefined function form_textarea()
#0 D:\WEB SERVICES\WORKPLACE\CodeIgniter\rareconsultancy_CI\vendor\codeigniter4\framework\system\View\View.php(214): include()
#1 D:\WEB SERVICES\WORKPLACE\CodeIgniter\rareconsultancy_CI\vendor\codeigniter4\framework\system\View\View.php(217): CodeIgniter\View\View->CodeIgniter\View\{closure}()
#2 D:\WEB SERVICES\WORKPLACE\CodeIgniter\rareconsultancy_CI\vendor\codeigniter4\framework\system\Common.php(1097): CodeIgniter\View\View->render('dashboard/post-...', Array, true)
#3 D:\WEB SERVICES\WORKPLACE\CodeIgniter\rareconsultancy_CI\app\Controllers\Dashboard.php(29): view('dashboard/post-...')
#4 D:\WEB SERVICES\WORKPLACE\CodeIgniter\rareconsultancy_CI\vendor\codeigniter4\framework\system\CodeIgniter.php(824): App\Controllers\Dashboard->create_post()
#5 D:\WEB SERVICES\WORKPLACE\CodeIgniter\rareconsultancy_CI\vendor\codeigniter4\framework\system\CodeIgniter.php(410): CodeIgniter\CodeIgniter->runController(Object(App\Controllers\Dashboard))
#6 D:\WEB SERVICES\WORKPLACE\CodeIgniter\rareconsultancy_CI\vendor\codeigniter4\framework\system\CodeIgniter.php(318): CodeIgniter\CodeIgniter->handleRequest(NULL, Object(Config\Cache), false)
#7 D:\WEB SERVICES\WORKPLACE\CodeIgniter\rareconsultancy_CI\public\index.php(37): CodeIgniter\CodeIgniter->run()
#8 D:\WEB SERVICES\WORKPLACE\CodeIgniter\rareconsultancy_CI\vendor\codeigniter4\framework\system\Commands\Server\rewrite.php(43): require_once('D:\\WEB SERVICES...')
#9 {main}
