CRITICAL - 2021-11-27 04:13:26 --> Undefined constant "CodeIgniter\Database\MySQLi\MYSQLI_STORE_RESULT"
#0 D:\WEB SERVICES\WORKPLACE\CodeIgniter\rareconsultancy_CI\vendor\codeigniter4\framework\system\Database\Database.php(56): CodeIgniter\Database\Database->initDriver('MySQLi', 'CodeIgniter\\Dat...', Array)
#1 D:\WEB SERVICES\WORKPLACE\CodeIgniter\rareconsultancy_CI\vendor\codeigniter4\framework\system\Database\Config.php(78): CodeIgniter\Database\Database->load(Array, 'default')
#2 D:\WEB SERVICES\WORKPLACE\CodeIgniter\rareconsultancy_CI\vendor\codeigniter4\framework\system\Model.php(97): CodeIgniter\Database\Config::connect('default')
#3 D:\WEB SERVICES\WORKPLACE\CodeIgniter\rareconsultancy_CI\app\Controllers\ContactForm.php(33): CodeIgniter\Model->__construct()
#4 D:\WEB SERVICES\WORKPLACE\CodeIgniter\rareconsultancy_CI\vendor\codeigniter4\framework\system\CodeIgniter.php(824): App\Controllers\ContactForm->formValidation()
#5 D:\WEB SERVICES\WORKPLACE\CodeIgniter\rareconsultancy_CI\vendor\codeigniter4\framework\system\CodeIgniter.php(410): CodeIgniter\CodeIgniter->runController(Object(App\Controllers\ContactForm))
#6 D:\WEB SERVICES\WORKPLACE\CodeIgniter\rareconsultancy_CI\vendor\codeigniter4\framework\system\CodeIgniter.php(318): CodeIgniter\CodeIgniter->handleRequest(NULL, Object(Config\Cache), false)
#7 D:\WEB SERVICES\WORKPLACE\CodeIgniter\rareconsultancy_CI\public\index.php(37): CodeIgniter\CodeIgniter->run()
#8 D:\WEB SERVICES\WORKPLACE\CodeIgniter\rareconsultancy_CI\vendor\codeigniter4\framework\system\Commands\Server\rewrite.php(43): require_once('D:\\WEB SERVICES...')
#9 {main}
CRITICAL - 2021-11-27 04:19:53 --> Undefined constant "CodeIgniter\Database\MySQLi\MYSQLI_STORE_RESULT"
#0 D:\WEB SERVICES\WORKPLACE\CodeIgniter\rareconsultancy_CI\vendor\codeigniter4\framework\system\Database\Database.php(56): CodeIgniter\Database\Database->initDriver('MySQLi', 'CodeIgniter\\Dat...', Array)
#1 D:\WEB SERVICES\WORKPLACE\CodeIgniter\rareconsultancy_CI\vendor\codeigniter4\framework\system\Database\Config.php(78): CodeIgniter\Database\Database->load(Array, 'default')
#2 D:\WEB SERVICES\WORKPLACE\CodeIgniter\rareconsultancy_CI\vendor\codeigniter4\framework\system\Model.php(97): CodeIgniter\Database\Config::connect('default')
#3 D:\WEB SERVICES\WORKPLACE\CodeIgniter\rareconsultancy_CI\app\Controllers\ContactForm.php(33): CodeIgniter\Model->__construct()
#4 D:\WEB SERVICES\WORKPLACE\CodeIgniter\rareconsultancy_CI\vendor\codeigniter4\framework\system\CodeIgniter.php(824): App\Controllers\ContactForm->formValidation()
#5 D:\WEB SERVICES\WORKPLACE\CodeIgniter\rareconsultancy_CI\vendor\codeigniter4\framework\system\CodeIgniter.php(410): CodeIgniter\CodeIgniter->runController(Object(App\Controllers\ContactForm))
#6 D:\WEB SERVICES\WORKPLACE\CodeIgniter\rareconsultancy_CI\vendor\codeigniter4\framework\system\CodeIgniter.php(318): CodeIgniter\CodeIgniter->handleRequest(NULL, Object(Config\Cache), false)
#7 D:\WEB SERVICES\WORKPLACE\CodeIgniter\rareconsultancy_CI\public\index.php(37): CodeIgniter\CodeIgniter->run()
#8 D:\WEB SERVICES\WORKPLACE\CodeIgniter\rareconsultancy_CI\vendor\codeigniter4\framework\system\Commands\Server\rewrite.php(43): require_once('D:\\WEB SERVICES...')
#9 {main}
CRITICAL - 2021-11-27 04:21:26 --> Undefined constant "CodeIgniter\Database\MySQLi\MYSQLI_STORE_RESULT"
#0 D:\WEB SERVICES\WORKPLACE\CodeIgniter\rareconsultancy_CI\vendor\codeigniter4\framework\system\Database\Database.php(56): CodeIgniter\Database\Database->initDriver('MySQLi', 'CodeIgniter\\Dat...', Array)
#1 D:\WEB SERVICES\WORKPLACE\CodeIgniter\rareconsultancy_CI\vendor\codeigniter4\framework\system\Database\Config.php(78): CodeIgniter\Database\Database->load(Array, 'default')
#2 D:\WEB SERVICES\WORKPLACE\CodeIgniter\rareconsultancy_CI\vendor\codeigniter4\framework\system\Model.php(97): CodeIgniter\Database\Config::connect('default')
#3 D:\WEB SERVICES\WORKPLACE\CodeIgniter\rareconsultancy_CI\app\Controllers\ContactForm.php(33): CodeIgniter\Model->__construct()
#4 D:\WEB SERVICES\WORKPLACE\CodeIgniter\rareconsultancy_CI\vendor\codeigniter4\framework\system\CodeIgniter.php(824): App\Controllers\ContactForm->formValidation()
#5 D:\WEB SERVICES\WORKPLACE\CodeIgniter\rareconsultancy_CI\vendor\codeigniter4\framework\system\CodeIgniter.php(410): CodeIgniter\CodeIgniter->runController(Object(App\Controllers\ContactForm))
#6 D:\WEB SERVICES\WORKPLACE\CodeIgniter\rareconsultancy_CI\vendor\codeigniter4\framework\system\CodeIgniter.php(318): CodeIgniter\CodeIgniter->handleRequest(NULL, Object(Config\Cache), false)
#7 D:\WEB SERVICES\WORKPLACE\CodeIgniter\rareconsultancy_CI\public\index.php(37): CodeIgniter\CodeIgniter->run()
#8 D:\WEB SERVICES\WORKPLACE\CodeIgniter\rareconsultancy_CI\vendor\codeigniter4\framework\system\Commands\Server\rewrite.php(43): require_once('D:\\WEB SERVICES...')
#9 {main}
CRITICAL - 2021-11-27 04:25:03 --> Undefined constant "CodeIgniter\Database\MySQLi\MYSQLI_STORE_RESULT"
#0 D:\WEB SERVICES\WORKPLACE\CodeIgniter\rareconsultancy_CI\vendor\codeigniter4\framework\system\Database\Database.php(56): CodeIgniter\Database\Database->initDriver('MySQLi', 'CodeIgniter\\Dat...', Array)
#1 D:\WEB SERVICES\WORKPLACE\CodeIgniter\rareconsultancy_CI\vendor\codeigniter4\framework\system\Database\Config.php(78): CodeIgniter\Database\Database->load(Array, 'default')
#2 D:\WEB SERVICES\WORKPLACE\CodeIgniter\rareconsultancy_CI\vendor\codeigniter4\framework\system\Model.php(97): CodeIgniter\Database\Config::connect('default')
#3 D:\WEB SERVICES\WORKPLACE\CodeIgniter\rareconsultancy_CI\app\Controllers\ContactForm.php(34): CodeIgniter\Model->__construct()
#4 D:\WEB SERVICES\WORKPLACE\CodeIgniter\rareconsultancy_CI\vendor\codeigniter4\framework\system\CodeIgniter.php(824): App\Controllers\ContactForm->formValidation()
#5 D:\WEB SERVICES\WORKPLACE\CodeIgniter\rareconsultancy_CI\vendor\codeigniter4\framework\system\CodeIgniter.php(410): CodeIgniter\CodeIgniter->runController(Object(App\Controllers\ContactForm))
#6 D:\WEB SERVICES\WORKPLACE\CodeIgniter\rareconsultancy_CI\vendor\codeigniter4\framework\system\CodeIgniter.php(318): CodeIgniter\CodeIgniter->handleRequest(NULL, Object(Config\Cache), false)
#7 D:\WEB SERVICES\WORKPLACE\CodeIgniter\rareconsultancy_CI\public\index.php(37): CodeIgniter\CodeIgniter->run()
#8 D:\WEB SERVICES\WORKPLACE\CodeIgniter\rareconsultancy_CI\vendor\codeigniter4\framework\system\Commands\Server\rewrite.php(43): require_once('D:\\WEB SERVICES...')
#9 {main}
CRITICAL - 2021-11-27 04:27:24 --> Undefined constant "CodeIgniter\Database\MySQLi\MYSQLI_STORE_RESULT"
#0 D:\WEB SERVICES\WORKPLACE\CodeIgniter\rareconsultancy_CI\vendor\codeigniter4\framework\system\Database\Database.php(56): CodeIgniter\Database\Database->initDriver('MySQLi', 'CodeIgniter\\Dat...', Array)
#1 D:\WEB SERVICES\WORKPLACE\CodeIgniter\rareconsultancy_CI\vendor\codeigniter4\framework\system\Database\Config.php(78): CodeIgniter\Database\Database->load(Array, 'default')
#2 D:\WEB SERVICES\WORKPLACE\CodeIgniter\rareconsultancy_CI\vendor\codeigniter4\framework\system\Model.php(97): CodeIgniter\Database\Config::connect('default')
#3 D:\WEB SERVICES\WORKPLACE\CodeIgniter\rareconsultancy_CI\app\Controllers\ContactForm.php(34): CodeIgniter\Model->__construct()
#4 D:\WEB SERVICES\WORKPLACE\CodeIgniter\rareconsultancy_CI\vendor\codeigniter4\framework\system\CodeIgniter.php(824): App\Controllers\ContactForm->formValidation()
#5 D:\WEB SERVICES\WORKPLACE\CodeIgniter\rareconsultancy_CI\vendor\codeigniter4\framework\system\CodeIgniter.php(410): CodeIgniter\CodeIgniter->runController(Object(App\Controllers\ContactForm))
#6 D:\WEB SERVICES\WORKPLACE\CodeIgniter\rareconsultancy_CI\vendor\codeigniter4\framework\system\CodeIgniter.php(318): CodeIgniter\CodeIgniter->handleRequest(NULL, Object(Config\Cache), false)
#7 D:\WEB SERVICES\WORKPLACE\CodeIgniter\rareconsultancy_CI\public\index.php(37): CodeIgniter\CodeIgniter->run()
#8 D:\WEB SERVICES\WORKPLACE\CodeIgniter\rareconsultancy_CI\vendor\codeigniter4\framework\system\Commands\Server\rewrite.php(43): require_once('D:\\WEB SERVICES...')
#9 {main}
CRITICAL - 2021-11-27 04:46:40 --> Undefined constant "CodeIgniter\Database\MySQLi\MYSQLI_STORE_RESULT"
#0 D:\WEB SERVICES\WORKPLACE\CodeIgniter\rareconsultancy_CI\vendor\codeigniter4\framework\system\Database\Database.php(56): CodeIgniter\Database\Database->initDriver('MySQLi', 'CodeIgniter\\Dat...', Array)
#1 D:\WEB SERVICES\WORKPLACE\CodeIgniter\rareconsultancy_CI\vendor\codeigniter4\framework\system\Database\Config.php(78): CodeIgniter\Database\Database->load(Array, 'default')
#2 D:\WEB SERVICES\WORKPLACE\CodeIgniter\rareconsultancy_CI\vendor\codeigniter4\framework\system\Model.php(97): CodeIgniter\Database\Config::connect('default')
#3 D:\WEB SERVICES\WORKPLACE\CodeIgniter\rareconsultancy_CI\app\Controllers\ContactForm.php(34): CodeIgniter\Model->__construct()
#4 D:\WEB SERVICES\WORKPLACE\CodeIgniter\rareconsultancy_CI\vendor\codeigniter4\framework\system\CodeIgniter.php(824): App\Controllers\ContactForm->formValidation()
#5 D:\WEB SERVICES\WORKPLACE\CodeIgniter\rareconsultancy_CI\vendor\codeigniter4\framework\system\CodeIgniter.php(410): CodeIgniter\CodeIgniter->runController(Object(App\Controllers\ContactForm))
#6 D:\WEB SERVICES\WORKPLACE\CodeIgniter\rareconsultancy_CI\vendor\codeigniter4\framework\system\CodeIgniter.php(318): CodeIgniter\CodeIgniter->handleRequest(NULL, Object(Config\Cache), false)
#7 D:\WEB SERVICES\WORKPLACE\CodeIgniter\rareconsultancy_CI\public\index.php(37): CodeIgniter\CodeIgniter->run()
#8 D:\WEB SERVICES\WORKPLACE\CodeIgniter\rareconsultancy_CI\vendor\codeigniter4\framework\system\Commands\Server\rewrite.php(43): require_once('D:\\WEB SERVICES...')
#9 {main}
CRITICAL - 2021-11-27 05:14:12 --> Undefined constant "CodeIgniter\Database\MySQLi\MYSQLI_STORE_RESULT"
#0 D:\WEB SERVICES\WORKPLACE\CodeIgniter\rareconsultancy_CI\vendor\codeigniter4\framework\system\Database\Database.php(56): CodeIgniter\Database\Database->initDriver('MySQLi', 'CodeIgniter\\Dat...', Array)
#1 D:\WEB SERVICES\WORKPLACE\CodeIgniter\rareconsultancy_CI\vendor\codeigniter4\framework\system\Database\Config.php(78): CodeIgniter\Database\Database->load(Array, 'default')
#2 D:\WEB SERVICES\WORKPLACE\CodeIgniter\rareconsultancy_CI\vendor\codeigniter4\framework\system\Model.php(97): CodeIgniter\Database\Config::connect('default')
#3 D:\WEB SERVICES\WORKPLACE\CodeIgniter\rareconsultancy_CI\app\Controllers\ContactForm.php(34): CodeIgniter\Model->__construct()
#4 D:\WEB SERVICES\WORKPLACE\CodeIgniter\rareconsultancy_CI\vendor\codeigniter4\framework\system\CodeIgniter.php(824): App\Controllers\ContactForm->formValidation()
#5 D:\WEB SERVICES\WORKPLACE\CodeIgniter\rareconsultancy_CI\vendor\codeigniter4\framework\system\CodeIgniter.php(410): CodeIgniter\CodeIgniter->runController(Object(App\Controllers\ContactForm))
#6 D:\WEB SERVICES\WORKPLACE\CodeIgniter\rareconsultancy_CI\vendor\codeigniter4\framework\system\CodeIgniter.php(318): CodeIgniter\CodeIgniter->handleRequest(NULL, Object(Config\Cache), false)
#7 D:\WEB SERVICES\WORKPLACE\CodeIgniter\rareconsultancy_CI\public\index.php(37): CodeIgniter\CodeIgniter->run()
#8 D:\WEB SERVICES\WORKPLACE\CodeIgniter\rareconsultancy_CI\vendor\codeigniter4\framework\system\Commands\Server\rewrite.php(43): require_once('D:\\WEB SERVICES...')
#9 {main}
CRITICAL - 2021-11-27 05:20:00 --> Undefined constant "CodeIgniter\Database\MySQLi\MYSQLI_STORE_RESULT"
#0 D:\WEB SERVICES\WORKPLACE\CodeIgniter\rareconsultancy_CI\vendor\codeigniter4\framework\system\Database\Database.php(56): CodeIgniter\Database\Database->initDriver('MySQLi', 'CodeIgniter\\Dat...', Array)
#1 D:\WEB SERVICES\WORKPLACE\CodeIgniter\rareconsultancy_CI\vendor\codeigniter4\framework\system\Database\Config.php(78): CodeIgniter\Database\Database->load(Array, 'default')
#2 D:\WEB SERVICES\WORKPLACE\CodeIgniter\rareconsultancy_CI\vendor\codeigniter4\framework\system\Model.php(97): CodeIgniter\Database\Config::connect('default')
#3 D:\WEB SERVICES\WORKPLACE\CodeIgniter\rareconsultancy_CI\app\Controllers\ContactForm.php(34): CodeIgniter\Model->__construct()
#4 D:\WEB SERVICES\WORKPLACE\CodeIgniter\rareconsultancy_CI\vendor\codeigniter4\framework\system\CodeIgniter.php(824): App\Controllers\ContactForm->formValidation()
#5 D:\WEB SERVICES\WORKPLACE\CodeIgniter\rareconsultancy_CI\vendor\codeigniter4\framework\system\CodeIgniter.php(410): CodeIgniter\CodeIgniter->runController(Object(App\Controllers\ContactForm))
#6 D:\WEB SERVICES\WORKPLACE\CodeIgniter\rareconsultancy_CI\vendor\codeigniter4\framework\system\CodeIgniter.php(318): CodeIgniter\CodeIgniter->handleRequest(NULL, Object(Config\Cache), false)
#7 D:\WEB SERVICES\WORKPLACE\CodeIgniter\rareconsultancy_CI\public\index.php(37): CodeIgniter\CodeIgniter->run()
#8 D:\WEB SERVICES\WORKPLACE\CodeIgniter\rareconsultancy_CI\vendor\codeigniter4\framework\system\Commands\Server\rewrite.php(43): require_once('D:\\WEB SERVICES...')
#9 {main}
CRITICAL - 2021-11-27 05:27:03 --> Undefined constant "CodeIgniter\Database\MySQLi\MYSQLI_STORE_RESULT"
#0 D:\WEB SERVICES\WORKPLACE\CodeIgniter\rareconsultancy_CI\vendor\codeigniter4\framework\system\Database\Database.php(56): CodeIgniter\Database\Database->initDriver('MySQLi', 'CodeIgniter\\Dat...', Array)
#1 D:\WEB SERVICES\WORKPLACE\CodeIgniter\rareconsultancy_CI\vendor\codeigniter4\framework\system\Database\Config.php(78): CodeIgniter\Database\Database->load(Array, 'default')
#2 D:\WEB SERVICES\WORKPLACE\CodeIgniter\rareconsultancy_CI\vendor\codeigniter4\framework\system\Model.php(97): CodeIgniter\Database\Config::connect('default')
#3 D:\WEB SERVICES\WORKPLACE\CodeIgniter\rareconsultancy_CI\app\Controllers\ContactForm.php(34): CodeIgniter\Model->__construct()
#4 D:\WEB SERVICES\WORKPLACE\CodeIgniter\rareconsultancy_CI\vendor\codeigniter4\framework\system\CodeIgniter.php(824): App\Controllers\ContactForm->formValidation()
#5 D:\WEB SERVICES\WORKPLACE\CodeIgniter\rareconsultancy_CI\vendor\codeigniter4\framework\system\CodeIgniter.php(410): CodeIgniter\CodeIgniter->runController(Object(App\Controllers\ContactForm))
#6 D:\WEB SERVICES\WORKPLACE\CodeIgniter\rareconsultancy_CI\vendor\codeigniter4\framework\system\CodeIgniter.php(318): CodeIgniter\CodeIgniter->handleRequest(NULL, Object(Config\Cache), false)
#7 D:\WEB SERVICES\WORKPLACE\CodeIgniter\rareconsultancy_CI\public\index.php(37): CodeIgniter\CodeIgniter->run()
#8 D:\WEB SERVICES\WORKPLACE\CodeIgniter\rareconsultancy_CI\vendor\codeigniter4\framework\system\Commands\Server\rewrite.php(43): require_once('D:\\WEB SERVICES...')
#9 {main}
CRITICAL - 2021-11-27 14:32:19 --> Undefined constant "CodeIgniter\Database\MySQLi\MYSQLI_STORE_RESULT"
#0 D:\WEB SERVICES\WORKPLACE\CodeIgniter\rareconsultancy_CI\vendor\codeigniter4\framework\system\Database\Database.php(56): CodeIgniter\Database\Database->initDriver('MySQLi', 'CodeIgniter\\Dat...', Array)
#1 D:\WEB SERVICES\WORKPLACE\CodeIgniter\rareconsultancy_CI\vendor\codeigniter4\framework\system\Database\Config.php(78): CodeIgniter\Database\Database->load(Array, 'default')
#2 D:\WEB SERVICES\WORKPLACE\CodeIgniter\rareconsultancy_CI\vendor\codeigniter4\framework\system\Model.php(97): CodeIgniter\Database\Config::connect('default')
#3 D:\WEB SERVICES\WORKPLACE\CodeIgniter\rareconsultancy_CI\app\Controllers\ContactForm.php(34): CodeIgniter\Model->__construct()
#4 D:\WEB SERVICES\WORKPLACE\CodeIgniter\rareconsultancy_CI\vendor\codeigniter4\framework\system\CodeIgniter.php(824): App\Controllers\ContactForm->formValidation()
#5 D:\WEB SERVICES\WORKPLACE\CodeIgniter\rareconsultancy_CI\vendor\codeigniter4\framework\system\CodeIgniter.php(410): CodeIgniter\CodeIgniter->runController(Object(App\Controllers\ContactForm))
#6 D:\WEB SERVICES\WORKPLACE\CodeIgniter\rareconsultancy_CI\vendor\codeigniter4\framework\system\CodeIgniter.php(318): CodeIgniter\CodeIgniter->handleRequest(NULL, Object(Config\Cache), false)
#7 D:\WEB SERVICES\WORKPLACE\CodeIgniter\rareconsultancy_CI\public\index.php(37): CodeIgniter\CodeIgniter->run()
#8 D:\WEB SERVICES\WORKPLACE\CodeIgniter\rareconsultancy_CI\vendor\codeigniter4\framework\system\Commands\Server\rewrite.php(43): require_once('D:\\WEB SERVICES...')
#9 {main}
CRITICAL - 2021-11-27 14:40:50 --> Undefined constant "CodeIgniter\Database\MySQLi\MYSQLI_STORE_RESULT"
#0 D:\WEB SERVICES\WORKPLACE\CodeIgniter\rareconsultancy_CI\vendor\codeigniter4\framework\system\Database\Database.php(56): CodeIgniter\Database\Database->initDriver('MySQLi', 'CodeIgniter\\Dat...', Array)
#1 D:\WEB SERVICES\WORKPLACE\CodeIgniter\rareconsultancy_CI\vendor\codeigniter4\framework\system\Database\Config.php(78): CodeIgniter\Database\Database->load(Array, 'default')
#2 D:\WEB SERVICES\WORKPLACE\CodeIgniter\rareconsultancy_CI\vendor\codeigniter4\framework\system\Model.php(97): CodeIgniter\Database\Config::connect('default')
#3 D:\WEB SERVICES\WORKPLACE\CodeIgniter\rareconsultancy_CI\app\Controllers\ContactForm.php(34): CodeIgniter\Model->__construct()
#4 D:\WEB SERVICES\WORKPLACE\CodeIgniter\rareconsultancy_CI\vendor\codeigniter4\framework\system\CodeIgniter.php(824): App\Controllers\ContactForm->formValidation()
#5 D:\WEB SERVICES\WORKPLACE\CodeIgniter\rareconsultancy_CI\vendor\codeigniter4\framework\system\CodeIgniter.php(410): CodeIgniter\CodeIgniter->runController(Object(App\Controllers\ContactForm))
#6 D:\WEB SERVICES\WORKPLACE\CodeIgniter\rareconsultancy_CI\vendor\codeigniter4\framework\system\CodeIgniter.php(318): CodeIgniter\CodeIgniter->handleRequest(NULL, Object(Config\Cache), false)
#7 D:\WEB SERVICES\WORKPLACE\CodeIgniter\rareconsultancy_CI\public\index.php(37): CodeIgniter\CodeIgniter->run()
#8 D:\WEB SERVICES\WORKPLACE\CodeIgniter\rareconsultancy_CI\vendor\codeigniter4\framework\system\Commands\Server\rewrite.php(43): require_once('D:\\WEB SERVICES...')
#9 {main}
CRITICAL - 2021-11-27 14:42:40 --> Undefined constant "CodeIgniter\Database\MySQLi\MYSQLI_STORE_RESULT"
#0 D:\WEB SERVICES\WORKPLACE\CodeIgniter\rareconsultancy_CI\vendor\codeigniter4\framework\system\Database\Database.php(56): CodeIgniter\Database\Database->initDriver('MySQLi', 'CodeIgniter\\Dat...', Array)
#1 D:\WEB SERVICES\WORKPLACE\CodeIgniter\rareconsultancy_CI\vendor\codeigniter4\framework\system\Database\Config.php(78): CodeIgniter\Database\Database->load(Array, 'default')
#2 D:\WEB SERVICES\WORKPLACE\CodeIgniter\rareconsultancy_CI\vendor\codeigniter4\framework\system\Model.php(97): CodeIgniter\Database\Config::connect('default')
#3 D:\WEB SERVICES\WORKPLACE\CodeIgniter\rareconsultancy_CI\app\Controllers\ContactForm.php(33): CodeIgniter\Model->__construct()
#4 D:\WEB SERVICES\WORKPLACE\CodeIgniter\rareconsultancy_CI\vendor\codeigniter4\framework\system\CodeIgniter.php(824): App\Controllers\ContactForm->formValidation()
#5 D:\WEB SERVICES\WORKPLACE\CodeIgniter\rareconsultancy_CI\vendor\codeigniter4\framework\system\CodeIgniter.php(410): CodeIgniter\CodeIgniter->runController(Object(App\Controllers\ContactForm))
#6 D:\WEB SERVICES\WORKPLACE\CodeIgniter\rareconsultancy_CI\vendor\codeigniter4\framework\system\CodeIgniter.php(318): CodeIgniter\CodeIgniter->handleRequest(NULL, Object(Config\Cache), false)
#7 D:\WEB SERVICES\WORKPLACE\CodeIgniter\rareconsultancy_CI\public\index.php(37): CodeIgniter\CodeIgniter->run()
#8 D:\WEB SERVICES\WORKPLACE\CodeIgniter\rareconsultancy_CI\vendor\codeigniter4\framework\system\Commands\Server\rewrite.php(43): require_once('D:\\WEB SERVICES...')
#9 {main}
CRITICAL - 2021-11-27 14:48:36 --> Class "CodeIgniter\Database\mysqlnd\Connection" not found
#0 D:\WEB SERVICES\WORKPLACE\CodeIgniter\rareconsultancy_CI\vendor\codeigniter4\framework\system\Database\Database.php(56): CodeIgniter\Database\Database->initDriver('mysqlnd', 'CodeIgniter\\Dat...', Array)
#1 D:\WEB SERVICES\WORKPLACE\CodeIgniter\rareconsultancy_CI\vendor\codeigniter4\framework\system\Database\Config.php(78): CodeIgniter\Database\Database->load(Array, 'default')
#2 D:\WEB SERVICES\WORKPLACE\CodeIgniter\rareconsultancy_CI\vendor\codeigniter4\framework\system\Model.php(97): CodeIgniter\Database\Config::connect('default')
#3 D:\WEB SERVICES\WORKPLACE\CodeIgniter\rareconsultancy_CI\app\Controllers\ContactForm.php(33): CodeIgniter\Model->__construct()
#4 D:\WEB SERVICES\WORKPLACE\CodeIgniter\rareconsultancy_CI\vendor\codeigniter4\framework\system\CodeIgniter.php(824): App\Controllers\ContactForm->formValidation()
#5 D:\WEB SERVICES\WORKPLACE\CodeIgniter\rareconsultancy_CI\vendor\codeigniter4\framework\system\CodeIgniter.php(410): CodeIgniter\CodeIgniter->runController(Object(App\Controllers\ContactForm))
#6 D:\WEB SERVICES\WORKPLACE\CodeIgniter\rareconsultancy_CI\vendor\codeigniter4\framework\system\CodeIgniter.php(318): CodeIgniter\CodeIgniter->handleRequest(NULL, Object(Config\Cache), false)
#7 D:\WEB SERVICES\WORKPLACE\CodeIgniter\rareconsultancy_CI\public\index.php(37): CodeIgniter\CodeIgniter->run()
#8 D:\WEB SERVICES\WORKPLACE\CodeIgniter\rareconsultancy_CI\vendor\codeigniter4\framework\system\Commands\Server\rewrite.php(43): require_once('D:\\WEB SERVICES...')
#9 {main}
CRITICAL - 2021-11-27 14:55:18 --> Undefined constant "CodeIgniter\Database\MySQLi\MYSQLI_STORE_RESULT"
#0 D:\WEB SERVICES\WORKPLACE\CodeIgniter\rareconsultancy_CI\vendor\codeigniter4\framework\system\Database\Database.php(56): CodeIgniter\Database\Database->initDriver('MySQLi', 'CodeIgniter\\Dat...', Array)
#1 D:\WEB SERVICES\WORKPLACE\CodeIgniter\rareconsultancy_CI\vendor\codeigniter4\framework\system\Database\Config.php(78): CodeIgniter\Database\Database->load(Array, 'default')
#2 D:\WEB SERVICES\WORKPLACE\CodeIgniter\rareconsultancy_CI\vendor\codeigniter4\framework\system\Model.php(97): CodeIgniter\Database\Config::connect('default')
#3 D:\WEB SERVICES\WORKPLACE\CodeIgniter\rareconsultancy_CI\app\Controllers\ContactForm.php(33): CodeIgniter\Model->__construct()
#4 D:\WEB SERVICES\WORKPLACE\CodeIgniter\rareconsultancy_CI\vendor\codeigniter4\framework\system\CodeIgniter.php(824): App\Controllers\ContactForm->formValidation()
#5 D:\WEB SERVICES\WORKPLACE\CodeIgniter\rareconsultancy_CI\vendor\codeigniter4\framework\system\CodeIgniter.php(410): CodeIgniter\CodeIgniter->runController(Object(App\Controllers\ContactForm))
#6 D:\WEB SERVICES\WORKPLACE\CodeIgniter\rareconsultancy_CI\vendor\codeigniter4\framework\system\CodeIgniter.php(318): CodeIgniter\CodeIgniter->handleRequest(NULL, Object(Config\Cache), false)
#7 D:\WEB SERVICES\WORKPLACE\CodeIgniter\rareconsultancy_CI\public\index.php(37): CodeIgniter\CodeIgniter->run()
#8 D:\WEB SERVICES\WORKPLACE\CodeIgniter\rareconsultancy_CI\vendor\codeigniter4\framework\system\Commands\Server\rewrite.php(43): require_once('D:\\WEB SERVICES...')
#9 {main}
CRITICAL - 2021-11-27 15:10:41 --> Class "CodeIgniter\Database\mysql\Connection" not found
#0 D:\WEB SERVICES\WORKPLACE\CodeIgniter\rareconsultancy_CI\vendor\codeigniter4\framework\system\Database\Database.php(56): CodeIgniter\Database\Database->initDriver('mysql', 'CodeIgniter\\Dat...', Array)
#1 D:\WEB SERVICES\WORKPLACE\CodeIgniter\rareconsultancy_CI\vendor\codeigniter4\framework\system\Database\Config.php(78): CodeIgniter\Database\Database->load(Array, 'default')
#2 D:\WEB SERVICES\WORKPLACE\CodeIgniter\rareconsultancy_CI\vendor\codeigniter4\framework\system\Model.php(97): CodeIgniter\Database\Config::connect('default')
#3 D:\WEB SERVICES\WORKPLACE\CodeIgniter\rareconsultancy_CI\app\Controllers\ContactForm.php(33): CodeIgniter\Model->__construct()
#4 D:\WEB SERVICES\WORKPLACE\CodeIgniter\rareconsultancy_CI\vendor\codeigniter4\framework\system\CodeIgniter.php(824): App\Controllers\ContactForm->formValidation()
#5 D:\WEB SERVICES\WORKPLACE\CodeIgniter\rareconsultancy_CI\vendor\codeigniter4\framework\system\CodeIgniter.php(410): CodeIgniter\CodeIgniter->runController(Object(App\Controllers\ContactForm))
#6 D:\WEB SERVICES\WORKPLACE\CodeIgniter\rareconsultancy_CI\vendor\codeigniter4\framework\system\CodeIgniter.php(318): CodeIgniter\CodeIgniter->handleRequest(NULL, Object(Config\Cache), false)
#7 D:\WEB SERVICES\WORKPLACE\CodeIgniter\rareconsultancy_CI\public\index.php(37): CodeIgniter\CodeIgniter->run()
#8 D:\WEB SERVICES\WORKPLACE\CodeIgniter\rareconsultancy_CI\vendor\codeigniter4\framework\system\Commands\Server\rewrite.php(43): require_once('D:\\WEB SERVICES...')
#9 {main}
CRITICAL - 2021-11-27 16:14:23 --> Undefined constant "CodeIgniter\Database\MySQLi\MYSQLI_STORE_RESULT"
#0 D:\WEB SERVICES\WORKPLACE\CodeIgniter\rareconsultancy_CI\vendor\codeigniter4\framework\system\Database\Database.php(56): CodeIgniter\Database\Database->initDriver('MySQLi', 'CodeIgniter\\Dat...', Array)
#1 D:\WEB SERVICES\WORKPLACE\CodeIgniter\rareconsultancy_CI\vendor\codeigniter4\framework\system\Database\Config.php(78): CodeIgniter\Database\Database->load(Array, 'default')
#2 D:\WEB SERVICES\WORKPLACE\CodeIgniter\rareconsultancy_CI\vendor\codeigniter4\framework\system\Model.php(97): CodeIgniter\Database\Config::connect('default')
#3 D:\WEB SERVICES\WORKPLACE\CodeIgniter\rareconsultancy_CI\app\Controllers\ContactForm.php(33): CodeIgniter\Model->__construct()
#4 D:\WEB SERVICES\WORKPLACE\CodeIgniter\rareconsultancy_CI\vendor\codeigniter4\framework\system\CodeIgniter.php(824): App\Controllers\ContactForm->formValidation()
#5 D:\WEB SERVICES\WORKPLACE\CodeIgniter\rareconsultancy_CI\vendor\codeigniter4\framework\system\CodeIgniter.php(410): CodeIgniter\CodeIgniter->runController(Object(App\Controllers\ContactForm))
#6 D:\WEB SERVICES\WORKPLACE\CodeIgniter\rareconsultancy_CI\vendor\codeigniter4\framework\system\CodeIgniter.php(318): CodeIgniter\CodeIgniter->handleRequest(NULL, Object(Config\Cache), false)
#7 D:\WEB SERVICES\WORKPLACE\CodeIgniter\rareconsultancy_CI\public\index.php(37): CodeIgniter\CodeIgniter->run()
#8 D:\WEB SERVICES\WORKPLACE\CodeIgniter\rareconsultancy_CI\vendor\codeigniter4\framework\system\Commands\Server\rewrite.php(43): require_once('D:\\WEB SERVICES...')
#9 {main}
