CRITICAL - 2021-11-29 08:59:52 --> Call to undefined function CodeIgniter\locale_set_default()
#0 D:\WEB SERVICES\WORKPLACE\CodeIgniter\rareconsultancy_CI\vendor\codeigniter4\framework\system\bootstrap.php(146): CodeIgniter\CodeIgniter->initialize()
#1 D:\WEB SERVICES\WORKPLACE\CodeIgniter\rareconsultancy_CI\spark(45): require('D:\\WEB SERVICES...')
#2 {main}
CRITICAL - 2021-11-29 13:11:52 --> Invalid file: contact.php
#0 D:\WEB SERVICES\WORKPLACE\CodeIgniter\rareconsultancy_CI\vendor\codeigniter4\framework\system\View\View.php(198): CodeIgniter\Exceptions\FrameworkException::forInvalidFile('contact.php')
#1 D:\WEB SERVICES\WORKPLACE\CodeIgniter\rareconsultancy_CI\vendor\codeigniter4\framework\system\Common.php(1097): CodeIgniter\View\View->render('contact', Array, true)
#2 D:\WEB SERVICES\WORKPLACE\CodeIgniter\rareconsultancy_CI\app\Controllers\ContactForm.php(37): view('contact', Array)
#3 D:\WEB SERVICES\WORKPLACE\CodeIgniter\rareconsultancy_CI\vendor\codeigniter4\framework\system\CodeIgniter.php(824): App\Controllers\ContactForm->formValidation()
#4 D:\WEB SERVICES\WORKPLACE\CodeIgniter\rareconsultancy_CI\vendor\codeigniter4\framework\system\CodeIgniter.php(410): CodeIgniter\CodeIgniter->runController(Object(App\Controllers\ContactForm))
#5 D:\WEB SERVICES\WORKPLACE\CodeIgniter\rareconsultancy_CI\vendor\codeigniter4\framework\system\CodeIgniter.php(318): CodeIgniter\CodeIgniter->handleRequest(NULL, Object(Config\Cache), false)
#6 D:\WEB SERVICES\WORKPLACE\CodeIgniter\rareconsultancy_CI\public\index.php(37): CodeIgniter\CodeIgniter->run()
#7 D:\WEB SERVICES\WORKPLACE\CodeIgniter\rareconsultancy_CI\vendor\codeigniter4\framework\system\Commands\Server\rewrite.php(43): require_once('D:\\WEB SERVICES...')
#8 {main}
CRITICAL - 2021-11-29 13:18:20 --> Invalid file: contact.php
#0 D:\WEB SERVICES\WORKPLACE\CodeIgniter\rareconsultancy_CI\vendor\codeigniter4\framework\system\View\View.php(198): CodeIgniter\Exceptions\FrameworkException::forInvalidFile('contact.php')
#1 D:\WEB SERVICES\WORKPLACE\CodeIgniter\rareconsultancy_CI\vendor\codeigniter4\framework\system\Common.php(1097): CodeIgniter\View\View->render('contact', Array, true)
#2 D:\WEB SERVICES\WORKPLACE\CodeIgniter\rareconsultancy_CI\app\Controllers\ContactForm.php(37): view('contact', Array)
#3 D:\WEB SERVICES\WORKPLACE\CodeIgniter\rareconsultancy_CI\vendor\codeigniter4\framework\system\CodeIgniter.php(824): App\Controllers\ContactForm->formValidation()
#4 D:\WEB SERVICES\WORKPLACE\CodeIgniter\rareconsultancy_CI\vendor\codeigniter4\framework\system\CodeIgniter.php(410): CodeIgniter\CodeIgniter->runController(Object(App\Controllers\ContactForm))
#5 D:\WEB SERVICES\WORKPLACE\CodeIgniter\rareconsultancy_CI\vendor\codeigniter4\framework\system\CodeIgniter.php(318): CodeIgniter\CodeIgniter->handleRequest(NULL, Object(Config\Cache), false)
#6 D:\WEB SERVICES\WORKPLACE\CodeIgniter\rareconsultancy_CI\public\index.php(37): CodeIgniter\CodeIgniter->run()
#7 D:\WEB SERVICES\WORKPLACE\CodeIgniter\rareconsultancy_CI\vendor\codeigniter4\framework\system\Commands\Server\rewrite.php(43): require_once('D:\\WEB SERVICES...')
#8 {main}
CRITICAL - 2021-11-29 13:23:46 --> Invalid file: contact.php
#0 D:\WEB SERVICES\WORKPLACE\CodeIgniter\rareconsultancy_CI\vendor\codeigniter4\framework\system\View\View.php(198): CodeIgniter\Exceptions\FrameworkException::forInvalidFile('contact.php')
#1 D:\WEB SERVICES\WORKPLACE\CodeIgniter\rareconsultancy_CI\vendor\codeigniter4\framework\system\Common.php(1097): CodeIgniter\View\View->render('contact', Array, true)
#2 D:\WEB SERVICES\WORKPLACE\CodeIgniter\rareconsultancy_CI\app\Controllers\ContactForm.php(37): view('contact', Array)
#3 D:\WEB SERVICES\WORKPLACE\CodeIgniter\rareconsultancy_CI\vendor\codeigniter4\framework\system\CodeIgniter.php(824): App\Controllers\ContactForm->formValidation()
#4 D:\WEB SERVICES\WORKPLACE\CodeIgniter\rareconsultancy_CI\vendor\codeigniter4\framework\system\CodeIgniter.php(410): CodeIgniter\CodeIgniter->runController(Object(App\Controllers\ContactForm))
#5 D:\WEB SERVICES\WORKPLACE\CodeIgniter\rareconsultancy_CI\vendor\codeigniter4\framework\system\CodeIgniter.php(318): CodeIgniter\CodeIgniter->handleRequest(NULL, Object(Config\Cache), false)
#6 D:\WEB SERVICES\WORKPLACE\CodeIgniter\rareconsultancy_CI\public\index.php(37): CodeIgniter\CodeIgniter->run()
#7 D:\WEB SERVICES\WORKPLACE\CodeIgniter\rareconsultancy_CI\vendor\codeigniter4\framework\system\Commands\Server\rewrite.php(43): require_once('D:\\WEB SERVICES...')
#8 {main}
ERROR - 2021-11-29 13:48:03 --> Error connecting to the database: Access denied for user '****'@'localhost' (using password: YES)
CRITICAL - 2021-11-29 13:48:03 --> Unable to connect to the database.
Main connection [MySQLi]: Access denied for user '****'@'localhost' (using password: YES)
#0 D:\WEB SERVICES\WORKPLACE\CodeIgniter\rareconsultancy_CI\vendor\codeigniter4\framework\system\Database\BaseConnection.php(577): CodeIgniter\Database\BaseConnection->initialize()
#1 D:\WEB SERVICES\WORKPLACE\CodeIgniter\rareconsultancy_CI\vendor\codeigniter4\framework\system\Database\BaseBuilder.php(1443): CodeIgniter\Database\BaseConnection->query('SELECT *\nFROM `...', Array, false)
#2 D:\WEB SERVICES\WORKPLACE\CodeIgniter\rareconsultancy_CI\vendor\codeigniter4\framework\system\Model.php(183): CodeIgniter\Database\BaseBuilder->get()
#3 D:\WEB SERVICES\WORKPLACE\CodeIgniter\rareconsultancy_CI\vendor\codeigniter4\framework\system\BaseModel.php(584): CodeIgniter\Model->doFindAll(0, 0)
#4 D:\WEB SERVICES\WORKPLACE\CodeIgniter\rareconsultancy_CI\app\Models\NewsModel.php(13): CodeIgniter\BaseModel->findAll()
#5 D:\WEB SERVICES\WORKPLACE\CodeIgniter\rareconsultancy_CI\app\Controllers\News.php(15): App\Models\NewsModel->getNews()
#6 D:\WEB SERVICES\WORKPLACE\CodeIgniter\rareconsultancy_CI\vendor\codeigniter4\framework\system\CodeIgniter.php(824): App\Controllers\News->index()
#7 D:\WEB SERVICES\WORKPLACE\CodeIgniter\rareconsultancy_CI\vendor\codeigniter4\framework\system\CodeIgniter.php(410): CodeIgniter\CodeIgniter->runController(Object(App\Controllers\News))
#8 D:\WEB SERVICES\WORKPLACE\CodeIgniter\rareconsultancy_CI\vendor\codeigniter4\framework\system\CodeIgniter.php(318): CodeIgniter\CodeIgniter->handleRequest(NULL, Object(Config\Cache), false)
#9 D:\WEB SERVICES\WORKPLACE\CodeIgniter\rareconsultancy_CI\public\index.php(37): CodeIgniter\CodeIgniter->run()
#10 D:\WEB SERVICES\WORKPLACE\CodeIgniter\rareconsultancy_CI\vendor\codeigniter4\framework\system\Commands\Server\rewrite.php(43): require_once('D:\\WEB SERVICES...')
#11 {main}
ERROR - 2021-11-29 13:48:39 --> Error connecting to the database: Access denied for user '****'@'localhost' (using password: YES)
CRITICAL - 2021-11-29 13:48:39 --> Unable to connect to the database.
Main connection [MySQLi]: Access denied for user '****'@'localhost' (using password: YES)
#0 D:\WEB SERVICES\WORKPLACE\CodeIgniter\rareconsultancy_CI\vendor\codeigniter4\framework\system\Database\BaseConnection.php(577): CodeIgniter\Database\BaseConnection->initialize()
#1 D:\WEB SERVICES\WORKPLACE\CodeIgniter\rareconsultancy_CI\vendor\codeigniter4\framework\system\Database\BaseBuilder.php(1443): CodeIgniter\Database\BaseConnection->query('SELECT *\nFROM `...', Array, false)
#2 D:\WEB SERVICES\WORKPLACE\CodeIgniter\rareconsultancy_CI\vendor\codeigniter4\framework\system\Model.php(183): CodeIgniter\Database\BaseBuilder->get()
#3 D:\WEB SERVICES\WORKPLACE\CodeIgniter\rareconsultancy_CI\vendor\codeigniter4\framework\system\BaseModel.php(584): CodeIgniter\Model->doFindAll(0, 0)
#4 D:\WEB SERVICES\WORKPLACE\CodeIgniter\rareconsultancy_CI\app\Models\NewsModel.php(13): CodeIgniter\BaseModel->findAll()
#5 D:\WEB SERVICES\WORKPLACE\CodeIgniter\rareconsultancy_CI\app\Controllers\News.php(15): App\Models\NewsModel->getNews()
#6 D:\WEB SERVICES\WORKPLACE\CodeIgniter\rareconsultancy_CI\vendor\codeigniter4\framework\system\CodeIgniter.php(824): App\Controllers\News->index()
#7 D:\WEB SERVICES\WORKPLACE\CodeIgniter\rareconsultancy_CI\vendor\codeigniter4\framework\system\CodeIgniter.php(410): CodeIgniter\CodeIgniter->runController(Object(App\Controllers\News))
#8 D:\WEB SERVICES\WORKPLACE\CodeIgniter\rareconsultancy_CI\vendor\codeigniter4\framework\system\CodeIgniter.php(318): CodeIgniter\CodeIgniter->handleRequest(NULL, Object(Config\Cache), false)
#9 D:\WEB SERVICES\WORKPLACE\CodeIgniter\rareconsultancy_CI\public\index.php(37): CodeIgniter\CodeIgniter->run()
#10 D:\WEB SERVICES\WORKPLACE\CodeIgniter\rareconsultancy_CI\vendor\codeigniter4\framework\system\Commands\Server\rewrite.php(43): require_once('D:\\WEB SERVICES...')
#11 {main}
CRITICAL - 2021-11-29 14:15:31 --> syntax error, unexpected token "echo"
#0 D:\WEB SERVICES\WORKPLACE\CodeIgniter\rareconsultancy_CI\vendor\codeigniter4\framework\system\View\View.php(217): CodeIgniter\View\View->CodeIgniter\View\{closure}()
#1 D:\WEB SERVICES\WORKPLACE\CodeIgniter\rareconsultancy_CI\vendor\codeigniter4\framework\system\Common.php(1097): CodeIgniter\View\View->render('templates/heade...', Array, true)
#2 D:\WEB SERVICES\WORKPLACE\CodeIgniter\rareconsultancy_CI\app\Controllers\News.php(57): view('templates/heade...', Array)
#3 D:\WEB SERVICES\WORKPLACE\CodeIgniter\rareconsultancy_CI\vendor\codeigniter4\framework\system\CodeIgniter.php(824): App\Controllers\News->create()
#4 D:\WEB SERVICES\WORKPLACE\CodeIgniter\rareconsultancy_CI\vendor\codeigniter4\framework\system\CodeIgniter.php(410): CodeIgniter\CodeIgniter->runController(Object(App\Controllers\News))
#5 D:\WEB SERVICES\WORKPLACE\CodeIgniter\rareconsultancy_CI\vendor\codeigniter4\framework\system\CodeIgniter.php(318): CodeIgniter\CodeIgniter->handleRequest(NULL, Object(Config\Cache), false)
#6 D:\WEB SERVICES\WORKPLACE\CodeIgniter\rareconsultancy_CI\public\index.php(37): CodeIgniter\CodeIgniter->run()
#7 D:\WEB SERVICES\WORKPLACE\CodeIgniter\rareconsultancy_CI\vendor\codeigniter4\framework\system\Commands\Server\rewrite.php(43): require_once('D:\\WEB SERVICES...')
#8 {main}
CRITICAL - 2021-11-29 14:17:37 --> Allowed fields must be specified for model: App\Models\NewsModel
#0 D:\WEB SERVICES\WORKPLACE\CodeIgniter\rareconsultancy_CI\vendor\codeigniter4\framework\system\BaseModel.php(1138): CodeIgniter\Database\Exceptions\DataException::forInvalidAllowedFields('App\\Models\\News...')
#1 D:\WEB SERVICES\WORKPLACE\CodeIgniter\rareconsultancy_CI\vendor\codeigniter4\framework\system\BaseModel.php(713): CodeIgniter\BaseModel->doProtectFields(Array)
#2 D:\WEB SERVICES\WORKPLACE\CodeIgniter\rareconsultancy_CI\vendor\codeigniter4\framework\system\Model.php(620): CodeIgniter\BaseModel->insert(Array, false)
#3 D:\WEB SERVICES\WORKPLACE\CodeIgniter\rareconsultancy_CI\vendor\codeigniter4\framework\system\BaseModel.php(658): CodeIgniter\Model->insert(Array, false)
#4 D:\WEB SERVICES\WORKPLACE\CodeIgniter\rareconsultancy_CI\app\Controllers\News.php(52): CodeIgniter\BaseModel->save(Array)
#5 D:\WEB SERVICES\WORKPLACE\CodeIgniter\rareconsultancy_CI\vendor\codeigniter4\framework\system\CodeIgniter.php(824): App\Controllers\News->create()
#6 D:\WEB SERVICES\WORKPLACE\CodeIgniter\rareconsultancy_CI\vendor\codeigniter4\framework\system\CodeIgniter.php(410): CodeIgniter\CodeIgniter->runController(Object(App\Controllers\News))
#7 D:\WEB SERVICES\WORKPLACE\CodeIgniter\rareconsultancy_CI\vendor\codeigniter4\framework\system\CodeIgniter.php(318): CodeIgniter\CodeIgniter->handleRequest(NULL, Object(Config\Cache), false)
#8 D:\WEB SERVICES\WORKPLACE\CodeIgniter\rareconsultancy_CI\public\index.php(37): CodeIgniter\CodeIgniter->run()
#9 D:\WEB SERVICES\WORKPLACE\CodeIgniter\rareconsultancy_CI\vendor\codeigniter4\framework\system\Commands\Server\rewrite.php(43): require_once('D:\\WEB SERVICES...')
#10 {main}
CRITICAL - 2021-11-29 14:33:23 --> Undefined constant "assets"
#0 D:\WEB SERVICES\WORKPLACE\CodeIgniter\rareconsultancy_CI\vendor\codeigniter4\framework\system\View\View.php(214): include()
#1 D:\WEB SERVICES\WORKPLACE\CodeIgniter\rareconsultancy_CI\vendor\codeigniter4\framework\system\View\View.php(217): CodeIgniter\View\View->CodeIgniter\View\{closure}()
#2 D:\WEB SERVICES\WORKPLACE\CodeIgniter\rareconsultancy_CI\vendor\codeigniter4\framework\system\Common.php(1097): CodeIgniter\View\View->render('templates/heade...', Array, true)
#3 D:\WEB SERVICES\WORKPLACE\CodeIgniter\rareconsultancy_CI\app\Controllers\News.php(57): view('templates/heade...', Array)
#4 D:\WEB SERVICES\WORKPLACE\CodeIgniter\rareconsultancy_CI\vendor\codeigniter4\framework\system\CodeIgniter.php(824): App\Controllers\News->create()
#5 D:\WEB SERVICES\WORKPLACE\CodeIgniter\rareconsultancy_CI\vendor\codeigniter4\framework\system\CodeIgniter.php(410): CodeIgniter\CodeIgniter->runController(Object(App\Controllers\News))
#6 D:\WEB SERVICES\WORKPLACE\CodeIgniter\rareconsultancy_CI\vendor\codeigniter4\framework\system\CodeIgniter.php(318): CodeIgniter\CodeIgniter->handleRequest(NULL, Object(Config\Cache), false)
#7 D:\WEB SERVICES\WORKPLACE\CodeIgniter\rareconsultancy_CI\public\index.php(37): CodeIgniter\CodeIgniter->run()
#8 D:\WEB SERVICES\WORKPLACE\CodeIgniter\rareconsultancy_CI\vendor\codeigniter4\framework\system\Commands\Server\rewrite.php(43): require_once('D:\\WEB SERVICES...')
#9 {main}
ERROR - 2021-11-29 14:55:25 --> Error connecting to the database: No connection could be made because the target machine actively refused it
CRITICAL - 2021-11-29 14:55:25 --> Unable to connect to the database.
Main connection [MySQLi]: No connection could be made because the target machine actively refused it
#0 D:\WEB SERVICES\WORKPLACE\CodeIgniter\rareconsultancy_CI\vendor\codeigniter4\framework\system\Database\BaseConnection.php(577): CodeIgniter\Database\BaseConnection->initialize()
#1 D:\WEB SERVICES\WORKPLACE\CodeIgniter\rareconsultancy_CI\vendor\codeigniter4\framework\system\Database\BaseBuilder.php(1443): CodeIgniter\Database\BaseConnection->query('SELECT *\nFROM `...', Array, false)
#2 D:\WEB SERVICES\WORKPLACE\CodeIgniter\rareconsultancy_CI\vendor\codeigniter4\framework\system\Model.php(183): CodeIgniter\Database\BaseBuilder->get()
#3 D:\WEB SERVICES\WORKPLACE\CodeIgniter\rareconsultancy_CI\vendor\codeigniter4\framework\system\BaseModel.php(584): CodeIgniter\Model->doFindAll(0, 0)
#4 D:\WEB SERVICES\WORKPLACE\CodeIgniter\rareconsultancy_CI\app\Models\NewsModel.php(16): CodeIgniter\BaseModel->findAll()
#5 D:\WEB SERVICES\WORKPLACE\CodeIgniter\rareconsultancy_CI\app\Controllers\News.php(15): App\Models\NewsModel->getNews()
#6 D:\WEB SERVICES\WORKPLACE\CodeIgniter\rareconsultancy_CI\vendor\codeigniter4\framework\system\CodeIgniter.php(824): App\Controllers\News->index()
#7 D:\WEB SERVICES\WORKPLACE\CodeIgniter\rareconsultancy_CI\vendor\codeigniter4\framework\system\CodeIgniter.php(410): CodeIgniter\CodeIgniter->runController(Object(App\Controllers\News))
#8 D:\WEB SERVICES\WORKPLACE\CodeIgniter\rareconsultancy_CI\vendor\codeigniter4\framework\system\CodeIgniter.php(318): CodeIgniter\CodeIgniter->handleRequest(NULL, Object(Config\Cache), false)
#9 D:\WEB SERVICES\WORKPLACE\CodeIgniter\rareconsultancy_CI\public\index.php(37): CodeIgniter\CodeIgniter->run()
#10 D:\WEB SERVICES\WORKPLACE\CodeIgniter\rareconsultancy_CI\vendor\codeigniter4\framework\system\Commands\Server\rewrite.php(43): require_once('D:\\WEB SERVICES...')
#11 {main}
CRITICAL - 2021-11-29 15:42:49 --> The action you requested is not allowed.
#0 D:\WEB SERVICES\WORKPLACE\CodeIgniter\rareconsultancy_CI\vendor\codeigniter4\framework\system\Security\Security.php(277): CodeIgniter\Security\Exceptions\SecurityException::forDisallowedAction()
#1 D:\WEB SERVICES\WORKPLACE\CodeIgniter\rareconsultancy_CI\vendor\codeigniter4\framework\system\Filters\CSRF.php(53): CodeIgniter\Security\Security->verify(Object(CodeIgniter\HTTP\IncomingRequest))
#2 D:\WEB SERVICES\WORKPLACE\CodeIgniter\rareconsultancy_CI\vendor\codeigniter4\framework\system\Filters\Filters.php(173): CodeIgniter\Filters\CSRF->before(Object(CodeIgniter\HTTP\IncomingRequest), NULL)
#3 D:\WEB SERVICES\WORKPLACE\CodeIgniter\rareconsultancy_CI\vendor\codeigniter4\framework\system\CodeIgniter.php(384): CodeIgniter\Filters\Filters->run('contact', 'before')
#4 D:\WEB SERVICES\WORKPLACE\CodeIgniter\rareconsultancy_CI\vendor\codeigniter4\framework\system\CodeIgniter.php(318): CodeIgniter\CodeIgniter->handleRequest(NULL, Object(Config\Cache), false)
#5 D:\WEB SERVICES\WORKPLACE\CodeIgniter\rareconsultancy_CI\public\index.php(37): CodeIgniter\CodeIgniter->run()
#6 D:\WEB SERVICES\WORKPLACE\CodeIgniter\rareconsultancy_CI\vendor\codeigniter4\framework\system\Commands\Server\rewrite.php(43): require_once('D:\\WEB SERVICES...')
#7 {main}
CRITICAL - 2021-11-29 15:53:08 --> Class "App\Models\FormModel" not found
#0 D:\WEB SERVICES\WORKPLACE\CodeIgniter\rareconsultancy_CI\vendor\codeigniter4\framework\system\CodeIgniter.php(824): App\Controllers\ContactForm->formValidation()
#1 D:\WEB SERVICES\WORKPLACE\CodeIgniter\rareconsultancy_CI\vendor\codeigniter4\framework\system\CodeIgniter.php(410): CodeIgniter\CodeIgniter->runController(Object(App\Controllers\ContactForm))
#2 D:\WEB SERVICES\WORKPLACE\CodeIgniter\rareconsultancy_CI\vendor\codeigniter4\framework\system\CodeIgniter.php(318): CodeIgniter\CodeIgniter->handleRequest(NULL, Object(Config\Cache), false)
#3 D:\WEB SERVICES\WORKPLACE\CodeIgniter\rareconsultancy_CI\public\index.php(37): CodeIgniter\CodeIgniter->run()
#4 D:\WEB SERVICES\WORKPLACE\CodeIgniter\rareconsultancy_CI\vendor\codeigniter4\framework\system\Commands\Server\rewrite.php(43): require_once('D:\\WEB SERVICES...')
#5 {main}
CRITICAL - 2021-11-29 15:54:13 --> Class "App\Models\FormModel" not found
#0 D:\WEB SERVICES\WORKPLACE\CodeIgniter\rareconsultancy_CI\vendor\codeigniter4\framework\system\CodeIgniter.php(824): App\Controllers\ContactForm->formValidation()
#1 D:\WEB SERVICES\WORKPLACE\CodeIgniter\rareconsultancy_CI\vendor\codeigniter4\framework\system\CodeIgniter.php(410): CodeIgniter\CodeIgniter->runController(Object(App\Controllers\ContactForm))
#2 D:\WEB SERVICES\WORKPLACE\CodeIgniter\rareconsultancy_CI\vendor\codeigniter4\framework\system\CodeIgniter.php(318): CodeIgniter\CodeIgniter->handleRequest(NULL, Object(Config\Cache), false)
#3 D:\WEB SERVICES\WORKPLACE\CodeIgniter\rareconsultancy_CI\public\index.php(37): CodeIgniter\CodeIgniter->run()
#4 D:\WEB SERVICES\WORKPLACE\CodeIgniter\rareconsultancy_CI\vendor\codeigniter4\framework\system\Commands\Server\rewrite.php(43): require_once('D:\\WEB SERVICES...')
#5 {main}
CRITICAL - 2021-11-29 15:55:01 --> Invalid file: ccontact.php
#0 D:\WEB SERVICES\WORKPLACE\CodeIgniter\rareconsultancy_CI\vendor\codeigniter4\framework\system\View\View.php(198): CodeIgniter\Exceptions\FrameworkException::forInvalidFile('ccontact.php')
#1 D:\WEB SERVICES\WORKPLACE\CodeIgniter\rareconsultancy_CI\vendor\codeigniter4\framework\system\Common.php(1097): CodeIgniter\View\View->render('ccontact', Array, true)
#2 D:\WEB SERVICES\WORKPLACE\CodeIgniter\rareconsultancy_CI\app\Controllers\Contact.php(30): view('ccontact')
#3 D:\WEB SERVICES\WORKPLACE\CodeIgniter\rareconsultancy_CI\vendor\codeigniter4\framework\system\CodeIgniter.php(824): App\Controllers\Contact->create()
#4 D:\WEB SERVICES\WORKPLACE\CodeIgniter\rareconsultancy_CI\vendor\codeigniter4\framework\system\CodeIgniter.php(410): CodeIgniter\CodeIgniter->runController(Object(App\Controllers\Contact))
#5 D:\WEB SERVICES\WORKPLACE\CodeIgniter\rareconsultancy_CI\vendor\codeigniter4\framework\system\CodeIgniter.php(318): CodeIgniter\CodeIgniter->handleRequest(NULL, Object(Config\Cache), false)
#6 D:\WEB SERVICES\WORKPLACE\CodeIgniter\rareconsultancy_CI\public\index.php(37): CodeIgniter\CodeIgniter->run()
#7 D:\WEB SERVICES\WORKPLACE\CodeIgniter\rareconsultancy_CI\vendor\codeigniter4\framework\system\Commands\Server\rewrite.php(43): require_once('D:\\WEB SERVICES...')
#8 {main}
CRITICAL - 2021-11-29 15:56:53 --> Invalid file: contact.php
#0 D:\WEB SERVICES\WORKPLACE\CodeIgniter\rareconsultancy_CI\vendor\codeigniter4\framework\system\View\View.php(198): CodeIgniter\Exceptions\FrameworkException::forInvalidFile('contact.php')
#1 D:\WEB SERVICES\WORKPLACE\CodeIgniter\rareconsultancy_CI\vendor\codeigniter4\framework\system\Common.php(1097): CodeIgniter\View\View->render('contact', Array, true)
#2 D:\WEB SERVICES\WORKPLACE\CodeIgniter\rareconsultancy_CI\app\Controllers\Contact.php(30): view('contact')
#3 D:\WEB SERVICES\WORKPLACE\CodeIgniter\rareconsultancy_CI\vendor\codeigniter4\framework\system\CodeIgniter.php(824): App\Controllers\Contact->create()
#4 D:\WEB SERVICES\WORKPLACE\CodeIgniter\rareconsultancy_CI\vendor\codeigniter4\framework\system\CodeIgniter.php(410): CodeIgniter\CodeIgniter->runController(Object(App\Controllers\Contact))
#5 D:\WEB SERVICES\WORKPLACE\CodeIgniter\rareconsultancy_CI\vendor\codeigniter4\framework\system\CodeIgniter.php(318): CodeIgniter\CodeIgniter->handleRequest(NULL, Object(Config\Cache), false)
#6 D:\WEB SERVICES\WORKPLACE\CodeIgniter\rareconsultancy_CI\public\index.php(37): CodeIgniter\CodeIgniter->run()
#7 D:\WEB SERVICES\WORKPLACE\CodeIgniter\rareconsultancy_CI\vendor\codeigniter4\framework\system\Commands\Server\rewrite.php(43): require_once('D:\\WEB SERVICES...')
#8 {main}
CRITICAL - 2021-11-29 15:56:59 --> Invalid file: contact.php
#0 D:\WEB SERVICES\WORKPLACE\CodeIgniter\rareconsultancy_CI\vendor\codeigniter4\framework\system\View\View.php(198): CodeIgniter\Exceptions\FrameworkException::forInvalidFile('contact.php')
#1 D:\WEB SERVICES\WORKPLACE\CodeIgniter\rareconsultancy_CI\vendor\codeigniter4\framework\system\Common.php(1097): CodeIgniter\View\View->render('contact', Array, true)
#2 D:\WEB SERVICES\WORKPLACE\CodeIgniter\rareconsultancy_CI\app\Controllers\Contact.php(30): view('contact')
#3 D:\WEB SERVICES\WORKPLACE\CodeIgniter\rareconsultancy_CI\vendor\codeigniter4\framework\system\CodeIgniter.php(824): App\Controllers\Contact->create()
#4 D:\WEB SERVICES\WORKPLACE\CodeIgniter\rareconsultancy_CI\vendor\codeigniter4\framework\system\CodeIgniter.php(410): CodeIgniter\CodeIgniter->runController(Object(App\Controllers\Contact))
#5 D:\WEB SERVICES\WORKPLACE\CodeIgniter\rareconsultancy_CI\vendor\codeigniter4\framework\system\CodeIgniter.php(318): CodeIgniter\CodeIgniter->handleRequest(NULL, Object(Config\Cache), false)
#6 D:\WEB SERVICES\WORKPLACE\CodeIgniter\rareconsultancy_CI\public\index.php(37): CodeIgniter\CodeIgniter->run()
#7 D:\WEB SERVICES\WORKPLACE\CodeIgniter\rareconsultancy_CI\vendor\codeigniter4\framework\system\Commands\Server\rewrite.php(43): require_once('D:\\WEB SERVICES...')
#8 {main}
CRITICAL - 2021-11-29 15:57:19 --> Invalid file: contact.php
#0 D:\WEB SERVICES\WORKPLACE\CodeIgniter\rareconsultancy_CI\vendor\codeigniter4\framework\system\View\View.php(198): CodeIgniter\Exceptions\FrameworkException::forInvalidFile('contact.php')
#1 D:\WEB SERVICES\WORKPLACE\CodeIgniter\rareconsultancy_CI\vendor\codeigniter4\framework\system\Common.php(1097): CodeIgniter\View\View->render('contact', Array, true)
#2 D:\WEB SERVICES\WORKPLACE\CodeIgniter\rareconsultancy_CI\app\Controllers\Contact.php(30): view('contact')
#3 D:\WEB SERVICES\WORKPLACE\CodeIgniter\rareconsultancy_CI\vendor\codeigniter4\framework\system\CodeIgniter.php(824): App\Controllers\Contact->create()
#4 D:\WEB SERVICES\WORKPLACE\CodeIgniter\rareconsultancy_CI\vendor\codeigniter4\framework\system\CodeIgniter.php(410): CodeIgniter\CodeIgniter->runController(Object(App\Controllers\Contact))
#5 D:\WEB SERVICES\WORKPLACE\CodeIgniter\rareconsultancy_CI\vendor\codeigniter4\framework\system\CodeIgniter.php(318): CodeIgniter\CodeIgniter->handleRequest(NULL, Object(Config\Cache), false)
#6 D:\WEB SERVICES\WORKPLACE\CodeIgniter\rareconsultancy_CI\public\index.php(37): CodeIgniter\CodeIgniter->run()
#7 D:\WEB SERVICES\WORKPLACE\CodeIgniter\rareconsultancy_CI\vendor\codeigniter4\framework\system\Commands\Server\rewrite.php(43): require_once('D:\\WEB SERVICES...')
#8 {main}
CRITICAL - 2021-11-29 15:58:15 --> Invalid file: contact.php
#0 D:\WEB SERVICES\WORKPLACE\CodeIgniter\rareconsultancy_CI\vendor\codeigniter4\framework\system\View\View.php(198): CodeIgniter\Exceptions\FrameworkException::forInvalidFile('contact.php')
#1 D:\WEB SERVICES\WORKPLACE\CodeIgniter\rareconsultancy_CI\vendor\codeigniter4\framework\system\Common.php(1097): CodeIgniter\View\View->render('contact', Array, true)
#2 D:\WEB SERVICES\WORKPLACE\CodeIgniter\rareconsultancy_CI\app\Controllers\Contact.php(30): view('contact')
#3 D:\WEB SERVICES\WORKPLACE\CodeIgniter\rareconsultancy_CI\vendor\codeigniter4\framework\system\CodeIgniter.php(824): App\Controllers\Contact->create()
#4 D:\WEB SERVICES\WORKPLACE\CodeIgniter\rareconsultancy_CI\vendor\codeigniter4\framework\system\CodeIgniter.php(410): CodeIgniter\CodeIgniter->runController(Object(App\Controllers\Contact))
#5 D:\WEB SERVICES\WORKPLACE\CodeIgniter\rareconsultancy_CI\vendor\codeigniter4\framework\system\CodeIgniter.php(318): CodeIgniter\CodeIgniter->handleRequest(NULL, Object(Config\Cache), false)
#6 D:\WEB SERVICES\WORKPLACE\CodeIgniter\rareconsultancy_CI\public\index.php(37): CodeIgniter\CodeIgniter->run()
#7 D:\WEB SERVICES\WORKPLACE\CodeIgniter\rareconsultancy_CI\vendor\codeigniter4\framework\system\Commands\Server\rewrite.php(43): require_once('D:\\WEB SERVICES...')
#8 {main}
CRITICAL - 2021-11-29 15:58:19 --> Invalid file: contact.php
#0 D:\WEB SERVICES\WORKPLACE\CodeIgniter\rareconsultancy_CI\vendor\codeigniter4\framework\system\View\View.php(198): CodeIgniter\Exceptions\FrameworkException::forInvalidFile('contact.php')
#1 D:\WEB SERVICES\WORKPLACE\CodeIgniter\rareconsultancy_CI\vendor\codeigniter4\framework\system\Common.php(1097): CodeIgniter\View\View->render('contact', Array, true)
#2 D:\WEB SERVICES\WORKPLACE\CodeIgniter\rareconsultancy_CI\app\Controllers\Contact.php(30): view('contact')
#3 D:\WEB SERVICES\WORKPLACE\CodeIgniter\rareconsultancy_CI\vendor\codeigniter4\framework\system\CodeIgniter.php(824): App\Controllers\Contact->create()
#4 D:\WEB SERVICES\WORKPLACE\CodeIgniter\rareconsultancy_CI\vendor\codeigniter4\framework\system\CodeIgniter.php(410): CodeIgniter\CodeIgniter->runController(Object(App\Controllers\Contact))
#5 D:\WEB SERVICES\WORKPLACE\CodeIgniter\rareconsultancy_CI\vendor\codeigniter4\framework\system\CodeIgniter.php(318): CodeIgniter\CodeIgniter->handleRequest(NULL, Object(Config\Cache), false)
#6 D:\WEB SERVICES\WORKPLACE\CodeIgniter\rareconsultancy_CI\public\index.php(37): CodeIgniter\CodeIgniter->run()
#7 D:\WEB SERVICES\WORKPLACE\CodeIgniter\rareconsultancy_CI\vendor\codeigniter4\framework\system\Commands\Server\rewrite.php(43): require_once('D:\\WEB SERVICES...')
#8 {main}
ERROR - 2021-11-29 15:59:48 --> Table 'article.contacts' doesn't exist
CRITICAL - 2021-11-29 15:59:48 --> Table 'article.contacts' doesn't exist
#0 D:\WEB SERVICES\WORKPLACE\CodeIgniter\rareconsultancy_CI\vendor\codeigniter4\framework\system\Database\MySQLi\Connection.php(292): mysqli->query('SELECT COUNT(*)...', 0)
#1 D:\WEB SERVICES\WORKPLACE\CodeIgniter\rareconsultancy_CI\vendor\codeigniter4\framework\system\Database\BaseConnection.php(670): CodeIgniter\Database\MySQLi\Connection->execute('SELECT COUNT(*)...')
#2 D:\WEB SERVICES\WORKPLACE\CodeIgniter\rareconsultancy_CI\vendor\codeigniter4\framework\system\Database\BaseConnection.php(598): CodeIgniter\Database\BaseConnection->simpleQuery('SELECT COUNT(*)...')
#3 D:\WEB SERVICES\WORKPLACE\CodeIgniter\rareconsultancy_CI\vendor\codeigniter4\framework\system\Database\BaseBuilder.php(1527): CodeIgniter\Database\BaseConnection->query('SELECT COUNT(*)...', Array, false)
#4 D:\WEB SERVICES\WORKPLACE\CodeIgniter\rareconsultancy_CI\vendor\codeigniter4\framework\system\Model.php(509): CodeIgniter\Database\BaseBuilder->countAllResults(true)
#5 D:\WEB SERVICES\WORKPLACE\CodeIgniter\rareconsultancy_CI\vendor\codeigniter4\framework\system\Model.php(592): CodeIgniter\Model->countAllResults()
#6 D:\WEB SERVICES\WORKPLACE\CodeIgniter\rareconsultancy_CI\vendor\codeigniter4\framework\system\BaseModel.php(655): CodeIgniter\Model->shouldUpdate(Array)
#7 D:\WEB SERVICES\WORKPLACE\CodeIgniter\rareconsultancy_CI\app\Controllers\Contact.php(24): CodeIgniter\BaseModel->save(Array)
#8 D:\WEB SERVICES\WORKPLACE\CodeIgniter\rareconsultancy_CI\vendor\codeigniter4\framework\system\CodeIgniter.php(824): App\Controllers\Contact->create()
#9 D:\WEB SERVICES\WORKPLACE\CodeIgniter\rareconsultancy_CI\vendor\codeigniter4\framework\system\CodeIgniter.php(410): CodeIgniter\CodeIgniter->runController(Object(App\Controllers\Contact))
#10 D:\WEB SERVICES\WORKPLACE\CodeIgniter\rareconsultancy_CI\vendor\codeigniter4\framework\system\CodeIgniter.php(318): CodeIgniter\CodeIgniter->handleRequest(NULL, Object(Config\Cache), false)
#11 D:\WEB SERVICES\WORKPLACE\CodeIgniter\rareconsultancy_CI\public\index.php(37): CodeIgniter\CodeIgniter->run()
#12 D:\WEB SERVICES\WORKPLACE\CodeIgniter\rareconsultancy_CI\vendor\codeigniter4\framework\system\Commands\Server\rewrite.php(43): require_once('D:\\WEB SERVICES...')
#13 {main}
CRITICAL - 2021-11-29 16:34:13 --> Call to a member function set_flashdata() on null
#0 D:\WEB SERVICES\WORKPLACE\CodeIgniter\rareconsultancy_CI\vendor\codeigniter4\framework\system\CodeIgniter.php(824): App\Controllers\Contact->create()
#1 D:\WEB SERVICES\WORKPLACE\CodeIgniter\rareconsultancy_CI\vendor\codeigniter4\framework\system\CodeIgniter.php(410): CodeIgniter\CodeIgniter->runController(Object(App\Controllers\Contact))
#2 D:\WEB SERVICES\WORKPLACE\CodeIgniter\rareconsultancy_CI\vendor\codeigniter4\framework\system\CodeIgniter.php(318): CodeIgniter\CodeIgniter->handleRequest(NULL, Object(Config\Cache), false)
#3 D:\WEB SERVICES\WORKPLACE\CodeIgniter\rareconsultancy_CI\public\index.php(37): CodeIgniter\CodeIgniter->run()
#4 D:\WEB SERVICES\WORKPLACE\CodeIgniter\rareconsultancy_CI\vendor\codeigniter4\framework\system\Commands\Server\rewrite.php(43): require_once('D:\\WEB SERVICES...')
#5 {main}
CRITICAL - 2021-11-29 16:36:13 --> Invalid file: contact.php
#0 D:\WEB SERVICES\WORKPLACE\CodeIgniter\rareconsultancy_CI\vendor\codeigniter4\framework\system\View\View.php(198): CodeIgniter\Exceptions\FrameworkException::forInvalidFile('contact.php')
#1 D:\WEB SERVICES\WORKPLACE\CodeIgniter\rareconsultancy_CI\vendor\codeigniter4\framework\system\Common.php(1097): CodeIgniter\View\View->render('contact', Array, true)
#2 D:\WEB SERVICES\WORKPLACE\CodeIgniter\rareconsultancy_CI\app\Controllers\Contact.php(33): view('contact')
#3 D:\WEB SERVICES\WORKPLACE\CodeIgniter\rareconsultancy_CI\vendor\codeigniter4\framework\system\CodeIgniter.php(824): App\Controllers\Contact->create()
#4 D:\WEB SERVICES\WORKPLACE\CodeIgniter\rareconsultancy_CI\vendor\codeigniter4\framework\system\CodeIgniter.php(410): CodeIgniter\CodeIgniter->runController(Object(App\Controllers\Contact))
#5 D:\WEB SERVICES\WORKPLACE\CodeIgniter\rareconsultancy_CI\vendor\codeigniter4\framework\system\CodeIgniter.php(318): CodeIgniter\CodeIgniter->handleRequest(NULL, Object(Config\Cache), false)
#6 D:\WEB SERVICES\WORKPLACE\CodeIgniter\rareconsultancy_CI\public\index.php(37): CodeIgniter\CodeIgniter->run()
#7 D:\WEB SERVICES\WORKPLACE\CodeIgniter\rareconsultancy_CI\vendor\codeigniter4\framework\system\Commands\Server\rewrite.php(43): require_once('D:\\WEB SERVICES...')
#8 {main}
ERROR - 2021-11-29 16:37:21 --> Duplicate entry '+255757690321' for key 'phone'
CRITICAL - 2021-11-29 16:37:21 --> Duplicate entry '+255757690321' for key 'phone'
#0 D:\WEB SERVICES\WORKPLACE\CodeIgniter\rareconsultancy_CI\vendor\codeigniter4\framework\system\Database\MySQLi\Connection.php(292): mysqli->query('INSERT INTO `co...', 0)
#1 D:\WEB SERVICES\WORKPLACE\CodeIgniter\rareconsultancy_CI\vendor\codeigniter4\framework\system\Database\BaseConnection.php(670): CodeIgniter\Database\MySQLi\Connection->execute('INSERT INTO `co...')
#2 D:\WEB SERVICES\WORKPLACE\CodeIgniter\rareconsultancy_CI\vendor\codeigniter4\framework\system\Database\BaseConnection.php(598): CodeIgniter\Database\BaseConnection->simpleQuery('INSERT INTO `co...')
#3 D:\WEB SERVICES\WORKPLACE\CodeIgniter\rareconsultancy_CI\vendor\codeigniter4\framework\system\Database\BaseBuilder.php(1759): CodeIgniter\Database\BaseConnection->query('INSERT INTO `co...', Array, false)
#4 D:\WEB SERVICES\WORKPLACE\CodeIgniter\rareconsultancy_CI\vendor\codeigniter4\framework\system\Model.php(239): CodeIgniter\Database\BaseBuilder->insert()
#5 D:\WEB SERVICES\WORKPLACE\CodeIgniter\rareconsultancy_CI\vendor\codeigniter4\framework\system\BaseModel.php(738): CodeIgniter\Model->doInsert(Array)
#6 D:\WEB SERVICES\WORKPLACE\CodeIgniter\rareconsultancy_CI\vendor\codeigniter4\framework\system\Model.php(620): CodeIgniter\BaseModel->insert(Array, false)
#7 D:\WEB SERVICES\WORKPLACE\CodeIgniter\rareconsultancy_CI\vendor\codeigniter4\framework\system\BaseModel.php(658): CodeIgniter\Model->insert(Array, false)
#8 D:\WEB SERVICES\WORKPLACE\CodeIgniter\rareconsultancy_CI\app\Controllers\Contact.php(27): CodeIgniter\BaseModel->save(Array)
#9 D:\WEB SERVICES\WORKPLACE\CodeIgniter\rareconsultancy_CI\vendor\codeigniter4\framework\system\CodeIgniter.php(824): App\Controllers\Contact->create()
#10 D:\WEB SERVICES\WORKPLACE\CodeIgniter\rareconsultancy_CI\vendor\codeigniter4\framework\system\CodeIgniter.php(410): CodeIgniter\CodeIgniter->runController(Object(App\Controllers\Contact))
#11 D:\WEB SERVICES\WORKPLACE\CodeIgniter\rareconsultancy_CI\vendor\codeigniter4\framework\system\CodeIgniter.php(318): CodeIgniter\CodeIgniter->handleRequest(NULL, Object(Config\Cache), false)
#12 D:\WEB SERVICES\WORKPLACE\CodeIgniter\rareconsultancy_CI\public\index.php(37): CodeIgniter\CodeIgniter->run()
#13 D:\WEB SERVICES\WORKPLACE\CodeIgniter\rareconsultancy_CI\vendor\codeigniter4\framework\system\Commands\Server\rewrite.php(43): require_once('D:\\WEB SERVICES...')
#14 {main}
CRITICAL - 2021-11-29 16:40:16 --> Invalid file: contact.php
#0 D:\WEB SERVICES\WORKPLACE\CodeIgniter\rareconsultancy_CI\vendor\codeigniter4\framework\system\View\View.php(198): CodeIgniter\Exceptions\FrameworkException::forInvalidFile('contact.php')
#1 D:\WEB SERVICES\WORKPLACE\CodeIgniter\rareconsultancy_CI\vendor\codeigniter4\framework\system\Common.php(1097): CodeIgniter\View\View->render('contact', Array, true)
#2 D:\WEB SERVICES\WORKPLACE\CodeIgniter\rareconsultancy_CI\app\Controllers\Contact.php(33): view('contact')
#3 D:\WEB SERVICES\WORKPLACE\CodeIgniter\rareconsultancy_CI\vendor\codeigniter4\framework\system\CodeIgniter.php(824): App\Controllers\Contact->create()
#4 D:\WEB SERVICES\WORKPLACE\CodeIgniter\rareconsultancy_CI\vendor\codeigniter4\framework\system\CodeIgniter.php(410): CodeIgniter\CodeIgniter->runController(Object(App\Controllers\Contact))
#5 D:\WEB SERVICES\WORKPLACE\CodeIgniter\rareconsultancy_CI\vendor\codeigniter4\framework\system\CodeIgniter.php(318): CodeIgniter\CodeIgniter->handleRequest(NULL, Object(Config\Cache), false)
#6 D:\WEB SERVICES\WORKPLACE\CodeIgniter\rareconsultancy_CI\public\index.php(37): CodeIgniter\CodeIgniter->run()
#7 D:\WEB SERVICES\WORKPLACE\CodeIgniter\rareconsultancy_CI\vendor\codeigniter4\framework\system\Commands\Server\rewrite.php(43): require_once('D:\\WEB SERVICES...')
#8 {main}
CRITICAL - 2021-11-29 17:05:06 --> Invalid file: default.php
#0 D:\WEB SERVICES\WORKPLACE\CodeIgniter\rareconsultancy_CI\vendor\codeigniter4\framework\system\View\View.php(198): CodeIgniter\Exceptions\FrameworkException::forInvalidFile('default.php')
#1 D:\WEB SERVICES\WORKPLACE\CodeIgniter\rareconsultancy_CI\vendor\codeigniter4\framework\system\View\View.php(230): CodeIgniter\View\View->render('default', Array, true)
#2 D:\WEB SERVICES\WORKPLACE\CodeIgniter\rareconsultancy_CI\vendor\codeigniter4\framework\system\Common.php(1097): CodeIgniter\View\View->render('pages/brela', Array, true)
#3 D:\WEB SERVICES\WORKPLACE\CodeIgniter\rareconsultancy_CI\app\Controllers\Pages.php(18): view('pages/brela', Array)
#4 D:\WEB SERVICES\WORKPLACE\CodeIgniter\rareconsultancy_CI\vendor\codeigniter4\framework\system\CodeIgniter.php(824): App\Controllers\Pages->brela()
#5 D:\WEB SERVICES\WORKPLACE\CodeIgniter\rareconsultancy_CI\vendor\codeigniter4\framework\system\CodeIgniter.php(410): CodeIgniter\CodeIgniter->runController(Object(App\Controllers\Pages))
#6 D:\WEB SERVICES\WORKPLACE\CodeIgniter\rareconsultancy_CI\vendor\codeigniter4\framework\system\CodeIgniter.php(318): CodeIgniter\CodeIgniter->handleRequest(NULL, Object(Config\Cache), false)
#7 D:\WEB SERVICES\WORKPLACE\CodeIgniter\rareconsultancy_CI\public\index.php(37): CodeIgniter\CodeIgniter->run()
#8 D:\WEB SERVICES\WORKPLACE\CodeIgniter\rareconsultancy_CI\vendor\codeigniter4\framework\system\Commands\Server\rewrite.php(43): require_once('D:\\WEB SERVICES...')
#9 {main}
