ERROR - 2021-12-06 12:22:15 --> Error connecting to the database: No connection could be made because the target machine actively refused it.

CRITICAL - 2021-12-06 12:22:15 --> Unable to connect to the database.
Main connection [MySQLi]: No connection could be made because the target machine actively refused it.

#0 D:\WEB SERVICES\WORKPLACE\CodeIgniter\rareconsultancy_CI\vendor\codeigniter4\framework\system\Database\BaseConnection.php(577): CodeIgniter\Database\BaseConnection->initialize()
#1 D:\WEB SERVICES\WORKPLACE\CodeIgniter\rareconsultancy_CI\app\Models\ArticleModel.php(19): CodeIgniter\Database\BaseConnection->query('select * from a...')
#2 D:\WEB SERVICES\WORKPLACE\CodeIgniter\rareconsultancy_CI\app\Controllers\Dashboard.php(17): App\Models\ArticleModel->get_all_articles()
#3 D:\WEB SERVICES\WORKPLACE\CodeIgniter\rareconsultancy_CI\vendor\codeigniter4\framework\system\CodeIgniter.php(824): App\Controllers\Dashboard->index()
#4 D:\WEB SERVICES\WORKPLACE\CodeIgniter\rareconsultancy_CI\vendor\codeigniter4\framework\system\CodeIgniter.php(410): CodeIgniter\CodeIgniter->runController(Object(App\Controllers\Dashboard))
#5 D:\WEB SERVICES\WORKPLACE\CodeIgniter\rareconsultancy_CI\vendor\codeigniter4\framework\system\CodeIgniter.php(318): CodeIgniter\CodeIgniter->handleRequest(NULL, Object(Config\Cache), false)
#6 D:\WEB SERVICES\WORKPLACE\CodeIgniter\rareconsultancy_CI\public\index.php(37): CodeIgniter\CodeIgniter->run()
#7 D:\WEB SERVICES\WORKPLACE\CodeIgniter\rareconsultancy_CI\vendor\codeigniter4\framework\system\Commands\Server\rewrite.php(43): require_once('D:\\WEB SERVICES...')
#8 {main}
CRITICAL - 2021-12-06 12:26:02 --> The action you requested is not allowed.
#0 D:\WEB SERVICES\WORKPLACE\CodeIgniter\rareconsultancy_CI\vendor\codeigniter4\framework\system\Security\Security.php(277): CodeIgniter\Security\Exceptions\SecurityException::forDisallowedAction()
#1 D:\WEB SERVICES\WORKPLACE\CodeIgniter\rareconsultancy_CI\vendor\codeigniter4\framework\system\Filters\CSRF.php(53): CodeIgniter\Security\Security->verify(Object(CodeIgniter\HTTP\IncomingRequest))
#2 D:\WEB SERVICES\WORKPLACE\CodeIgniter\rareconsultancy_CI\vendor\codeigniter4\framework\system\Filters\Filters.php(173): CodeIgniter\Filters\CSRF->before(Object(CodeIgniter\HTTP\IncomingRequest), NULL)
#3 D:\WEB SERVICES\WORKPLACE\CodeIgniter\rareconsultancy_CI\vendor\codeigniter4\framework\system\CodeIgniter.php(384): CodeIgniter\Filters\Filters->run('article/add', 'before')
#4 D:\WEB SERVICES\WORKPLACE\CodeIgniter\rareconsultancy_CI\vendor\codeigniter4\framework\system\CodeIgniter.php(318): CodeIgniter\CodeIgniter->handleRequest(NULL, Object(Config\Cache), false)
#5 D:\WEB SERVICES\WORKPLACE\CodeIgniter\rareconsultancy_CI\public\index.php(37): CodeIgniter\CodeIgniter->run()
#6 D:\WEB SERVICES\WORKPLACE\CodeIgniter\rareconsultancy_CI\vendor\codeigniter4\framework\system\Commands\Server\rewrite.php(43): require_once('D:\\WEB SERVICES...')
#7 {main}
CRITICAL - 2021-12-06 12:28:05 --> The action you requested is not allowed.
#0 D:\WEB SERVICES\WORKPLACE\CodeIgniter\rareconsultancy_CI\vendor\codeigniter4\framework\system\Security\Security.php(277): CodeIgniter\Security\Exceptions\SecurityException::forDisallowedAction()
#1 D:\WEB SERVICES\WORKPLACE\CodeIgniter\rareconsultancy_CI\vendor\codeigniter4\framework\system\Filters\CSRF.php(53): CodeIgniter\Security\Security->verify(Object(CodeIgniter\HTTP\IncomingRequest))
#2 D:\WEB SERVICES\WORKPLACE\CodeIgniter\rareconsultancy_CI\vendor\codeigniter4\framework\system\Filters\Filters.php(173): CodeIgniter\Filters\CSRF->before(Object(CodeIgniter\HTTP\IncomingRequest), NULL)
#3 D:\WEB SERVICES\WORKPLACE\CodeIgniter\rareconsultancy_CI\vendor\codeigniter4\framework\system\CodeIgniter.php(384): CodeIgniter\Filters\Filters->run('admin/post-crea...', 'before')
#4 D:\WEB SERVICES\WORKPLACE\CodeIgniter\rareconsultancy_CI\vendor\codeigniter4\framework\system\CodeIgniter.php(318): CodeIgniter\CodeIgniter->handleRequest(NULL, Object(Config\Cache), false)
#5 D:\WEB SERVICES\WORKPLACE\CodeIgniter\rareconsultancy_CI\public\index.php(37): CodeIgniter\CodeIgniter->run()
#6 D:\WEB SERVICES\WORKPLACE\CodeIgniter\rareconsultancy_CI\vendor\codeigniter4\framework\system\Commands\Server\rewrite.php(43): require_once('D:\\WEB SERVICES...')
#7 {main}
CRITICAL - 2021-12-06 12:28:09 --> The action you requested is not allowed.
#0 D:\WEB SERVICES\WORKPLACE\CodeIgniter\rareconsultancy_CI\vendor\codeigniter4\framework\system\Security\Security.php(277): CodeIgniter\Security\Exceptions\SecurityException::forDisallowedAction()
#1 D:\WEB SERVICES\WORKPLACE\CodeIgniter\rareconsultancy_CI\vendor\codeigniter4\framework\system\Filters\CSRF.php(53): CodeIgniter\Security\Security->verify(Object(CodeIgniter\HTTP\IncomingRequest))
#2 D:\WEB SERVICES\WORKPLACE\CodeIgniter\rareconsultancy_CI\vendor\codeigniter4\framework\system\Filters\Filters.php(173): CodeIgniter\Filters\CSRF->before(Object(CodeIgniter\HTTP\IncomingRequest), NULL)
#3 D:\WEB SERVICES\WORKPLACE\CodeIgniter\rareconsultancy_CI\vendor\codeigniter4\framework\system\CodeIgniter.php(384): CodeIgniter\Filters\Filters->run('admin/post-crea...', 'before')
#4 D:\WEB SERVICES\WORKPLACE\CodeIgniter\rareconsultancy_CI\vendor\codeigniter4\framework\system\CodeIgniter.php(318): CodeIgniter\CodeIgniter->handleRequest(NULL, Object(Config\Cache), false)
#5 D:\WEB SERVICES\WORKPLACE\CodeIgniter\rareconsultancy_CI\public\index.php(37): CodeIgniter\CodeIgniter->run()
#6 D:\WEB SERVICES\WORKPLACE\CodeIgniter\rareconsultancy_CI\vendor\codeigniter4\framework\system\Commands\Server\rewrite.php(43): require_once('D:\\WEB SERVICES...')
#7 {main}
CRITICAL - 2021-12-06 12:28:18 --> The action you requested is not allowed.
#0 D:\WEB SERVICES\WORKPLACE\CodeIgniter\rareconsultancy_CI\vendor\codeigniter4\framework\system\Security\Security.php(277): CodeIgniter\Security\Exceptions\SecurityException::forDisallowedAction()
#1 D:\WEB SERVICES\WORKPLACE\CodeIgniter\rareconsultancy_CI\vendor\codeigniter4\framework\system\Filters\CSRF.php(53): CodeIgniter\Security\Security->verify(Object(CodeIgniter\HTTP\IncomingRequest))
#2 D:\WEB SERVICES\WORKPLACE\CodeIgniter\rareconsultancy_CI\vendor\codeigniter4\framework\system\Filters\Filters.php(173): CodeIgniter\Filters\CSRF->before(Object(CodeIgniter\HTTP\IncomingRequest), NULL)
#3 D:\WEB SERVICES\WORKPLACE\CodeIgniter\rareconsultancy_CI\vendor\codeigniter4\framework\system\CodeIgniter.php(384): CodeIgniter\Filters\Filters->run('admin/post-crea...', 'before')
#4 D:\WEB SERVICES\WORKPLACE\CodeIgniter\rareconsultancy_CI\vendor\codeigniter4\framework\system\CodeIgniter.php(318): CodeIgniter\CodeIgniter->handleRequest(NULL, Object(Config\Cache), false)
#5 D:\WEB SERVICES\WORKPLACE\CodeIgniter\rareconsultancy_CI\public\index.php(37): CodeIgniter\CodeIgniter->run()
#6 D:\WEB SERVICES\WORKPLACE\CodeIgniter\rareconsultancy_CI\vendor\codeigniter4\framework\system\Commands\Server\rewrite.php(43): require_once('D:\\WEB SERVICES...')
#7 {main}
CRITICAL - 2021-12-06 12:29:36 --> Too few arguments to function App\Controllers\Dashboard::ajax_post(), 0 passed in D:\WEB SERVICES\WORKPLACE\CodeIgniter\rareconsultancy_CI\vendor\codeigniter4\framework\system\CodeIgniter.php on line 824 and exactly 1 expected
#0 D:\WEB SERVICES\WORKPLACE\CodeIgniter\rareconsultancy_CI\vendor\codeigniter4\framework\system\CodeIgniter.php(824): App\Controllers\Dashboard->ajax_post()
#1 D:\WEB SERVICES\WORKPLACE\CodeIgniter\rareconsultancy_CI\vendor\codeigniter4\framework\system\CodeIgniter.php(410): CodeIgniter\CodeIgniter->runController(Object(App\Controllers\Dashboard))
#2 D:\WEB SERVICES\WORKPLACE\CodeIgniter\rareconsultancy_CI\vendor\codeigniter4\framework\system\CodeIgniter.php(318): CodeIgniter\CodeIgniter->handleRequest(NULL, Object(Config\Cache), false)
#3 D:\WEB SERVICES\WORKPLACE\CodeIgniter\rareconsultancy_CI\public\index.php(37): CodeIgniter\CodeIgniter->run()
#4 D:\WEB SERVICES\WORKPLACE\CodeIgniter\rareconsultancy_CI\vendor\codeigniter4\framework\system\Commands\Server\rewrite.php(43): require_once('D:\\WEB SERVICES...')
#5 {main}
CRITICAL - 2021-12-06 12:33:43 --> Class 'App\Controllers\article_model' not found
#0 D:\WEB SERVICES\WORKPLACE\CodeIgniter\rareconsultancy_CI\vendor\codeigniter4\framework\system\CodeIgniter.php(824): App\Controllers\Dashboard->article_add()
#1 D:\WEB SERVICES\WORKPLACE\CodeIgniter\rareconsultancy_CI\vendor\codeigniter4\framework\system\CodeIgniter.php(410): CodeIgniter\CodeIgniter->runController(Object(App\Controllers\Dashboard))
#2 D:\WEB SERVICES\WORKPLACE\CodeIgniter\rareconsultancy_CI\vendor\codeigniter4\framework\system\CodeIgniter.php(318): CodeIgniter\CodeIgniter->handleRequest(NULL, Object(Config\Cache), false)
#3 D:\WEB SERVICES\WORKPLACE\CodeIgniter\rareconsultancy_CI\public\index.php(37): CodeIgniter\CodeIgniter->run()
#4 D:\WEB SERVICES\WORKPLACE\CodeIgniter\rareconsultancy_CI\vendor\codeigniter4\framework\system\Commands\Server\rewrite.php(43): require_once('D:\\WEB SERVICES...')
#5 {main}
CRITICAL - 2021-12-06 12:34:38 --> Class 'App\Controllers\article_model' not found
#0 D:\WEB SERVICES\WORKPLACE\CodeIgniter\rareconsultancy_CI\vendor\codeigniter4\framework\system\CodeIgniter.php(824): App\Controllers\Dashboard->article_add()
#1 D:\WEB SERVICES\WORKPLACE\CodeIgniter\rareconsultancy_CI\vendor\codeigniter4\framework\system\CodeIgniter.php(410): CodeIgniter\CodeIgniter->runController(Object(App\Controllers\Dashboard))
#2 D:\WEB SERVICES\WORKPLACE\CodeIgniter\rareconsultancy_CI\vendor\codeigniter4\framework\system\CodeIgniter.php(318): CodeIgniter\CodeIgniter->handleRequest(NULL, Object(Config\Cache), false)
#3 D:\WEB SERVICES\WORKPLACE\CodeIgniter\rareconsultancy_CI\public\index.php(37): CodeIgniter\CodeIgniter->run()
#4 D:\WEB SERVICES\WORKPLACE\CodeIgniter\rareconsultancy_CI\vendor\codeigniter4\framework\system\Commands\Server\rewrite.php(43): require_once('D:\\WEB SERVICES...')
#5 {main}
ERROR - 2021-12-06 12:35:58 --> Unknown column 'article_title' in 'field list'
CRITICAL - 2021-12-06 12:35:58 --> Unknown column 'article_title' in 'field list'
#0 D:\WEB SERVICES\WORKPLACE\CodeIgniter\rareconsultancy_CI\vendor\codeigniter4\framework\system\Database\MySQLi\Connection.php(292): mysqli->query('INSERT INTO `ar...', 0)
#1 D:\WEB SERVICES\WORKPLACE\CodeIgniter\rareconsultancy_CI\vendor\codeigniter4\framework\system\Database\BaseConnection.php(670): CodeIgniter\Database\MySQLi\Connection->execute('INSERT INTO `ar...')
#2 D:\WEB SERVICES\WORKPLACE\CodeIgniter\rareconsultancy_CI\vendor\codeigniter4\framework\system\Database\BaseConnection.php(598): CodeIgniter\Database\BaseConnection->simpleQuery('INSERT INTO `ar...')
#3 D:\WEB SERVICES\WORKPLACE\CodeIgniter\rareconsultancy_CI\vendor\codeigniter4\framework\system\Database\BaseBuilder.php(1759): CodeIgniter\Database\BaseConnection->query('INSERT INTO `ar...', Array, false)
#4 D:\WEB SERVICES\WORKPLACE\CodeIgniter\rareconsultancy_CI\app\Models\ArticleModel.php(32): CodeIgniter\Database\BaseBuilder->insert(Array)
#5 D:\WEB SERVICES\WORKPLACE\CodeIgniter\rareconsultancy_CI\app\Controllers\Dashboard.php(29): App\Models\ArticleModel->article_add(Array)
#6 D:\WEB SERVICES\WORKPLACE\CodeIgniter\rareconsultancy_CI\vendor\codeigniter4\framework\system\CodeIgniter.php(824): App\Controllers\Dashboard->article_add()
#7 D:\WEB SERVICES\WORKPLACE\CodeIgniter\rareconsultancy_CI\vendor\codeigniter4\framework\system\CodeIgniter.php(410): CodeIgniter\CodeIgniter->runController(Object(App\Controllers\Dashboard))
#8 D:\WEB SERVICES\WORKPLACE\CodeIgniter\rareconsultancy_CI\vendor\codeigniter4\framework\system\CodeIgniter.php(318): CodeIgniter\CodeIgniter->handleRequest(NULL, Object(Config\Cache), false)
#9 D:\WEB SERVICES\WORKPLACE\CodeIgniter\rareconsultancy_CI\public\index.php(37): CodeIgniter\CodeIgniter->run()
#10 D:\WEB SERVICES\WORKPLACE\CodeIgniter\rareconsultancy_CI\vendor\codeigniter4\framework\system\Commands\Server\rewrite.php(43): require_once('D:\\WEB SERVICES...')
#11 {main}
CRITICAL - 2021-12-06 12:40:07 --> Cannot use object of type stdClass as array
#0 D:\WEB SERVICES\WORKPLACE\CodeIgniter\rareconsultancy_CI\vendor\codeigniter4\framework\system\View\View.php(214): include()
#1 D:\WEB SERVICES\WORKPLACE\CodeIgniter\rareconsultancy_CI\vendor\codeigniter4\framework\system\View\View.php(217): CodeIgniter\View\View->CodeIgniter\View\{closure}()
#2 D:\WEB SERVICES\WORKPLACE\CodeIgniter\rareconsultancy_CI\vendor\codeigniter4\framework\system\Common.php(1097): CodeIgniter\View\View->render('dashboard/index', Array, true)
#3 D:\WEB SERVICES\WORKPLACE\CodeIgniter\rareconsultancy_CI\app\Controllers\Dashboard.php(18): view('dashboard/index', Array)
#4 D:\WEB SERVICES\WORKPLACE\CodeIgniter\rareconsultancy_CI\vendor\codeigniter4\framework\system\CodeIgniter.php(824): App\Controllers\Dashboard->index()
#5 D:\WEB SERVICES\WORKPLACE\CodeIgniter\rareconsultancy_CI\vendor\codeigniter4\framework\system\CodeIgniter.php(410): CodeIgniter\CodeIgniter->runController(Object(App\Controllers\Dashboard))
#6 D:\WEB SERVICES\WORKPLACE\CodeIgniter\rareconsultancy_CI\vendor\codeigniter4\framework\system\CodeIgniter.php(318): CodeIgniter\CodeIgniter->handleRequest(NULL, Object(Config\Cache), false)
#7 D:\WEB SERVICES\WORKPLACE\CodeIgniter\rareconsultancy_CI\public\index.php(37): CodeIgniter\CodeIgniter->run()
#8 D:\WEB SERVICES\WORKPLACE\CodeIgniter\rareconsultancy_CI\vendor\codeigniter4\framework\system\Commands\Server\rewrite.php(43): require_once('D:\\WEB SERVICES...')
#9 {main}
CRITICAL - 2021-12-06 12:40:56 --> Cannot use object of type stdClass as array
#0 D:\WEB SERVICES\WORKPLACE\CodeIgniter\rareconsultancy_CI\vendor\codeigniter4\framework\system\View\View.php(214): include()
#1 D:\WEB SERVICES\WORKPLACE\CodeIgniter\rareconsultancy_CI\vendor\codeigniter4\framework\system\View\View.php(217): CodeIgniter\View\View->CodeIgniter\View\{closure}()
#2 D:\WEB SERVICES\WORKPLACE\CodeIgniter\rareconsultancy_CI\vendor\codeigniter4\framework\system\Common.php(1097): CodeIgniter\View\View->render('dashboard/index', Array, true)
#3 D:\WEB SERVICES\WORKPLACE\CodeIgniter\rareconsultancy_CI\app\Controllers\Dashboard.php(18): view('dashboard/index', Array)
#4 D:\WEB SERVICES\WORKPLACE\CodeIgniter\rareconsultancy_CI\vendor\codeigniter4\framework\system\CodeIgniter.php(824): App\Controllers\Dashboard->index()
#5 D:\WEB SERVICES\WORKPLACE\CodeIgniter\rareconsultancy_CI\vendor\codeigniter4\framework\system\CodeIgniter.php(410): CodeIgniter\CodeIgniter->runController(Object(App\Controllers\Dashboard))
#6 D:\WEB SERVICES\WORKPLACE\CodeIgniter\rareconsultancy_CI\vendor\codeigniter4\framework\system\CodeIgniter.php(318): CodeIgniter\CodeIgniter->handleRequest(NULL, Object(Config\Cache), false)
#7 D:\WEB SERVICES\WORKPLACE\CodeIgniter\rareconsultancy_CI\public\index.php(37): CodeIgniter\CodeIgniter->run()
#8 D:\WEB SERVICES\WORKPLACE\CodeIgniter\rareconsultancy_CI\vendor\codeigniter4\framework\system\Commands\Server\rewrite.php(43): require_once('D:\\WEB SERVICES...')
#9 {main}
CRITICAL - 2021-12-06 12:41:40 --> Cannot use object of type stdClass as array
#0 D:\WEB SERVICES\WORKPLACE\CodeIgniter\rareconsultancy_CI\vendor\codeigniter4\framework\system\View\View.php(214): include()
#1 D:\WEB SERVICES\WORKPLACE\CodeIgniter\rareconsultancy_CI\vendor\codeigniter4\framework\system\View\View.php(217): CodeIgniter\View\View->CodeIgniter\View\{closure}()
#2 D:\WEB SERVICES\WORKPLACE\CodeIgniter\rareconsultancy_CI\vendor\codeigniter4\framework\system\Common.php(1097): CodeIgniter\View\View->render('dashboard/index', Array, true)
#3 D:\WEB SERVICES\WORKPLACE\CodeIgniter\rareconsultancy_CI\app\Controllers\Dashboard.php(18): view('dashboard/index', Array)
#4 D:\WEB SERVICES\WORKPLACE\CodeIgniter\rareconsultancy_CI\vendor\codeigniter4\framework\system\CodeIgniter.php(824): App\Controllers\Dashboard->index()
#5 D:\WEB SERVICES\WORKPLACE\CodeIgniter\rareconsultancy_CI\vendor\codeigniter4\framework\system\CodeIgniter.php(410): CodeIgniter\CodeIgniter->runController(Object(App\Controllers\Dashboard))
#6 D:\WEB SERVICES\WORKPLACE\CodeIgniter\rareconsultancy_CI\vendor\codeigniter4\framework\system\CodeIgniter.php(318): CodeIgniter\CodeIgniter->handleRequest(NULL, Object(Config\Cache), false)
#7 D:\WEB SERVICES\WORKPLACE\CodeIgniter\rareconsultancy_CI\public\index.php(37): CodeIgniter\CodeIgniter->run()
#8 D:\WEB SERVICES\WORKPLACE\CodeIgniter\rareconsultancy_CI\vendor\codeigniter4\framework\system\Commands\Server\rewrite.php(43): require_once('D:\\WEB SERVICES...')
#9 {main}
CRITICAL - 2021-12-06 12:44:21 --> Call to a member function result_array() on array
#0 D:\WEB SERVICES\WORKPLACE\CodeIgniter\rareconsultancy_CI\vendor\codeigniter4\framework\system\CodeIgniter.php(824): App\Controllers\Dashboard->index()
#1 D:\WEB SERVICES\WORKPLACE\CodeIgniter\rareconsultancy_CI\vendor\codeigniter4\framework\system\CodeIgniter.php(410): CodeIgniter\CodeIgniter->runController(Object(App\Controllers\Dashboard))
#2 D:\WEB SERVICES\WORKPLACE\CodeIgniter\rareconsultancy_CI\vendor\codeigniter4\framework\system\CodeIgniter.php(318): CodeIgniter\CodeIgniter->handleRequest(NULL, Object(Config\Cache), false)
#3 D:\WEB SERVICES\WORKPLACE\CodeIgniter\rareconsultancy_CI\public\index.php(37): CodeIgniter\CodeIgniter->run()
#4 D:\WEB SERVICES\WORKPLACE\CodeIgniter\rareconsultancy_CI\vendor\codeigniter4\framework\system\Commands\Server\rewrite.php(43): require_once('D:\\WEB SERVICES...')
#5 {main}
CRITICAL - 2021-12-06 14:00:59 --> Too few arguments to function App\Controllers\Dashboard::ajax_post(), 0 passed in D:\WEB SERVICES\WORKPLACE\CodeIgniter\rareconsultancy_CI\vendor\codeigniter4\framework\system\CodeIgniter.php on line 824 and exactly 1 expected
#0 D:\WEB SERVICES\WORKPLACE\CodeIgniter\rareconsultancy_CI\vendor\codeigniter4\framework\system\CodeIgniter.php(824): App\Controllers\Dashboard->ajax_post()
#1 D:\WEB SERVICES\WORKPLACE\CodeIgniter\rareconsultancy_CI\vendor\codeigniter4\framework\system\CodeIgniter.php(410): CodeIgniter\CodeIgniter->runController(Object(App\Controllers\Dashboard))
#2 D:\WEB SERVICES\WORKPLACE\CodeIgniter\rareconsultancy_CI\vendor\codeigniter4\framework\system\CodeIgniter.php(318): CodeIgniter\CodeIgniter->handleRequest(NULL, Object(Config\Cache), false)
#3 D:\WEB SERVICES\WORKPLACE\CodeIgniter\rareconsultancy_CI\public\index.php(37): CodeIgniter\CodeIgniter->run()
#4 D:\WEB SERVICES\WORKPLACE\CodeIgniter\rareconsultancy_CI\vendor\codeigniter4\framework\system\Commands\Server\rewrite.php(43): require_once('D:\\WEB SERVICES...')
#5 {main}
CRITICAL - 2021-12-06 14:02:21 --> Too few arguments to function App\Controllers\Dashboard::ajax_post(), 0 passed in D:\WEB SERVICES\WORKPLACE\CodeIgniter\rareconsultancy_CI\vendor\codeigniter4\framework\system\CodeIgniter.php on line 824 and exactly 1 expected
#0 D:\WEB SERVICES\WORKPLACE\CodeIgniter\rareconsultancy_CI\vendor\codeigniter4\framework\system\CodeIgniter.php(824): App\Controllers\Dashboard->ajax_post()
#1 D:\WEB SERVICES\WORKPLACE\CodeIgniter\rareconsultancy_CI\vendor\codeigniter4\framework\system\CodeIgniter.php(410): CodeIgniter\CodeIgniter->runController(Object(App\Controllers\Dashboard))
#2 D:\WEB SERVICES\WORKPLACE\CodeIgniter\rareconsultancy_CI\vendor\codeigniter4\framework\system\CodeIgniter.php(318): CodeIgniter\CodeIgniter->handleRequest(NULL, Object(Config\Cache), false)
#3 D:\WEB SERVICES\WORKPLACE\CodeIgniter\rareconsultancy_CI\public\index.php(37): CodeIgniter\CodeIgniter->run()
#4 D:\WEB SERVICES\WORKPLACE\CodeIgniter\rareconsultancy_CI\vendor\codeigniter4\framework\system\Commands\Server\rewrite.php(43): require_once('D:\\WEB SERVICES...')
#5 {main}
CRITICAL - 2021-12-06 14:04:18 --> Too few arguments to function App\Controllers\Dashboard::ajax_post(), 0 passed in D:\WEB SERVICES\WORKPLACE\CodeIgniter\rareconsultancy_CI\vendor\codeigniter4\framework\system\CodeIgniter.php on line 824 and exactly 1 expected
#0 D:\WEB SERVICES\WORKPLACE\CodeIgniter\rareconsultancy_CI\vendor\codeigniter4\framework\system\CodeIgniter.php(824): App\Controllers\Dashboard->ajax_post()
#1 D:\WEB SERVICES\WORKPLACE\CodeIgniter\rareconsultancy_CI\vendor\codeigniter4\framework\system\CodeIgniter.php(410): CodeIgniter\CodeIgniter->runController(Object(App\Controllers\Dashboard))
#2 D:\WEB SERVICES\WORKPLACE\CodeIgniter\rareconsultancy_CI\vendor\codeigniter4\framework\system\CodeIgniter.php(318): CodeIgniter\CodeIgniter->handleRequest(NULL, Object(Config\Cache), false)
#3 D:\WEB SERVICES\WORKPLACE\CodeIgniter\rareconsultancy_CI\public\index.php(37): CodeIgniter\CodeIgniter->run()
#4 D:\WEB SERVICES\WORKPLACE\CodeIgniter\rareconsultancy_CI\vendor\codeigniter4\framework\system\Commands\Server\rewrite.php(43): require_once('D:\\WEB SERVICES...')
#5 {main}
ERROR - 2021-12-06 14:08:12 --> Unknown column 'article_id' in 'where clause'
CRITICAL - 2021-12-06 14:08:12 --> Unknown column 'article_id' in 'where clause'
#0 D:\WEB SERVICES\WORKPLACE\CodeIgniter\rareconsultancy_CI\vendor\codeigniter4\framework\system\Database\MySQLi\Connection.php(292): mysqli->query('select * from a...', 0)
#1 D:\WEB SERVICES\WORKPLACE\CodeIgniter\rareconsultancy_CI\vendor\codeigniter4\framework\system\Database\BaseConnection.php(670): CodeIgniter\Database\MySQLi\Connection->execute('select * from a...')
#2 D:\WEB SERVICES\WORKPLACE\CodeIgniter\rareconsultancy_CI\vendor\codeigniter4\framework\system\Database\BaseConnection.php(598): CodeIgniter\Database\BaseConnection->simpleQuery('select * from a...')
#3 D:\WEB SERVICES\WORKPLACE\CodeIgniter\rareconsultancy_CI\app\Models\ArticleModel.php(26): CodeIgniter\Database\BaseConnection->query('select * from a...')
#4 D:\WEB SERVICES\WORKPLACE\CodeIgniter\rareconsultancy_CI\app\Controllers\Dashboard.php(34): App\Models\ArticleModel->get_by_id('1')
#5 D:\WEB SERVICES\WORKPLACE\CodeIgniter\rareconsultancy_CI\vendor\codeigniter4\framework\system\CodeIgniter.php(824): App\Controllers\Dashboard->ajax_post('1')
#6 D:\WEB SERVICES\WORKPLACE\CodeIgniter\rareconsultancy_CI\vendor\codeigniter4\framework\system\CodeIgniter.php(410): CodeIgniter\CodeIgniter->runController(Object(App\Controllers\Dashboard))
#7 D:\WEB SERVICES\WORKPLACE\CodeIgniter\rareconsultancy_CI\vendor\codeigniter4\framework\system\CodeIgniter.php(318): CodeIgniter\CodeIgniter->handleRequest(NULL, Object(Config\Cache), false)
#8 D:\WEB SERVICES\WORKPLACE\CodeIgniter\rareconsultancy_CI\public\index.php(37): CodeIgniter\CodeIgniter->run()
#9 D:\WEB SERVICES\WORKPLACE\CodeIgniter\rareconsultancy_CI\vendor\codeigniter4\framework\system\Commands\Server\rewrite.php(43): require_once('D:\\WEB SERVICES...')
#10 {main}
CRITICAL - 2021-12-06 14:12:34 --> The action you requested is not allowed.
#0 D:\WEB SERVICES\WORKPLACE\CodeIgniter\rareconsultancy_CI\vendor\codeigniter4\framework\system\Security\Security.php(277): CodeIgniter\Security\Exceptions\SecurityException::forDisallowedAction()
#1 D:\WEB SERVICES\WORKPLACE\CodeIgniter\rareconsultancy_CI\vendor\codeigniter4\framework\system\Filters\CSRF.php(53): CodeIgniter\Security\Security->verify(Object(CodeIgniter\HTTP\IncomingRequest))
#2 D:\WEB SERVICES\WORKPLACE\CodeIgniter\rareconsultancy_CI\vendor\codeigniter4\framework\system\Filters\Filters.php(173): CodeIgniter\Filters\CSRF->before(Object(CodeIgniter\HTTP\IncomingRequest), NULL)
#3 D:\WEB SERVICES\WORKPLACE\CodeIgniter\rareconsultancy_CI\vendor\codeigniter4\framework\system\CodeIgniter.php(384): CodeIgniter\Filters\Filters->run('admin/post-upda...', 'before')
#4 D:\WEB SERVICES\WORKPLACE\CodeIgniter\rareconsultancy_CI\vendor\codeigniter4\framework\system\CodeIgniter.php(318): CodeIgniter\CodeIgniter->handleRequest(NULL, Object(Config\Cache), false)
#5 D:\WEB SERVICES\WORKPLACE\CodeIgniter\rareconsultancy_CI\public\index.php(37): CodeIgniter\CodeIgniter->run()
#6 D:\WEB SERVICES\WORKPLACE\CodeIgniter\rareconsultancy_CI\vendor\codeigniter4\framework\system\Commands\Server\rewrite.php(43): require_once('D:\\WEB SERVICES...')
#7 {main}
CRITICAL - 2021-12-06 14:12:42 --> The action you requested is not allowed.
#0 D:\WEB SERVICES\WORKPLACE\CodeIgniter\rareconsultancy_CI\vendor\codeigniter4\framework\system\Security\Security.php(277): CodeIgniter\Security\Exceptions\SecurityException::forDisallowedAction()
#1 D:\WEB SERVICES\WORKPLACE\CodeIgniter\rareconsultancy_CI\vendor\codeigniter4\framework\system\Filters\CSRF.php(53): CodeIgniter\Security\Security->verify(Object(CodeIgniter\HTTP\IncomingRequest))
#2 D:\WEB SERVICES\WORKPLACE\CodeIgniter\rareconsultancy_CI\vendor\codeigniter4\framework\system\Filters\Filters.php(173): CodeIgniter\Filters\CSRF->before(Object(CodeIgniter\HTTP\IncomingRequest), NULL)
#3 D:\WEB SERVICES\WORKPLACE\CodeIgniter\rareconsultancy_CI\vendor\codeigniter4\framework\system\CodeIgniter.php(384): CodeIgniter\Filters\Filters->run('admin/post-upda...', 'before')
#4 D:\WEB SERVICES\WORKPLACE\CodeIgniter\rareconsultancy_CI\vendor\codeigniter4\framework\system\CodeIgniter.php(318): CodeIgniter\CodeIgniter->handleRequest(NULL, Object(Config\Cache), false)
#5 D:\WEB SERVICES\WORKPLACE\CodeIgniter\rareconsultancy_CI\public\index.php(37): CodeIgniter\CodeIgniter->run()
#6 D:\WEB SERVICES\WORKPLACE\CodeIgniter\rareconsultancy_CI\vendor\codeigniter4\framework\system\Commands\Server\rewrite.php(43): require_once('D:\\WEB SERVICES...')
#7 {main}
CRITICAL - 2021-12-06 14:13:40 --> Too few arguments to function App\Models\ArticleModel::article_update(), 1 passed in D:\WEB SERVICES\WORKPLACE\CodeIgniter\rareconsultancy_CI\app\Controllers\Dashboard.php on line 44 and exactly 2 expected
#0 D:\WEB SERVICES\WORKPLACE\CodeIgniter\rareconsultancy_CI\app\Controllers\Dashboard.php(44): App\Models\ArticleModel->article_update(Array)
#1 D:\WEB SERVICES\WORKPLACE\CodeIgniter\rareconsultancy_CI\vendor\codeigniter4\framework\system\CodeIgniter.php(824): App\Controllers\Dashboard->article_update()
#2 D:\WEB SERVICES\WORKPLACE\CodeIgniter\rareconsultancy_CI\vendor\codeigniter4\framework\system\CodeIgniter.php(410): CodeIgniter\CodeIgniter->runController(Object(App\Controllers\Dashboard))
#3 D:\WEB SERVICES\WORKPLACE\CodeIgniter\rareconsultancy_CI\vendor\codeigniter4\framework\system\CodeIgniter.php(318): CodeIgniter\CodeIgniter->handleRequest(NULL, Object(Config\Cache), false)
#4 D:\WEB SERVICES\WORKPLACE\CodeIgniter\rareconsultancy_CI\public\index.php(37): CodeIgniter\CodeIgniter->run()
#5 D:\WEB SERVICES\WORKPLACE\CodeIgniter\rareconsultancy_CI\vendor\codeigniter4\framework\system\Commands\Server\rewrite.php(43): require_once('D:\\WEB SERVICES...')
#6 {main}
CRITICAL - 2021-12-06 14:14:31 --> Too few arguments to function App\Models\ArticleModel::article_update(), 1 passed in D:\WEB SERVICES\WORKPLACE\CodeIgniter\rareconsultancy_CI\app\Controllers\Dashboard.php on line 44 and exactly 2 expected
#0 D:\WEB SERVICES\WORKPLACE\CodeIgniter\rareconsultancy_CI\app\Controllers\Dashboard.php(44): App\Models\ArticleModel->article_update(Array)
#1 D:\WEB SERVICES\WORKPLACE\CodeIgniter\rareconsultancy_CI\vendor\codeigniter4\framework\system\CodeIgniter.php(824): App\Controllers\Dashboard->article_update('$1')
#2 D:\WEB SERVICES\WORKPLACE\CodeIgniter\rareconsultancy_CI\vendor\codeigniter4\framework\system\CodeIgniter.php(410): CodeIgniter\CodeIgniter->runController(Object(App\Controllers\Dashboard))
#3 D:\WEB SERVICES\WORKPLACE\CodeIgniter\rareconsultancy_CI\vendor\codeigniter4\framework\system\CodeIgniter.php(318): CodeIgniter\CodeIgniter->handleRequest(NULL, Object(Config\Cache), false)
#4 D:\WEB SERVICES\WORKPLACE\CodeIgniter\rareconsultancy_CI\public\index.php(37): CodeIgniter\CodeIgniter->run()
#5 D:\WEB SERVICES\WORKPLACE\CodeIgniter\rareconsultancy_CI\vendor\codeigniter4\framework\system\Commands\Server\rewrite.php(43): require_once('D:\\WEB SERVICES...')
#6 {main}
ERROR - 2021-12-06 14:16:04 --> Unknown column 'article_title' in 'field list'
CRITICAL - 2021-12-06 14:16:04 --> Unknown column 'article_title' in 'field list'
#0 D:\WEB SERVICES\WORKPLACE\CodeIgniter\rareconsultancy_CI\vendor\codeigniter4\framework\system\Database\MySQLi\Connection.php(292): mysqli->query('UPDATE `article...', 0)
#1 D:\WEB SERVICES\WORKPLACE\CodeIgniter\rareconsultancy_CI\vendor\codeigniter4\framework\system\Database\BaseConnection.php(670): CodeIgniter\Database\MySQLi\Connection->execute('UPDATE `article...')
#2 D:\WEB SERVICES\WORKPLACE\CodeIgniter\rareconsultancy_CI\vendor\codeigniter4\framework\system\Database\BaseConnection.php(598): CodeIgniter\Database\BaseConnection->simpleQuery('UPDATE `article...')
#3 D:\WEB SERVICES\WORKPLACE\CodeIgniter\rareconsultancy_CI\vendor\codeigniter4\framework\system\Database\BaseBuilder.php(1901): CodeIgniter\Database\BaseConnection->query('UPDATE `article...', Array, false)
#4 D:\WEB SERVICES\WORKPLACE\CodeIgniter\rareconsultancy_CI\app\Models\ArticleModel.php(37): CodeIgniter\Database\BaseBuilder->update(Array)
#5 D:\WEB SERVICES\WORKPLACE\CodeIgniter\rareconsultancy_CI\app\Controllers\Dashboard.php(44): App\Models\ArticleModel->article_update(Array)
#6 D:\WEB SERVICES\WORKPLACE\CodeIgniter\rareconsultancy_CI\vendor\codeigniter4\framework\system\CodeIgniter.php(824): App\Controllers\Dashboard->article_update('$1')
#7 D:\WEB SERVICES\WORKPLACE\CodeIgniter\rareconsultancy_CI\vendor\codeigniter4\framework\system\CodeIgniter.php(410): CodeIgniter\CodeIgniter->runController(Object(App\Controllers\Dashboard))
#8 D:\WEB SERVICES\WORKPLACE\CodeIgniter\rareconsultancy_CI\vendor\codeigniter4\framework\system\CodeIgniter.php(318): CodeIgniter\CodeIgniter->handleRequest(NULL, Object(Config\Cache), false)
#9 D:\WEB SERVICES\WORKPLACE\CodeIgniter\rareconsultancy_CI\public\index.php(37): CodeIgniter\CodeIgniter->run()
#10 D:\WEB SERVICES\WORKPLACE\CodeIgniter\rareconsultancy_CI\vendor\codeigniter4\framework\system\Commands\Server\rewrite.php(43): require_once('D:\\WEB SERVICES...')
#11 {main}
CRITICAL - 2021-12-06 14:54:34 --> The action you requested is not allowed.
#0 D:\WEB SERVICES\WORKPLACE\CodeIgniter\rareconsultancy_CI\vendor\codeigniter4\framework\system\Security\Security.php(277): CodeIgniter\Security\Exceptions\SecurityException::forDisallowedAction()
#1 D:\WEB SERVICES\WORKPLACE\CodeIgniter\rareconsultancy_CI\vendor\codeigniter4\framework\system\Filters\CSRF.php(53): CodeIgniter\Security\Security->verify(Object(CodeIgniter\HTTP\IncomingRequest))
#2 D:\WEB SERVICES\WORKPLACE\CodeIgniter\rareconsultancy_CI\vendor\codeigniter4\framework\system\Filters\Filters.php(173): CodeIgniter\Filters\CSRF->before(Object(CodeIgniter\HTTP\IncomingRequest), NULL)
#3 D:\WEB SERVICES\WORKPLACE\CodeIgniter\rareconsultancy_CI\vendor\codeigniter4\framework\system\CodeIgniter.php(384): CodeIgniter\Filters\Filters->run('admin/post-upda...', 'before')
#4 D:\WEB SERVICES\WORKPLACE\CodeIgniter\rareconsultancy_CI\vendor\codeigniter4\framework\system\CodeIgniter.php(318): CodeIgniter\CodeIgniter->handleRequest(NULL, Object(Config\Cache), false)
#5 D:\WEB SERVICES\WORKPLACE\CodeIgniter\rareconsultancy_CI\public\index.php(37): CodeIgniter\CodeIgniter->run()
#6 D:\WEB SERVICES\WORKPLACE\CodeIgniter\rareconsultancy_CI\vendor\codeigniter4\framework\system\Commands\Server\rewrite.php(43): require_once('D:\\WEB SERVICES...')
#7 {main}
CRITICAL - 2021-12-06 15:05:26 --> The action you requested is not allowed.
#0 D:\WEB SERVICES\WORKPLACE\CodeIgniter\rareconsultancy_CI\vendor\codeigniter4\framework\system\Security\Security.php(277): CodeIgniter\Security\Exceptions\SecurityException::forDisallowedAction()
#1 D:\WEB SERVICES\WORKPLACE\CodeIgniter\rareconsultancy_CI\vendor\codeigniter4\framework\system\Filters\CSRF.php(53): CodeIgniter\Security\Security->verify(Object(CodeIgniter\HTTP\IncomingRequest))
#2 D:\WEB SERVICES\WORKPLACE\CodeIgniter\rareconsultancy_CI\vendor\codeigniter4\framework\system\Filters\Filters.php(173): CodeIgniter\Filters\CSRF->before(Object(CodeIgniter\HTTP\IncomingRequest), NULL)
#3 D:\WEB SERVICES\WORKPLACE\CodeIgniter\rareconsultancy_CI\vendor\codeigniter4\framework\system\CodeIgniter.php(384): CodeIgniter\Filters\Filters->run('admin/post-upda...', 'before')
#4 D:\WEB SERVICES\WORKPLACE\CodeIgniter\rareconsultancy_CI\vendor\codeigniter4\framework\system\CodeIgniter.php(318): CodeIgniter\CodeIgniter->handleRequest(NULL, Object(Config\Cache), false)
#5 D:\WEB SERVICES\WORKPLACE\CodeIgniter\rareconsultancy_CI\public\index.php(37): CodeIgniter\CodeIgniter->run()
#6 D:\WEB SERVICES\WORKPLACE\CodeIgniter\rareconsultancy_CI\vendor\codeigniter4\framework\system\Commands\Server\rewrite.php(43): require_once('D:\\WEB SERVICES...')
#7 {main}
CRITICAL - 2021-12-06 15:10:10 --> The action you requested is not allowed.
#0 D:\WEB SERVICES\WORKPLACE\CodeIgniter\rareconsultancy_CI\vendor\codeigniter4\framework\system\Security\Security.php(277): CodeIgniter\Security\Exceptions\SecurityException::forDisallowedAction()
#1 D:\WEB SERVICES\WORKPLACE\CodeIgniter\rareconsultancy_CI\vendor\codeigniter4\framework\system\Filters\CSRF.php(53): CodeIgniter\Security\Security->verify(Object(CodeIgniter\HTTP\IncomingRequest))
#2 D:\WEB SERVICES\WORKPLACE\CodeIgniter\rareconsultancy_CI\vendor\codeigniter4\framework\system\Filters\Filters.php(173): CodeIgniter\Filters\CSRF->before(Object(CodeIgniter\HTTP\IncomingRequest), NULL)
#3 D:\WEB SERVICES\WORKPLACE\CodeIgniter\rareconsultancy_CI\vendor\codeigniter4\framework\system\CodeIgniter.php(384): CodeIgniter\Filters\Filters->run('admin/post-upda...', 'before')
#4 D:\WEB SERVICES\WORKPLACE\CodeIgniter\rareconsultancy_CI\vendor\codeigniter4\framework\system\CodeIgniter.php(318): CodeIgniter\CodeIgniter->handleRequest(NULL, Object(Config\Cache), false)
#5 D:\WEB SERVICES\WORKPLACE\CodeIgniter\rareconsultancy_CI\public\index.php(37): CodeIgniter\CodeIgniter->run()
#6 D:\WEB SERVICES\WORKPLACE\CodeIgniter\rareconsultancy_CI\vendor\codeigniter4\framework\system\Commands\Server\rewrite.php(43): require_once('D:\\WEB SERVICES...')
#7 {main}
CRITICAL - 2021-12-06 15:13:30 --> The action you requested is not allowed.
#0 D:\WEB SERVICES\WORKPLACE\CodeIgniter\rareconsultancy_CI\vendor\codeigniter4\framework\system\Security\Security.php(277): CodeIgniter\Security\Exceptions\SecurityException::forDisallowedAction()
#1 D:\WEB SERVICES\WORKPLACE\CodeIgniter\rareconsultancy_CI\vendor\codeigniter4\framework\system\Filters\CSRF.php(53): CodeIgniter\Security\Security->verify(Object(CodeIgniter\HTTP\IncomingRequest))
#2 D:\WEB SERVICES\WORKPLACE\CodeIgniter\rareconsultancy_CI\vendor\codeigniter4\framework\system\Filters\Filters.php(173): CodeIgniter\Filters\CSRF->before(Object(CodeIgniter\HTTP\IncomingRequest), NULL)
#3 D:\WEB SERVICES\WORKPLACE\CodeIgniter\rareconsultancy_CI\vendor\codeigniter4\framework\system\CodeIgniter.php(384): CodeIgniter\Filters\Filters->run('admin/post-edit', 'before')
#4 D:\WEB SERVICES\WORKPLACE\CodeIgniter\rareconsultancy_CI\vendor\codeigniter4\framework\system\CodeIgniter.php(318): CodeIgniter\CodeIgniter->handleRequest(NULL, Object(Config\Cache), false)
#5 D:\WEB SERVICES\WORKPLACE\CodeIgniter\rareconsultancy_CI\public\index.php(37): CodeIgniter\CodeIgniter->run()
#6 D:\WEB SERVICES\WORKPLACE\CodeIgniter\rareconsultancy_CI\vendor\codeigniter4\framework\system\Commands\Server\rewrite.php(43): require_once('D:\\WEB SERVICES...')
#7 {main}
CRITICAL - 2021-12-06 15:14:09 --> The action you requested is not allowed.
#0 D:\WEB SERVICES\WORKPLACE\CodeIgniter\rareconsultancy_CI\vendor\codeigniter4\framework\system\Security\Security.php(277): CodeIgniter\Security\Exceptions\SecurityException::forDisallowedAction()
#1 D:\WEB SERVICES\WORKPLACE\CodeIgniter\rareconsultancy_CI\vendor\codeigniter4\framework\system\Filters\CSRF.php(53): CodeIgniter\Security\Security->verify(Object(CodeIgniter\HTTP\IncomingRequest))
#2 D:\WEB SERVICES\WORKPLACE\CodeIgniter\rareconsultancy_CI\vendor\codeigniter4\framework\system\Filters\Filters.php(173): CodeIgniter\Filters\CSRF->before(Object(CodeIgniter\HTTP\IncomingRequest), NULL)
#3 D:\WEB SERVICES\WORKPLACE\CodeIgniter\rareconsultancy_CI\vendor\codeigniter4\framework\system\CodeIgniter.php(384): CodeIgniter\Filters\Filters->run('admin/post-edit', 'before')
#4 D:\WEB SERVICES\WORKPLACE\CodeIgniter\rareconsultancy_CI\vendor\codeigniter4\framework\system\CodeIgniter.php(318): CodeIgniter\CodeIgniter->handleRequest(NULL, Object(Config\Cache), false)
#5 D:\WEB SERVICES\WORKPLACE\CodeIgniter\rareconsultancy_CI\public\index.php(37): CodeIgniter\CodeIgniter->run()
#6 D:\WEB SERVICES\WORKPLACE\CodeIgniter\rareconsultancy_CI\vendor\codeigniter4\framework\system\Commands\Server\rewrite.php(43): require_once('D:\\WEB SERVICES...')
#7 {main}
CRITICAL - 2021-12-06 15:15:01 --> The action you requested is not allowed.
#0 D:\WEB SERVICES\WORKPLACE\CodeIgniter\rareconsultancy_CI\vendor\codeigniter4\framework\system\Security\Security.php(277): CodeIgniter\Security\Exceptions\SecurityException::forDisallowedAction()
#1 D:\WEB SERVICES\WORKPLACE\CodeIgniter\rareconsultancy_CI\vendor\codeigniter4\framework\system\Filters\CSRF.php(53): CodeIgniter\Security\Security->verify(Object(CodeIgniter\HTTP\IncomingRequest))
#2 D:\WEB SERVICES\WORKPLACE\CodeIgniter\rareconsultancy_CI\vendor\codeigniter4\framework\system\Filters\Filters.php(173): CodeIgniter\Filters\CSRF->before(Object(CodeIgniter\HTTP\IncomingRequest), NULL)
#3 D:\WEB SERVICES\WORKPLACE\CodeIgniter\rareconsultancy_CI\vendor\codeigniter4\framework\system\CodeIgniter.php(384): CodeIgniter\Filters\Filters->run('admin/post-upda...', 'before')
#4 D:\WEB SERVICES\WORKPLACE\CodeIgniter\rareconsultancy_CI\vendor\codeigniter4\framework\system\CodeIgniter.php(318): CodeIgniter\CodeIgniter->handleRequest(NULL, Object(Config\Cache), false)
#5 D:\WEB SERVICES\WORKPLACE\CodeIgniter\rareconsultancy_CI\public\index.php(37): CodeIgniter\CodeIgniter->run()
#6 D:\WEB SERVICES\WORKPLACE\CodeIgniter\rareconsultancy_CI\vendor\codeigniter4\framework\system\Commands\Server\rewrite.php(43): require_once('D:\\WEB SERVICES...')
#7 {main}
CRITICAL - 2021-12-06 15:19:12 --> The action you requested is not allowed.
#0 D:\WEB SERVICES\WORKPLACE\CodeIgniter\rareconsultancy_CI\vendor\codeigniter4\framework\system\Security\Security.php(277): CodeIgniter\Security\Exceptions\SecurityException::forDisallowedAction()
#1 D:\WEB SERVICES\WORKPLACE\CodeIgniter\rareconsultancy_CI\vendor\codeigniter4\framework\system\Filters\CSRF.php(53): CodeIgniter\Security\Security->verify(Object(CodeIgniter\HTTP\IncomingRequest))
#2 D:\WEB SERVICES\WORKPLACE\CodeIgniter\rareconsultancy_CI\vendor\codeigniter4\framework\system\Filters\Filters.php(173): CodeIgniter\Filters\CSRF->before(Object(CodeIgniter\HTTP\IncomingRequest), NULL)
#3 D:\WEB SERVICES\WORKPLACE\CodeIgniter\rareconsultancy_CI\vendor\codeigniter4\framework\system\CodeIgniter.php(384): CodeIgniter\Filters\Filters->run('admin/post-upda...', 'before')
#4 D:\WEB SERVICES\WORKPLACE\CodeIgniter\rareconsultancy_CI\vendor\codeigniter4\framework\system\CodeIgniter.php(318): CodeIgniter\CodeIgniter->handleRequest(NULL, Object(Config\Cache), false)
#5 D:\WEB SERVICES\WORKPLACE\CodeIgniter\rareconsultancy_CI\public\index.php(37): CodeIgniter\CodeIgniter->run()
#6 D:\WEB SERVICES\WORKPLACE\CodeIgniter\rareconsultancy_CI\vendor\codeigniter4\framework\system\Commands\Server\rewrite.php(43): require_once('D:\\WEB SERVICES...')
#7 {main}
CRITICAL - 2021-12-06 15:24:13 --> The action you requested is not allowed.
#0 D:\WEB SERVICES\WORKPLACE\CodeIgniter\rareconsultancy_CI\vendor\codeigniter4\framework\system\Security\Security.php(277): CodeIgniter\Security\Exceptions\SecurityException::forDisallowedAction()
#1 D:\WEB SERVICES\WORKPLACE\CodeIgniter\rareconsultancy_CI\vendor\codeigniter4\framework\system\Filters\CSRF.php(53): CodeIgniter\Security\Security->verify(Object(CodeIgniter\HTTP\IncomingRequest))
#2 D:\WEB SERVICES\WORKPLACE\CodeIgniter\rareconsultancy_CI\vendor\codeigniter4\framework\system\Filters\Filters.php(173): CodeIgniter\Filters\CSRF->before(Object(CodeIgniter\HTTP\IncomingRequest), NULL)
#3 D:\WEB SERVICES\WORKPLACE\CodeIgniter\rareconsultancy_CI\vendor\codeigniter4\framework\system\CodeIgniter.php(384): CodeIgniter\Filters\Filters->run('admin/post-upda...', 'before')
#4 D:\WEB SERVICES\WORKPLACE\CodeIgniter\rareconsultancy_CI\vendor\codeigniter4\framework\system\CodeIgniter.php(318): CodeIgniter\CodeIgniter->handleRequest(NULL, Object(Config\Cache), false)
#5 D:\WEB SERVICES\WORKPLACE\CodeIgniter\rareconsultancy_CI\public\index.php(37): CodeIgniter\CodeIgniter->run()
#6 D:\WEB SERVICES\WORKPLACE\CodeIgniter\rareconsultancy_CI\vendor\codeigniter4\framework\system\Commands\Server\rewrite.php(43): require_once('D:\\WEB SERVICES...')
#7 {main}
CRITICAL - 2021-12-06 15:24:20 --> The action you requested is not allowed.
#0 D:\WEB SERVICES\WORKPLACE\CodeIgniter\rareconsultancy_CI\vendor\codeigniter4\framework\system\Security\Security.php(277): CodeIgniter\Security\Exceptions\SecurityException::forDisallowedAction()
#1 D:\WEB SERVICES\WORKPLACE\CodeIgniter\rareconsultancy_CI\vendor\codeigniter4\framework\system\Filters\CSRF.php(53): CodeIgniter\Security\Security->verify(Object(CodeIgniter\HTTP\IncomingRequest))
#2 D:\WEB SERVICES\WORKPLACE\CodeIgniter\rareconsultancy_CI\vendor\codeigniter4\framework\system\Filters\Filters.php(173): CodeIgniter\Filters\CSRF->before(Object(CodeIgniter\HTTP\IncomingRequest), NULL)
#3 D:\WEB SERVICES\WORKPLACE\CodeIgniter\rareconsultancy_CI\vendor\codeigniter4\framework\system\CodeIgniter.php(384): CodeIgniter\Filters\Filters->run('admin/post-upda...', 'before')
#4 D:\WEB SERVICES\WORKPLACE\CodeIgniter\rareconsultancy_CI\vendor\codeigniter4\framework\system\CodeIgniter.php(318): CodeIgniter\CodeIgniter->handleRequest(NULL, Object(Config\Cache), false)
#5 D:\WEB SERVICES\WORKPLACE\CodeIgniter\rareconsultancy_CI\public\index.php(37): CodeIgniter\CodeIgniter->run()
#6 D:\WEB SERVICES\WORKPLACE\CodeIgniter\rareconsultancy_CI\vendor\codeigniter4\framework\system\Commands\Server\rewrite.php(43): require_once('D:\\WEB SERVICES...')
#7 {main}
CRITICAL - 2021-12-06 15:30:32 --> The action you requested is not allowed.
#0 D:\WEB SERVICES\WORKPLACE\CodeIgniter\rareconsultancy_CI\vendor\codeigniter4\framework\system\Security\Security.php(277): CodeIgniter\Security\Exceptions\SecurityException::forDisallowedAction()
#1 D:\WEB SERVICES\WORKPLACE\CodeIgniter\rareconsultancy_CI\vendor\codeigniter4\framework\system\Filters\CSRF.php(53): CodeIgniter\Security\Security->verify(Object(CodeIgniter\HTTP\IncomingRequest))
#2 D:\WEB SERVICES\WORKPLACE\CodeIgniter\rareconsultancy_CI\vendor\codeigniter4\framework\system\Filters\Filters.php(173): CodeIgniter\Filters\CSRF->before(Object(CodeIgniter\HTTP\IncomingRequest), NULL)
#3 D:\WEB SERVICES\WORKPLACE\CodeIgniter\rareconsultancy_CI\vendor\codeigniter4\framework\system\CodeIgniter.php(384): CodeIgniter\Filters\Filters->run('admin/post-upda...', 'before')
#4 D:\WEB SERVICES\WORKPLACE\CodeIgniter\rareconsultancy_CI\vendor\codeigniter4\framework\system\CodeIgniter.php(318): CodeIgniter\CodeIgniter->handleRequest(NULL, Object(Config\Cache), false)
#5 D:\WEB SERVICES\WORKPLACE\CodeIgniter\rareconsultancy_CI\public\index.php(37): CodeIgniter\CodeIgniter->run()
#6 D:\WEB SERVICES\WORKPLACE\CodeIgniter\rareconsultancy_CI\vendor\codeigniter4\framework\system\Commands\Server\rewrite.php(43): require_once('D:\\WEB SERVICES...')
#7 {main}
CRITICAL - 2021-12-06 15:53:43 --> The action you requested is not allowed.
#0 D:\WEB SERVICES\WORKPLACE\CodeIgniter\rareconsultancy_CI\vendor\codeigniter4\framework\system\Security\Security.php(277): CodeIgniter\Security\Exceptions\SecurityException::forDisallowedAction()
#1 D:\WEB SERVICES\WORKPLACE\CodeIgniter\rareconsultancy_CI\vendor\codeigniter4\framework\system\Filters\CSRF.php(53): CodeIgniter\Security\Security->verify(Object(CodeIgniter\HTTP\IncomingRequest))
#2 D:\WEB SERVICES\WORKPLACE\CodeIgniter\rareconsultancy_CI\vendor\codeigniter4\framework\system\Filters\Filters.php(173): CodeIgniter\Filters\CSRF->before(Object(CodeIgniter\HTTP\IncomingRequest), NULL)
#3 D:\WEB SERVICES\WORKPLACE\CodeIgniter\rareconsultancy_CI\vendor\codeigniter4\framework\system\CodeIgniter.php(384): CodeIgniter\Filters\Filters->run('admin/article_d...', 'before')
#4 D:\WEB SERVICES\WORKPLACE\CodeIgniter\rareconsultancy_CI\vendor\codeigniter4\framework\system\CodeIgniter.php(318): CodeIgniter\CodeIgniter->handleRequest(NULL, Object(Config\Cache), false)
#5 D:\WEB SERVICES\WORKPLACE\CodeIgniter\rareconsultancy_CI\public\index.php(37): CodeIgniter\CodeIgniter->run()
#6 D:\WEB SERVICES\WORKPLACE\CodeIgniter\rareconsultancy_CI\vendor\codeigniter4\framework\system\Commands\Server\rewrite.php(43): require_once('D:\\WEB SERVICES...')
#7 {main}
