CRITICAL - 2021-12-08 15:25:30 --> Call to undefined method App\Models\ArticleModel::get_all_articles
#0 D:\WEB SERVICES\WORKPLACE\CodeIgniter\rareconsultancy_CI\app\Controllers\Dashboard.php(17): CodeIgniter\Model->__call('get_all_article...', Array)
#1 D:\WEB SERVICES\WORKPLACE\CodeIgniter\rareconsultancy_CI\vendor\codeigniter4\framework\system\CodeIgniter.php(824): App\Controllers\Dashboard->index()
#2 D:\WEB SERVICES\WORKPLACE\CodeIgniter\rareconsultancy_CI\vendor\codeigniter4\framework\system\CodeIgniter.php(410): CodeIgniter\CodeIgniter->runController(Object(App\Controllers\Dashboard))
#3 D:\WEB SERVICES\WORKPLACE\CodeIgniter\rareconsultancy_CI\vendor\codeigniter4\framework\system\CodeIgniter.php(318): CodeIgniter\CodeIgniter->handleRequest(NULL, Object(Config\Cache), false)
#4 D:\WEB SERVICES\WORKPLACE\CodeIgniter\rareconsultancy_CI\public\index.php(37): CodeIgniter\CodeIgniter->run()
#5 D:\WEB SERVICES\WORKPLACE\CodeIgniter\rareconsultancy_CI\vendor\codeigniter4\framework\system\Commands\Server\rewrite.php(43): require_once('D:\\WEB SERVICES...')
#6 {main}
CRITICAL - 2021-12-08 15:26:19 --> The action you requested is not allowed.
#0 D:\WEB SERVICES\WORKPLACE\CodeIgniter\rareconsultancy_CI\vendor\codeigniter4\framework\system\Security\Security.php(277): CodeIgniter\Security\Exceptions\SecurityException::forDisallowedAction()
#1 D:\WEB SERVICES\WORKPLACE\CodeIgniter\rareconsultancy_CI\vendor\codeigniter4\framework\system\Filters\CSRF.php(53): CodeIgniter\Security\Security->verify(Object(CodeIgniter\HTTP\IncomingRequest))
#2 D:\WEB SERVICES\WORKPLACE\CodeIgniter\rareconsultancy_CI\vendor\codeigniter4\framework\system\Filters\Filters.php(173): CodeIgniter\Filters\CSRF->before(Object(CodeIgniter\HTTP\IncomingRequest), NULL)
#3 D:\WEB SERVICES\WORKPLACE\CodeIgniter\rareconsultancy_CI\vendor\codeigniter4\framework\system\CodeIgniter.php(384): CodeIgniter\Filters\Filters->run('admin/post-crea...', 'before')
#4 D:\WEB SERVICES\WORKPLACE\CodeIgniter\rareconsultancy_CI\vendor\codeigniter4\framework\system\CodeIgniter.php(318): CodeIgniter\CodeIgniter->handleRequest(NULL, Object(Config\Cache), false)
#5 D:\WEB SERVICES\WORKPLACE\CodeIgniter\rareconsultancy_CI\public\index.php(37): CodeIgniter\CodeIgniter->run()
#6 D:\WEB SERVICES\WORKPLACE\CodeIgniter\rareconsultancy_CI\vendor\codeigniter4\framework\system\Commands\Server\rewrite.php(43): require_once('D:\\WEB SERVICES...')
#7 {main}
CRITICAL - 2021-12-08 15:26:30 --> The action you requested is not allowed.
#0 D:\WEB SERVICES\WORKPLACE\CodeIgniter\rareconsultancy_CI\vendor\codeigniter4\framework\system\Security\Security.php(277): CodeIgniter\Security\Exceptions\SecurityException::forDisallowedAction()
#1 D:\WEB SERVICES\WORKPLACE\CodeIgniter\rareconsultancy_CI\vendor\codeigniter4\framework\system\Filters\CSRF.php(53): CodeIgniter\Security\Security->verify(Object(CodeIgniter\HTTP\IncomingRequest))
#2 D:\WEB SERVICES\WORKPLACE\CodeIgniter\rareconsultancy_CI\vendor\codeigniter4\framework\system\Filters\Filters.php(173): CodeIgniter\Filters\CSRF->before(Object(CodeIgniter\HTTP\IncomingRequest), NULL)
#3 D:\WEB SERVICES\WORKPLACE\CodeIgniter\rareconsultancy_CI\vendor\codeigniter4\framework\system\CodeIgniter.php(384): CodeIgniter\Filters\Filters->run('admin/post-crea...', 'before')
#4 D:\WEB SERVICES\WORKPLACE\CodeIgniter\rareconsultancy_CI\vendor\codeigniter4\framework\system\CodeIgniter.php(318): CodeIgniter\CodeIgniter->handleRequest(NULL, Object(Config\Cache), false)
#5 D:\WEB SERVICES\WORKPLACE\CodeIgniter\rareconsultancy_CI\public\index.php(37): CodeIgniter\CodeIgniter->run()
#6 D:\WEB SERVICES\WORKPLACE\CodeIgniter\rareconsultancy_CI\vendor\codeigniter4\framework\system\Commands\Server\rewrite.php(43): require_once('D:\\WEB SERVICES...')
#7 {main}
CRITICAL - 2021-12-08 15:27:19 --> The action you requested is not allowed.
#0 D:\WEB SERVICES\WORKPLACE\CodeIgniter\rareconsultancy_CI\vendor\codeigniter4\framework\system\Security\Security.php(277): CodeIgniter\Security\Exceptions\SecurityException::forDisallowedAction()
#1 D:\WEB SERVICES\WORKPLACE\CodeIgniter\rareconsultancy_CI\vendor\codeigniter4\framework\system\Filters\CSRF.php(53): CodeIgniter\Security\Security->verify(Object(CodeIgniter\HTTP\IncomingRequest))
#2 D:\WEB SERVICES\WORKPLACE\CodeIgniter\rareconsultancy_CI\vendor\codeigniter4\framework\system\Filters\Filters.php(173): CodeIgniter\Filters\CSRF->before(Object(CodeIgniter\HTTP\IncomingRequest), NULL)
#3 D:\WEB SERVICES\WORKPLACE\CodeIgniter\rareconsultancy_CI\vendor\codeigniter4\framework\system\CodeIgniter.php(384): CodeIgniter\Filters\Filters->run('admin/post-crea...', 'before')
#4 D:\WEB SERVICES\WORKPLACE\CodeIgniter\rareconsultancy_CI\vendor\codeigniter4\framework\system\CodeIgniter.php(318): CodeIgniter\CodeIgniter->handleRequest(NULL, Object(Config\Cache), false)
#5 D:\WEB SERVICES\WORKPLACE\CodeIgniter\rareconsultancy_CI\public\index.php(37): CodeIgniter\CodeIgniter->run()
#6 D:\WEB SERVICES\WORKPLACE\CodeIgniter\rareconsultancy_CI\vendor\codeigniter4\framework\system\Commands\Server\rewrite.php(43): require_once('D:\\WEB SERVICES...')
#7 {main}
CRITICAL - 2021-12-08 15:28:21 --> The action you requested is not allowed.
#0 D:\WEB SERVICES\WORKPLACE\CodeIgniter\rareconsultancy_CI\vendor\codeigniter4\framework\system\Security\Security.php(277): CodeIgniter\Security\Exceptions\SecurityException::forDisallowedAction()
#1 D:\WEB SERVICES\WORKPLACE\CodeIgniter\rareconsultancy_CI\vendor\codeigniter4\framework\system\Filters\CSRF.php(53): CodeIgniter\Security\Security->verify(Object(CodeIgniter\HTTP\IncomingRequest))
#2 D:\WEB SERVICES\WORKPLACE\CodeIgniter\rareconsultancy_CI\vendor\codeigniter4\framework\system\Filters\Filters.php(173): CodeIgniter\Filters\CSRF->before(Object(CodeIgniter\HTTP\IncomingRequest), NULL)
#3 D:\WEB SERVICES\WORKPLACE\CodeIgniter\rareconsultancy_CI\vendor\codeigniter4\framework\system\CodeIgniter.php(384): CodeIgniter\Filters\Filters->run('admin/post-crea...', 'before')
#4 D:\WEB SERVICES\WORKPLACE\CodeIgniter\rareconsultancy_CI\vendor\codeigniter4\framework\system\CodeIgniter.php(318): CodeIgniter\CodeIgniter->handleRequest(NULL, Object(Config\Cache), false)
#5 D:\WEB SERVICES\WORKPLACE\CodeIgniter\rareconsultancy_CI\public\index.php(37): CodeIgniter\CodeIgniter->run()
#6 D:\WEB SERVICES\WORKPLACE\CodeIgniter\rareconsultancy_CI\vendor\codeigniter4\framework\system\Commands\Server\rewrite.php(43): require_once('D:\\WEB SERVICES...')
#7 {main}
CRITICAL - 2021-12-08 15:32:04 --> Call to a member function get_csrf_token_name() on null
#0 D:\WEB SERVICES\WORKPLACE\CodeIgniter\rareconsultancy_CI\vendor\codeigniter4\framework\system\View\View.php(214): include()
#1 D:\WEB SERVICES\WORKPLACE\CodeIgniter\rareconsultancy_CI\vendor\codeigniter4\framework\system\View\View.php(217): CodeIgniter\View\View->CodeIgniter\View\{closure}()
#2 D:\WEB SERVICES\WORKPLACE\CodeIgniter\rareconsultancy_CI\vendor\codeigniter4\framework\system\Common.php(1097): CodeIgniter\View\View->render('dashboard/index', Array, true)
#3 D:\WEB SERVICES\WORKPLACE\CodeIgniter\rareconsultancy_CI\app\Controllers\Dashboard.php(15): view('dashboard/index', Array)
#4 D:\WEB SERVICES\WORKPLACE\CodeIgniter\rareconsultancy_CI\vendor\codeigniter4\framework\system\CodeIgniter.php(824): App\Controllers\Dashboard->index()
#5 D:\WEB SERVICES\WORKPLACE\CodeIgniter\rareconsultancy_CI\vendor\codeigniter4\framework\system\CodeIgniter.php(410): CodeIgniter\CodeIgniter->runController(Object(App\Controllers\Dashboard))
#6 D:\WEB SERVICES\WORKPLACE\CodeIgniter\rareconsultancy_CI\vendor\codeigniter4\framework\system\CodeIgniter.php(318): CodeIgniter\CodeIgniter->handleRequest(NULL, Object(Config\Cache), false)
#7 D:\WEB SERVICES\WORKPLACE\CodeIgniter\rareconsultancy_CI\public\index.php(37): CodeIgniter\CodeIgniter->run()
#8 D:\WEB SERVICES\WORKPLACE\CodeIgniter\rareconsultancy_CI\vendor\codeigniter4\framework\system\Commands\Server\rewrite.php(43): require_once('D:\\WEB SERVICES...')
#9 {main}
CRITICAL - 2021-12-08 15:34:22 --> The action you requested is not allowed.
#0 D:\WEB SERVICES\WORKPLACE\CodeIgniter\rareconsultancy_CI\vendor\codeigniter4\framework\system\Security\Security.php(277): CodeIgniter\Security\Exceptions\SecurityException::forDisallowedAction()
#1 D:\WEB SERVICES\WORKPLACE\CodeIgniter\rareconsultancy_CI\vendor\codeigniter4\framework\system\Filters\CSRF.php(53): CodeIgniter\Security\Security->verify(Object(CodeIgniter\HTTP\IncomingRequest))
#2 D:\WEB SERVICES\WORKPLACE\CodeIgniter\rareconsultancy_CI\vendor\codeigniter4\framework\system\Filters\Filters.php(173): CodeIgniter\Filters\CSRF->before(Object(CodeIgniter\HTTP\IncomingRequest), NULL)
#3 D:\WEB SERVICES\WORKPLACE\CodeIgniter\rareconsultancy_CI\vendor\codeigniter4\framework\system\CodeIgniter.php(384): CodeIgniter\Filters\Filters->run('admin/post-crea...', 'before')
#4 D:\WEB SERVICES\WORKPLACE\CodeIgniter\rareconsultancy_CI\vendor\codeigniter4\framework\system\CodeIgniter.php(318): CodeIgniter\CodeIgniter->handleRequest(NULL, Object(Config\Cache), false)
#5 D:\WEB SERVICES\WORKPLACE\CodeIgniter\rareconsultancy_CI\public\index.php(37): CodeIgniter\CodeIgniter->run()
#6 D:\WEB SERVICES\WORKPLACE\CodeIgniter\rareconsultancy_CI\vendor\codeigniter4\framework\system\Commands\Server\rewrite.php(43): require_once('D:\\WEB SERVICES...')
#7 {main}
CRITICAL - 2021-12-08 15:36:31 --> The action you requested is not allowed.
#0 D:\WEB SERVICES\WORKPLACE\CodeIgniter\rareconsultancy_CI\vendor\codeigniter4\framework\system\Security\Security.php(277): CodeIgniter\Security\Exceptions\SecurityException::forDisallowedAction()
#1 D:\WEB SERVICES\WORKPLACE\CodeIgniter\rareconsultancy_CI\vendor\codeigniter4\framework\system\Filters\CSRF.php(53): CodeIgniter\Security\Security->verify(Object(CodeIgniter\HTTP\IncomingRequest))
#2 D:\WEB SERVICES\WORKPLACE\CodeIgniter\rareconsultancy_CI\vendor\codeigniter4\framework\system\Filters\Filters.php(173): CodeIgniter\Filters\CSRF->before(Object(CodeIgniter\HTTP\IncomingRequest), NULL)
#3 D:\WEB SERVICES\WORKPLACE\CodeIgniter\rareconsultancy_CI\vendor\codeigniter4\framework\system\CodeIgniter.php(384): CodeIgniter\Filters\Filters->run('admin/post-crea...', 'before')
#4 D:\WEB SERVICES\WORKPLACE\CodeIgniter\rareconsultancy_CI\vendor\codeigniter4\framework\system\CodeIgniter.php(318): CodeIgniter\CodeIgniter->handleRequest(NULL, Object(Config\Cache), false)
#5 D:\WEB SERVICES\WORKPLACE\CodeIgniter\rareconsultancy_CI\public\index.php(37): CodeIgniter\CodeIgniter->run()
#6 D:\WEB SERVICES\WORKPLACE\CodeIgniter\rareconsultancy_CI\vendor\codeigniter4\framework\system\Commands\Server\rewrite.php(43): require_once('D:\\WEB SERVICES...')
#7 {main}
CRITICAL - 2021-12-08 15:36:36 --> The action you requested is not allowed.
#0 D:\WEB SERVICES\WORKPLACE\CodeIgniter\rareconsultancy_CI\vendor\codeigniter4\framework\system\Security\Security.php(277): CodeIgniter\Security\Exceptions\SecurityException::forDisallowedAction()
#1 D:\WEB SERVICES\WORKPLACE\CodeIgniter\rareconsultancy_CI\vendor\codeigniter4\framework\system\Filters\CSRF.php(53): CodeIgniter\Security\Security->verify(Object(CodeIgniter\HTTP\IncomingRequest))
#2 D:\WEB SERVICES\WORKPLACE\CodeIgniter\rareconsultancy_CI\vendor\codeigniter4\framework\system\Filters\Filters.php(173): CodeIgniter\Filters\CSRF->before(Object(CodeIgniter\HTTP\IncomingRequest), NULL)
#3 D:\WEB SERVICES\WORKPLACE\CodeIgniter\rareconsultancy_CI\vendor\codeigniter4\framework\system\CodeIgniter.php(384): CodeIgniter\Filters\Filters->run('admin/post-crea...', 'before')
#4 D:\WEB SERVICES\WORKPLACE\CodeIgniter\rareconsultancy_CI\vendor\codeigniter4\framework\system\CodeIgniter.php(318): CodeIgniter\CodeIgniter->handleRequest(NULL, Object(Config\Cache), false)
#5 D:\WEB SERVICES\WORKPLACE\CodeIgniter\rareconsultancy_CI\public\index.php(37): CodeIgniter\CodeIgniter->run()
#6 D:\WEB SERVICES\WORKPLACE\CodeIgniter\rareconsultancy_CI\vendor\codeigniter4\framework\system\Commands\Server\rewrite.php(43): require_once('D:\\WEB SERVICES...')
#7 {main}
CRITICAL - 2021-12-08 15:36:39 --> The action you requested is not allowed.
#0 D:\WEB SERVICES\WORKPLACE\CodeIgniter\rareconsultancy_CI\vendor\codeigniter4\framework\system\Security\Security.php(277): CodeIgniter\Security\Exceptions\SecurityException::forDisallowedAction()
#1 D:\WEB SERVICES\WORKPLACE\CodeIgniter\rareconsultancy_CI\vendor\codeigniter4\framework\system\Filters\CSRF.php(53): CodeIgniter\Security\Security->verify(Object(CodeIgniter\HTTP\IncomingRequest))
#2 D:\WEB SERVICES\WORKPLACE\CodeIgniter\rareconsultancy_CI\vendor\codeigniter4\framework\system\Filters\Filters.php(173): CodeIgniter\Filters\CSRF->before(Object(CodeIgniter\HTTP\IncomingRequest), NULL)
#3 D:\WEB SERVICES\WORKPLACE\CodeIgniter\rareconsultancy_CI\vendor\codeigniter4\framework\system\CodeIgniter.php(384): CodeIgniter\Filters\Filters->run('admin/post-crea...', 'before')
#4 D:\WEB SERVICES\WORKPLACE\CodeIgniter\rareconsultancy_CI\vendor\codeigniter4\framework\system\CodeIgniter.php(318): CodeIgniter\CodeIgniter->handleRequest(NULL, Object(Config\Cache), false)
#5 D:\WEB SERVICES\WORKPLACE\CodeIgniter\rareconsultancy_CI\public\index.php(37): CodeIgniter\CodeIgniter->run()
#6 D:\WEB SERVICES\WORKPLACE\CodeIgniter\rareconsultancy_CI\vendor\codeigniter4\framework\system\Commands\Server\rewrite.php(43): require_once('D:\\WEB SERVICES...')
#7 {main}
CRITICAL - 2021-12-08 15:37:48 --> The action you requested is not allowed.
#0 D:\WEB SERVICES\WORKPLACE\CodeIgniter\rareconsultancy_CI\vendor\codeigniter4\framework\system\Security\Security.php(277): CodeIgniter\Security\Exceptions\SecurityException::forDisallowedAction()
#1 D:\WEB SERVICES\WORKPLACE\CodeIgniter\rareconsultancy_CI\vendor\codeigniter4\framework\system\Filters\CSRF.php(53): CodeIgniter\Security\Security->verify(Object(CodeIgniter\HTTP\IncomingRequest))
#2 D:\WEB SERVICES\WORKPLACE\CodeIgniter\rareconsultancy_CI\vendor\codeigniter4\framework\system\Filters\Filters.php(173): CodeIgniter\Filters\CSRF->before(Object(CodeIgniter\HTTP\IncomingRequest), NULL)
#3 D:\WEB SERVICES\WORKPLACE\CodeIgniter\rareconsultancy_CI\vendor\codeigniter4\framework\system\CodeIgniter.php(384): CodeIgniter\Filters\Filters->run('admin/post-crea...', 'before')
#4 D:\WEB SERVICES\WORKPLACE\CodeIgniter\rareconsultancy_CI\vendor\codeigniter4\framework\system\CodeIgniter.php(318): CodeIgniter\CodeIgniter->handleRequest(NULL, Object(Config\Cache), false)
#5 D:\WEB SERVICES\WORKPLACE\CodeIgniter\rareconsultancy_CI\public\index.php(37): CodeIgniter\CodeIgniter->run()
#6 D:\WEB SERVICES\WORKPLACE\CodeIgniter\rareconsultancy_CI\vendor\codeigniter4\framework\system\Commands\Server\rewrite.php(43): require_once('D:\\WEB SERVICES...')
#7 {main}
CRITICAL - 2021-12-08 15:45:21 --> The action you requested is not allowed.
#0 D:\WEB SERVICES\WORKPLACE\CodeIgniter\rareconsultancy_CI\vendor\codeigniter4\framework\system\Security\Security.php(277): CodeIgniter\Security\Exceptions\SecurityException::forDisallowedAction()
#1 D:\WEB SERVICES\WORKPLACE\CodeIgniter\rareconsultancy_CI\vendor\codeigniter4\framework\system\Filters\CSRF.php(53): CodeIgniter\Security\Security->verify(Object(CodeIgniter\HTTP\IncomingRequest))
#2 D:\WEB SERVICES\WORKPLACE\CodeIgniter\rareconsultancy_CI\vendor\codeigniter4\framework\system\Filters\Filters.php(173): CodeIgniter\Filters\CSRF->before(Object(CodeIgniter\HTTP\IncomingRequest), NULL)
#3 D:\WEB SERVICES\WORKPLACE\CodeIgniter\rareconsultancy_CI\vendor\codeigniter4\framework\system\CodeIgniter.php(384): CodeIgniter\Filters\Filters->run('admin/post-crea...', 'before')
#4 D:\WEB SERVICES\WORKPLACE\CodeIgniter\rareconsultancy_CI\vendor\codeigniter4\framework\system\CodeIgniter.php(318): CodeIgniter\CodeIgniter->handleRequest(NULL, Object(Config\Cache), false)
#5 D:\WEB SERVICES\WORKPLACE\CodeIgniter\rareconsultancy_CI\public\index.php(37): CodeIgniter\CodeIgniter->run()
#6 D:\WEB SERVICES\WORKPLACE\CodeIgniter\rareconsultancy_CI\vendor\codeigniter4\framework\system\Commands\Server\rewrite.php(43): require_once('D:\\WEB SERVICES...')
#7 {main}
CRITICAL - 2021-12-08 15:52:54 --> The action you requested is not allowed.
#0 D:\WEB SERVICES\WORKPLACE\CodeIgniter\rareconsultancy_CI\vendor\codeigniter4\framework\system\Security\Security.php(277): CodeIgniter\Security\Exceptions\SecurityException::forDisallowedAction()
#1 D:\WEB SERVICES\WORKPLACE\CodeIgniter\rareconsultancy_CI\vendor\codeigniter4\framework\system\Filters\CSRF.php(53): CodeIgniter\Security\Security->verify(Object(CodeIgniter\HTTP\IncomingRequest))
#2 D:\WEB SERVICES\WORKPLACE\CodeIgniter\rareconsultancy_CI\vendor\codeigniter4\framework\system\Filters\Filters.php(173): CodeIgniter\Filters\CSRF->before(Object(CodeIgniter\HTTP\IncomingRequest), NULL)
#3 D:\WEB SERVICES\WORKPLACE\CodeIgniter\rareconsultancy_CI\vendor\codeigniter4\framework\system\CodeIgniter.php(384): CodeIgniter\Filters\Filters->run('admin/post-crea...', 'before')
#4 D:\WEB SERVICES\WORKPLACE\CodeIgniter\rareconsultancy_CI\vendor\codeigniter4\framework\system\CodeIgniter.php(318): CodeIgniter\CodeIgniter->handleRequest(NULL, Object(Config\Cache), false)
#5 D:\WEB SERVICES\WORKPLACE\CodeIgniter\rareconsultancy_CI\public\index.php(37): CodeIgniter\CodeIgniter->run()
#6 D:\WEB SERVICES\WORKPLACE\CodeIgniter\rareconsultancy_CI\vendor\codeigniter4\framework\system\Commands\Server\rewrite.php(43): require_once('D:\\WEB SERVICES...')
#7 {main}
CRITICAL - 2021-12-08 15:53:01 --> The action you requested is not allowed.
#0 D:\WEB SERVICES\WORKPLACE\CodeIgniter\rareconsultancy_CI\vendor\codeigniter4\framework\system\Security\Security.php(277): CodeIgniter\Security\Exceptions\SecurityException::forDisallowedAction()
#1 D:\WEB SERVICES\WORKPLACE\CodeIgniter\rareconsultancy_CI\vendor\codeigniter4\framework\system\Filters\CSRF.php(53): CodeIgniter\Security\Security->verify(Object(CodeIgniter\HTTP\IncomingRequest))
#2 D:\WEB SERVICES\WORKPLACE\CodeIgniter\rareconsultancy_CI\vendor\codeigniter4\framework\system\Filters\Filters.php(173): CodeIgniter\Filters\CSRF->before(Object(CodeIgniter\HTTP\IncomingRequest), NULL)
#3 D:\WEB SERVICES\WORKPLACE\CodeIgniter\rareconsultancy_CI\vendor\codeigniter4\framework\system\CodeIgniter.php(384): CodeIgniter\Filters\Filters->run('admin/post-crea...', 'before')
#4 D:\WEB SERVICES\WORKPLACE\CodeIgniter\rareconsultancy_CI\vendor\codeigniter4\framework\system\CodeIgniter.php(318): CodeIgniter\CodeIgniter->handleRequest(NULL, Object(Config\Cache), false)
#5 D:\WEB SERVICES\WORKPLACE\CodeIgniter\rareconsultancy_CI\public\index.php(37): CodeIgniter\CodeIgniter->run()
#6 D:\WEB SERVICES\WORKPLACE\CodeIgniter\rareconsultancy_CI\vendor\codeigniter4\framework\system\Commands\Server\rewrite.php(43): require_once('D:\\WEB SERVICES...')
#7 {main}
CRITICAL - 2021-12-08 15:55:52 --> The action you requested is not allowed.
#0 D:\WEB SERVICES\WORKPLACE\CodeIgniter\rareconsultancy_CI\vendor\codeigniter4\framework\system\Security\Security.php(277): CodeIgniter\Security\Exceptions\SecurityException::forDisallowedAction()
#1 D:\WEB SERVICES\WORKPLACE\CodeIgniter\rareconsultancy_CI\vendor\codeigniter4\framework\system\Filters\CSRF.php(53): CodeIgniter\Security\Security->verify(Object(CodeIgniter\HTTP\IncomingRequest))
#2 D:\WEB SERVICES\WORKPLACE\CodeIgniter\rareconsultancy_CI\vendor\codeigniter4\framework\system\Filters\Filters.php(173): CodeIgniter\Filters\CSRF->before(Object(CodeIgniter\HTTP\IncomingRequest), NULL)
#3 D:\WEB SERVICES\WORKPLACE\CodeIgniter\rareconsultancy_CI\vendor\codeigniter4\framework\system\CodeIgniter.php(384): CodeIgniter\Filters\Filters->run('admin/post-crea...', 'before')
#4 D:\WEB SERVICES\WORKPLACE\CodeIgniter\rareconsultancy_CI\vendor\codeigniter4\framework\system\CodeIgniter.php(318): CodeIgniter\CodeIgniter->handleRequest(NULL, Object(Config\Cache), false)
#5 D:\WEB SERVICES\WORKPLACE\CodeIgniter\rareconsultancy_CI\public\index.php(37): CodeIgniter\CodeIgniter->run()
#6 D:\WEB SERVICES\WORKPLACE\CodeIgniter\rareconsultancy_CI\vendor\codeigniter4\framework\system\Commands\Server\rewrite.php(43): require_once('D:\\WEB SERVICES...')
#7 {main}
CRITICAL - 2021-12-08 16:00:26 --> The action you requested is not allowed.
#0 D:\WEB SERVICES\WORKPLACE\CodeIgniter\rareconsultancy_CI\vendor\codeigniter4\framework\system\Security\Security.php(277): CodeIgniter\Security\Exceptions\SecurityException::forDisallowedAction()
#1 D:\WEB SERVICES\WORKPLACE\CodeIgniter\rareconsultancy_CI\vendor\codeigniter4\framework\system\Filters\CSRF.php(53): CodeIgniter\Security\Security->verify(Object(CodeIgniter\HTTP\IncomingRequest))
#2 D:\WEB SERVICES\WORKPLACE\CodeIgniter\rareconsultancy_CI\vendor\codeigniter4\framework\system\Filters\Filters.php(173): CodeIgniter\Filters\CSRF->before(Object(CodeIgniter\HTTP\IncomingRequest), NULL)
#3 D:\WEB SERVICES\WORKPLACE\CodeIgniter\rareconsultancy_CI\vendor\codeigniter4\framework\system\CodeIgniter.php(384): CodeIgniter\Filters\Filters->run('admin/post-crea...', 'before')
#4 D:\WEB SERVICES\WORKPLACE\CodeIgniter\rareconsultancy_CI\vendor\codeigniter4\framework\system\CodeIgniter.php(318): CodeIgniter\CodeIgniter->handleRequest(NULL, Object(Config\Cache), false)
#5 D:\WEB SERVICES\WORKPLACE\CodeIgniter\rareconsultancy_CI\public\index.php(37): CodeIgniter\CodeIgniter->run()
#6 D:\WEB SERVICES\WORKPLACE\CodeIgniter\rareconsultancy_CI\vendor\codeigniter4\framework\system\Commands\Server\rewrite.php(43): require_once('D:\\WEB SERVICES...')
#7 {main}
CRITICAL - 2021-12-08 16:01:59 --> The action you requested is not allowed.
#0 D:\WEB SERVICES\WORKPLACE\CodeIgniter\rareconsultancy_CI\vendor\codeigniter4\framework\system\Security\Security.php(277): CodeIgniter\Security\Exceptions\SecurityException::forDisallowedAction()
#1 D:\WEB SERVICES\WORKPLACE\CodeIgniter\rareconsultancy_CI\vendor\codeigniter4\framework\system\Filters\CSRF.php(53): CodeIgniter\Security\Security->verify(Object(CodeIgniter\HTTP\IncomingRequest))
#2 D:\WEB SERVICES\WORKPLACE\CodeIgniter\rareconsultancy_CI\vendor\codeigniter4\framework\system\Filters\Filters.php(173): CodeIgniter\Filters\CSRF->before(Object(CodeIgniter\HTTP\IncomingRequest), NULL)
#3 D:\WEB SERVICES\WORKPLACE\CodeIgniter\rareconsultancy_CI\vendor\codeigniter4\framework\system\CodeIgniter.php(384): CodeIgniter\Filters\Filters->run('admin/post-crea...', 'before')
#4 D:\WEB SERVICES\WORKPLACE\CodeIgniter\rareconsultancy_CI\vendor\codeigniter4\framework\system\CodeIgniter.php(318): CodeIgniter\CodeIgniter->handleRequest(NULL, Object(Config\Cache), false)
#5 D:\WEB SERVICES\WORKPLACE\CodeIgniter\rareconsultancy_CI\public\index.php(37): CodeIgniter\CodeIgniter->run()
#6 D:\WEB SERVICES\WORKPLACE\CodeIgniter\rareconsultancy_CI\vendor\codeigniter4\framework\system\Commands\Server\rewrite.php(43): require_once('D:\\WEB SERVICES...')
#7 {main}
CRITICAL - 2021-12-08 16:08:22 --> The action you requested is not allowed.
#0 D:\WEB SERVICES\WORKPLACE\CodeIgniter\rareconsultancy_CI\vendor\codeigniter4\framework\system\Security\Security.php(277): CodeIgniter\Security\Exceptions\SecurityException::forDisallowedAction()
#1 D:\WEB SERVICES\WORKPLACE\CodeIgniter\rareconsultancy_CI\vendor\codeigniter4\framework\system\Filters\CSRF.php(53): CodeIgniter\Security\Security->verify(Object(CodeIgniter\HTTP\IncomingRequest))
#2 D:\WEB SERVICES\WORKPLACE\CodeIgniter\rareconsultancy_CI\vendor\codeigniter4\framework\system\Filters\Filters.php(173): CodeIgniter\Filters\CSRF->before(Object(CodeIgniter\HTTP\IncomingRequest), NULL)
#3 D:\WEB SERVICES\WORKPLACE\CodeIgniter\rareconsultancy_CI\vendor\codeigniter4\framework\system\CodeIgniter.php(384): CodeIgniter\Filters\Filters->run('admin/post-crea...', 'before')
#4 D:\WEB SERVICES\WORKPLACE\CodeIgniter\rareconsultancy_CI\vendor\codeigniter4\framework\system\CodeIgniter.php(318): CodeIgniter\CodeIgniter->handleRequest(NULL, Object(Config\Cache), false)
#5 D:\WEB SERVICES\WORKPLACE\CodeIgniter\rareconsultancy_CI\public\index.php(37): CodeIgniter\CodeIgniter->run()
#6 D:\WEB SERVICES\WORKPLACE\CodeIgniter\rareconsultancy_CI\vendor\codeigniter4\framework\system\Commands\Server\rewrite.php(43): require_once('D:\\WEB SERVICES...')
#7 {main}
CRITICAL - 2021-12-08 16:19:28 --> The action you requested is not allowed.
#0 D:\WEB SERVICES\WORKPLACE\CodeIgniter\rareconsultancy_CI\vendor\codeigniter4\framework\system\Security\Security.php(277): CodeIgniter\Security\Exceptions\SecurityException::forDisallowedAction()
#1 D:\WEB SERVICES\WORKPLACE\CodeIgniter\rareconsultancy_CI\vendor\codeigniter4\framework\system\Filters\CSRF.php(53): CodeIgniter\Security\Security->verify(Object(CodeIgniter\HTTP\IncomingRequest))
#2 D:\WEB SERVICES\WORKPLACE\CodeIgniter\rareconsultancy_CI\vendor\codeigniter4\framework\system\Filters\Filters.php(173): CodeIgniter\Filters\CSRF->before(Object(CodeIgniter\HTTP\IncomingRequest), NULL)
#3 D:\WEB SERVICES\WORKPLACE\CodeIgniter\rareconsultancy_CI\vendor\codeigniter4\framework\system\CodeIgniter.php(384): CodeIgniter\Filters\Filters->run('admin/post-crea...', 'before')
#4 D:\WEB SERVICES\WORKPLACE\CodeIgniter\rareconsultancy_CI\vendor\codeigniter4\framework\system\CodeIgniter.php(318): CodeIgniter\CodeIgniter->handleRequest(NULL, Object(Config\Cache), false)
#5 D:\WEB SERVICES\WORKPLACE\CodeIgniter\rareconsultancy_CI\public\index.php(37): CodeIgniter\CodeIgniter->run()
#6 D:\WEB SERVICES\WORKPLACE\CodeIgniter\rareconsultancy_CI\vendor\codeigniter4\framework\system\Commands\Server\rewrite.php(43): require_once('D:\\WEB SERVICES...')
#7 {main}
CRITICAL - 2021-12-08 16:25:31 --> The action you requested is not allowed.
#0 D:\WEB SERVICES\WORKPLACE\CodeIgniter\rareconsultancy_CI\vendor\codeigniter4\framework\system\Security\Security.php(277): CodeIgniter\Security\Exceptions\SecurityException::forDisallowedAction()
#1 D:\WEB SERVICES\WORKPLACE\CodeIgniter\rareconsultancy_CI\vendor\codeigniter4\framework\system\Filters\CSRF.php(53): CodeIgniter\Security\Security->verify(Object(CodeIgniter\HTTP\IncomingRequest))
#2 D:\WEB SERVICES\WORKPLACE\CodeIgniter\rareconsultancy_CI\vendor\codeigniter4\framework\system\Filters\Filters.php(173): CodeIgniter\Filters\CSRF->before(Object(CodeIgniter\HTTP\IncomingRequest), NULL)
#3 D:\WEB SERVICES\WORKPLACE\CodeIgniter\rareconsultancy_CI\vendor\codeigniter4\framework\system\CodeIgniter.php(384): CodeIgniter\Filters\Filters->run('admin/post-crea...', 'before')
#4 D:\WEB SERVICES\WORKPLACE\CodeIgniter\rareconsultancy_CI\vendor\codeigniter4\framework\system\CodeIgniter.php(318): CodeIgniter\CodeIgniter->handleRequest(NULL, Object(Config\Cache), false)
#5 D:\WEB SERVICES\WORKPLACE\CodeIgniter\rareconsultancy_CI\public\index.php(37): CodeIgniter\CodeIgniter->run()
#6 D:\WEB SERVICES\WORKPLACE\CodeIgniter\rareconsultancy_CI\vendor\codeigniter4\framework\system\Commands\Server\rewrite.php(43): require_once('D:\\WEB SERVICES...')
#7 {main}
CRITICAL - 2021-12-08 16:25:37 --> The action you requested is not allowed.
#0 D:\WEB SERVICES\WORKPLACE\CodeIgniter\rareconsultancy_CI\vendor\codeigniter4\framework\system\Security\Security.php(277): CodeIgniter\Security\Exceptions\SecurityException::forDisallowedAction()
#1 D:\WEB SERVICES\WORKPLACE\CodeIgniter\rareconsultancy_CI\vendor\codeigniter4\framework\system\Filters\CSRF.php(53): CodeIgniter\Security\Security->verify(Object(CodeIgniter\HTTP\IncomingRequest))
#2 D:\WEB SERVICES\WORKPLACE\CodeIgniter\rareconsultancy_CI\vendor\codeigniter4\framework\system\Filters\Filters.php(173): CodeIgniter\Filters\CSRF->before(Object(CodeIgniter\HTTP\IncomingRequest), NULL)
#3 D:\WEB SERVICES\WORKPLACE\CodeIgniter\rareconsultancy_CI\vendor\codeigniter4\framework\system\CodeIgniter.php(384): CodeIgniter\Filters\Filters->run('admin/post-crea...', 'before')
#4 D:\WEB SERVICES\WORKPLACE\CodeIgniter\rareconsultancy_CI\vendor\codeigniter4\framework\system\CodeIgniter.php(318): CodeIgniter\CodeIgniter->handleRequest(NULL, Object(Config\Cache), false)
#5 D:\WEB SERVICES\WORKPLACE\CodeIgniter\rareconsultancy_CI\public\index.php(37): CodeIgniter\CodeIgniter->run()
#6 D:\WEB SERVICES\WORKPLACE\CodeIgniter\rareconsultancy_CI\vendor\codeigniter4\framework\system\Commands\Server\rewrite.php(43): require_once('D:\\WEB SERVICES...')
#7 {main}
CRITICAL - 2021-12-08 16:28:44 --> The action you requested is not allowed.
#0 D:\WEB SERVICES\WORKPLACE\CodeIgniter\rareconsultancy_CI\vendor\codeigniter4\framework\system\Security\Security.php(277): CodeIgniter\Security\Exceptions\SecurityException::forDisallowedAction()
#1 D:\WEB SERVICES\WORKPLACE\CodeIgniter\rareconsultancy_CI\vendor\codeigniter4\framework\system\Filters\CSRF.php(53): CodeIgniter\Security\Security->verify(Object(CodeIgniter\HTTP\IncomingRequest))
#2 D:\WEB SERVICES\WORKPLACE\CodeIgniter\rareconsultancy_CI\vendor\codeigniter4\framework\system\Filters\Filters.php(173): CodeIgniter\Filters\CSRF->before(Object(CodeIgniter\HTTP\IncomingRequest), NULL)
#3 D:\WEB SERVICES\WORKPLACE\CodeIgniter\rareconsultancy_CI\vendor\codeigniter4\framework\system\CodeIgniter.php(384): CodeIgniter\Filters\Filters->run('admin/post-crea...', 'before')
#4 D:\WEB SERVICES\WORKPLACE\CodeIgniter\rareconsultancy_CI\vendor\codeigniter4\framework\system\CodeIgniter.php(318): CodeIgniter\CodeIgniter->handleRequest(NULL, Object(Config\Cache), false)
#5 D:\WEB SERVICES\WORKPLACE\CodeIgniter\rareconsultancy_CI\public\index.php(37): CodeIgniter\CodeIgniter->run()
#6 D:\WEB SERVICES\WORKPLACE\CodeIgniter\rareconsultancy_CI\vendor\codeigniter4\framework\system\Commands\Server\rewrite.php(43): require_once('D:\\WEB SERVICES...')
#7 {main}
CRITICAL - 2021-12-08 16:29:13 --> The action you requested is not allowed.
#0 D:\WEB SERVICES\WORKPLACE\CodeIgniter\rareconsultancy_CI\vendor\codeigniter4\framework\system\Security\Security.php(277): CodeIgniter\Security\Exceptions\SecurityException::forDisallowedAction()
#1 D:\WEB SERVICES\WORKPLACE\CodeIgniter\rareconsultancy_CI\vendor\codeigniter4\framework\system\Filters\CSRF.php(53): CodeIgniter\Security\Security->verify(Object(CodeIgniter\HTTP\IncomingRequest))
#2 D:\WEB SERVICES\WORKPLACE\CodeIgniter\rareconsultancy_CI\vendor\codeigniter4\framework\system\Filters\Filters.php(173): CodeIgniter\Filters\CSRF->before(Object(CodeIgniter\HTTP\IncomingRequest), NULL)
#3 D:\WEB SERVICES\WORKPLACE\CodeIgniter\rareconsultancy_CI\vendor\codeigniter4\framework\system\CodeIgniter.php(384): CodeIgniter\Filters\Filters->run('admin/post-crea...', 'before')
#4 D:\WEB SERVICES\WORKPLACE\CodeIgniter\rareconsultancy_CI\vendor\codeigniter4\framework\system\CodeIgniter.php(318): CodeIgniter\CodeIgniter->handleRequest(NULL, Object(Config\Cache), false)
#5 D:\WEB SERVICES\WORKPLACE\CodeIgniter\rareconsultancy_CI\public\index.php(37): CodeIgniter\CodeIgniter->run()
#6 D:\WEB SERVICES\WORKPLACE\CodeIgniter\rareconsultancy_CI\vendor\codeigniter4\framework\system\Commands\Server\rewrite.php(43): require_once('D:\\WEB SERVICES...')
#7 {main}
CRITICAL - 2021-12-08 16:42:11 --> The action you requested is not allowed.
#0 D:\WEB SERVICES\WORKPLACE\CodeIgniter\rareconsultancy_CI\vendor\codeigniter4\framework\system\Security\Security.php(277): CodeIgniter\Security\Exceptions\SecurityException::forDisallowedAction()
#1 D:\WEB SERVICES\WORKPLACE\CodeIgniter\rareconsultancy_CI\vendor\codeigniter4\framework\system\Filters\CSRF.php(53): CodeIgniter\Security\Security->verify(Object(CodeIgniter\HTTP\IncomingRequest))
#2 D:\WEB SERVICES\WORKPLACE\CodeIgniter\rareconsultancy_CI\vendor\codeigniter4\framework\system\Filters\Filters.php(173): CodeIgniter\Filters\CSRF->before(Object(CodeIgniter\HTTP\IncomingRequest), NULL)
#3 D:\WEB SERVICES\WORKPLACE\CodeIgniter\rareconsultancy_CI\vendor\codeigniter4\framework\system\CodeIgniter.php(384): CodeIgniter\Filters\Filters->run('admin/post-crea...', 'before')
#4 D:\WEB SERVICES\WORKPLACE\CodeIgniter\rareconsultancy_CI\vendor\codeigniter4\framework\system\CodeIgniter.php(318): CodeIgniter\CodeIgniter->handleRequest(NULL, Object(Config\Cache), false)
#5 D:\WEB SERVICES\WORKPLACE\CodeIgniter\rareconsultancy_CI\public\index.php(37): CodeIgniter\CodeIgniter->run()
#6 D:\WEB SERVICES\WORKPLACE\CodeIgniter\rareconsultancy_CI\vendor\codeigniter4\framework\system\Commands\Server\rewrite.php(43): require_once('D:\\WEB SERVICES...')
#7 {main}
CRITICAL - 2021-12-08 16:46:04 --> The action you requested is not allowed.
#0 D:\WEB SERVICES\WORKPLACE\CodeIgniter\rareconsultancy_CI\vendor\codeigniter4\framework\system\Security\Security.php(277): CodeIgniter\Security\Exceptions\SecurityException::forDisallowedAction()
#1 D:\WEB SERVICES\WORKPLACE\CodeIgniter\rareconsultancy_CI\vendor\codeigniter4\framework\system\Filters\CSRF.php(53): CodeIgniter\Security\Security->verify(Object(CodeIgniter\HTTP\IncomingRequest))
#2 D:\WEB SERVICES\WORKPLACE\CodeIgniter\rareconsultancy_CI\vendor\codeigniter4\framework\system\Filters\Filters.php(173): CodeIgniter\Filters\CSRF->before(Object(CodeIgniter\HTTP\IncomingRequest), NULL)
#3 D:\WEB SERVICES\WORKPLACE\CodeIgniter\rareconsultancy_CI\vendor\codeigniter4\framework\system\CodeIgniter.php(384): CodeIgniter\Filters\Filters->run('admin/post-crea...', 'before')
#4 D:\WEB SERVICES\WORKPLACE\CodeIgniter\rareconsultancy_CI\vendor\codeigniter4\framework\system\CodeIgniter.php(318): CodeIgniter\CodeIgniter->handleRequest(NULL, Object(Config\Cache), false)
#5 D:\WEB SERVICES\WORKPLACE\CodeIgniter\rareconsultancy_CI\public\index.php(37): CodeIgniter\CodeIgniter->run()
#6 D:\WEB SERVICES\WORKPLACE\CodeIgniter\rareconsultancy_CI\vendor\codeigniter4\framework\system\Commands\Server\rewrite.php(43): require_once('D:\\WEB SERVICES...')
#7 {main}
CRITICAL - 2021-12-08 16:46:11 --> The action you requested is not allowed.
#0 D:\WEB SERVICES\WORKPLACE\CodeIgniter\rareconsultancy_CI\vendor\codeigniter4\framework\system\Security\Security.php(277): CodeIgniter\Security\Exceptions\SecurityException::forDisallowedAction()
#1 D:\WEB SERVICES\WORKPLACE\CodeIgniter\rareconsultancy_CI\vendor\codeigniter4\framework\system\Filters\CSRF.php(53): CodeIgniter\Security\Security->verify(Object(CodeIgniter\HTTP\IncomingRequest))
#2 D:\WEB SERVICES\WORKPLACE\CodeIgniter\rareconsultancy_CI\vendor\codeigniter4\framework\system\Filters\Filters.php(173): CodeIgniter\Filters\CSRF->before(Object(CodeIgniter\HTTP\IncomingRequest), NULL)
#3 D:\WEB SERVICES\WORKPLACE\CodeIgniter\rareconsultancy_CI\vendor\codeigniter4\framework\system\CodeIgniter.php(384): CodeIgniter\Filters\Filters->run('admin/post-crea...', 'before')
#4 D:\WEB SERVICES\WORKPLACE\CodeIgniter\rareconsultancy_CI\vendor\codeigniter4\framework\system\CodeIgniter.php(318): CodeIgniter\CodeIgniter->handleRequest(NULL, Object(Config\Cache), false)
#5 D:\WEB SERVICES\WORKPLACE\CodeIgniter\rareconsultancy_CI\public\index.php(37): CodeIgniter\CodeIgniter->run()
#6 D:\WEB SERVICES\WORKPLACE\CodeIgniter\rareconsultancy_CI\vendor\codeigniter4\framework\system\Commands\Server\rewrite.php(43): require_once('D:\\WEB SERVICES...')
#7 {main}
CRITICAL - 2021-12-08 16:47:43 --> The action you requested is not allowed.
#0 D:\WEB SERVICES\WORKPLACE\CodeIgniter\rareconsultancy_CI\vendor\codeigniter4\framework\system\Security\Security.php(277): CodeIgniter\Security\Exceptions\SecurityException::forDisallowedAction()
#1 D:\WEB SERVICES\WORKPLACE\CodeIgniter\rareconsultancy_CI\vendor\codeigniter4\framework\system\Filters\CSRF.php(53): CodeIgniter\Security\Security->verify(Object(CodeIgniter\HTTP\IncomingRequest))
#2 D:\WEB SERVICES\WORKPLACE\CodeIgniter\rareconsultancy_CI\vendor\codeigniter4\framework\system\Filters\Filters.php(173): CodeIgniter\Filters\CSRF->before(Object(CodeIgniter\HTTP\IncomingRequest), NULL)
#3 D:\WEB SERVICES\WORKPLACE\CodeIgniter\rareconsultancy_CI\vendor\codeigniter4\framework\system\CodeIgniter.php(384): CodeIgniter\Filters\Filters->run('admin/post-crea...', 'before')
#4 D:\WEB SERVICES\WORKPLACE\CodeIgniter\rareconsultancy_CI\vendor\codeigniter4\framework\system\CodeIgniter.php(318): CodeIgniter\CodeIgniter->handleRequest(NULL, Object(Config\Cache), false)
#5 D:\WEB SERVICES\WORKPLACE\CodeIgniter\rareconsultancy_CI\public\index.php(37): CodeIgniter\CodeIgniter->run()
#6 D:\WEB SERVICES\WORKPLACE\CodeIgniter\rareconsultancy_CI\vendor\codeigniter4\framework\system\Commands\Server\rewrite.php(43): require_once('D:\\WEB SERVICES...')
#7 {main}
CRITICAL - 2021-12-08 16:53:03 --> The action you requested is not allowed.
#0 D:\WEB SERVICES\WORKPLACE\CodeIgniter\rareconsultancy_CI\vendor\codeigniter4\framework\system\Security\Security.php(277): CodeIgniter\Security\Exceptions\SecurityException::forDisallowedAction()
#1 D:\WEB SERVICES\WORKPLACE\CodeIgniter\rareconsultancy_CI\vendor\codeigniter4\framework\system\Filters\CSRF.php(53): CodeIgniter\Security\Security->verify(Object(CodeIgniter\HTTP\IncomingRequest))
#2 D:\WEB SERVICES\WORKPLACE\CodeIgniter\rareconsultancy_CI\vendor\codeigniter4\framework\system\Filters\Filters.php(173): CodeIgniter\Filters\CSRF->before(Object(CodeIgniter\HTTP\IncomingRequest), NULL)
#3 D:\WEB SERVICES\WORKPLACE\CodeIgniter\rareconsultancy_CI\vendor\codeigniter4\framework\system\CodeIgniter.php(384): CodeIgniter\Filters\Filters->run('admin/post-crea...', 'before')
#4 D:\WEB SERVICES\WORKPLACE\CodeIgniter\rareconsultancy_CI\vendor\codeigniter4\framework\system\CodeIgniter.php(318): CodeIgniter\CodeIgniter->handleRequest(NULL, Object(Config\Cache), false)
#5 D:\WEB SERVICES\WORKPLACE\CodeIgniter\rareconsultancy_CI\public\index.php(37): CodeIgniter\CodeIgniter->run()
#6 D:\WEB SERVICES\WORKPLACE\CodeIgniter\rareconsultancy_CI\vendor\codeigniter4\framework\system\Commands\Server\rewrite.php(43): require_once('D:\\WEB SERVICES...')
#7 {main}
CRITICAL - 2021-12-08 16:53:08 --> The action you requested is not allowed.
#0 D:\WEB SERVICES\WORKPLACE\CodeIgniter\rareconsultancy_CI\vendor\codeigniter4\framework\system\Security\Security.php(277): CodeIgniter\Security\Exceptions\SecurityException::forDisallowedAction()
#1 D:\WEB SERVICES\WORKPLACE\CodeIgniter\rareconsultancy_CI\vendor\codeigniter4\framework\system\Filters\CSRF.php(53): CodeIgniter\Security\Security->verify(Object(CodeIgniter\HTTP\IncomingRequest))
#2 D:\WEB SERVICES\WORKPLACE\CodeIgniter\rareconsultancy_CI\vendor\codeigniter4\framework\system\Filters\Filters.php(173): CodeIgniter\Filters\CSRF->before(Object(CodeIgniter\HTTP\IncomingRequest), NULL)
#3 D:\WEB SERVICES\WORKPLACE\CodeIgniter\rareconsultancy_CI\vendor\codeigniter4\framework\system\CodeIgniter.php(384): CodeIgniter\Filters\Filters->run('admin/post-crea...', 'before')
#4 D:\WEB SERVICES\WORKPLACE\CodeIgniter\rareconsultancy_CI\vendor\codeigniter4\framework\system\CodeIgniter.php(318): CodeIgniter\CodeIgniter->handleRequest(NULL, Object(Config\Cache), false)
#5 D:\WEB SERVICES\WORKPLACE\CodeIgniter\rareconsultancy_CI\public\index.php(37): CodeIgniter\CodeIgniter->run()
#6 D:\WEB SERVICES\WORKPLACE\CodeIgniter\rareconsultancy_CI\vendor\codeigniter4\framework\system\Commands\Server\rewrite.php(43): require_once('D:\\WEB SERVICES...')
#7 {main}
CRITICAL - 2021-12-08 17:17:02 --> The action you requested is not allowed.
#0 D:\WEB SERVICES\WORKPLACE\CodeIgniter\rareconsultancy_CI\vendor\codeigniter4\framework\system\Security\Security.php(277): CodeIgniter\Security\Exceptions\SecurityException::forDisallowedAction()
#1 D:\WEB SERVICES\WORKPLACE\CodeIgniter\rareconsultancy_CI\vendor\codeigniter4\framework\system\Filters\CSRF.php(53): CodeIgniter\Security\Security->verify(Object(CodeIgniter\HTTP\IncomingRequest))
#2 D:\WEB SERVICES\WORKPLACE\CodeIgniter\rareconsultancy_CI\vendor\codeigniter4\framework\system\Filters\Filters.php(173): CodeIgniter\Filters\CSRF->before(Object(CodeIgniter\HTTP\IncomingRequest), NULL)
#3 D:\WEB SERVICES\WORKPLACE\CodeIgniter\rareconsultancy_CI\vendor\codeigniter4\framework\system\CodeIgniter.php(384): CodeIgniter\Filters\Filters->run('admin/post-crea...', 'before')
#4 D:\WEB SERVICES\WORKPLACE\CodeIgniter\rareconsultancy_CI\vendor\codeigniter4\framework\system\CodeIgniter.php(318): CodeIgniter\CodeIgniter->handleRequest(NULL, Object(Config\Cache), false)
#5 D:\WEB SERVICES\WORKPLACE\CodeIgniter\rareconsultancy_CI\public\index.php(37): CodeIgniter\CodeIgniter->run()
#6 D:\WEB SERVICES\WORKPLACE\CodeIgniter\rareconsultancy_CI\vendor\codeigniter4\framework\system\Commands\Server\rewrite.php(43): require_once('D:\\WEB SERVICES...')
#7 {main}
CRITICAL - 2021-12-08 17:17:12 --> The action you requested is not allowed.
#0 D:\WEB SERVICES\WORKPLACE\CodeIgniter\rareconsultancy_CI\vendor\codeigniter4\framework\system\Security\Security.php(277): CodeIgniter\Security\Exceptions\SecurityException::forDisallowedAction()
#1 D:\WEB SERVICES\WORKPLACE\CodeIgniter\rareconsultancy_CI\vendor\codeigniter4\framework\system\Filters\CSRF.php(53): CodeIgniter\Security\Security->verify(Object(CodeIgniter\HTTP\IncomingRequest))
#2 D:\WEB SERVICES\WORKPLACE\CodeIgniter\rareconsultancy_CI\vendor\codeigniter4\framework\system\Filters\Filters.php(173): CodeIgniter\Filters\CSRF->before(Object(CodeIgniter\HTTP\IncomingRequest), NULL)
#3 D:\WEB SERVICES\WORKPLACE\CodeIgniter\rareconsultancy_CI\vendor\codeigniter4\framework\system\CodeIgniter.php(384): CodeIgniter\Filters\Filters->run('admin/post-crea...', 'before')
#4 D:\WEB SERVICES\WORKPLACE\CodeIgniter\rareconsultancy_CI\vendor\codeigniter4\framework\system\CodeIgniter.php(318): CodeIgniter\CodeIgniter->handleRequest(NULL, Object(Config\Cache), false)
#5 D:\WEB SERVICES\WORKPLACE\CodeIgniter\rareconsultancy_CI\public\index.php(37): CodeIgniter\CodeIgniter->run()
#6 D:\WEB SERVICES\WORKPLACE\CodeIgniter\rareconsultancy_CI\vendor\codeigniter4\framework\system\Commands\Server\rewrite.php(43): require_once('D:\\WEB SERVICES...')
#7 {main}
CRITICAL - 2021-12-08 17:44:57 --> The action you requested is not allowed.
#0 D:\WEB SERVICES\WORKPLACE\CodeIgniter\rareconsultancy_CI\vendor\codeigniter4\framework\system\Security\Security.php(277): CodeIgniter\Security\Exceptions\SecurityException::forDisallowedAction()
#1 D:\WEB SERVICES\WORKPLACE\CodeIgniter\rareconsultancy_CI\vendor\codeigniter4\framework\system\Filters\CSRF.php(53): CodeIgniter\Security\Security->verify(Object(CodeIgniter\HTTP\IncomingRequest))
#2 D:\WEB SERVICES\WORKPLACE\CodeIgniter\rareconsultancy_CI\vendor\codeigniter4\framework\system\Filters\Filters.php(173): CodeIgniter\Filters\CSRF->before(Object(CodeIgniter\HTTP\IncomingRequest), NULL)
#3 D:\WEB SERVICES\WORKPLACE\CodeIgniter\rareconsultancy_CI\vendor\codeigniter4\framework\system\CodeIgniter.php(384): CodeIgniter\Filters\Filters->run('admin/post-crea...', 'before')
#4 D:\WEB SERVICES\WORKPLACE\CodeIgniter\rareconsultancy_CI\vendor\codeigniter4\framework\system\CodeIgniter.php(318): CodeIgniter\CodeIgniter->handleRequest(NULL, Object(Config\Cache), false)
#5 D:\WEB SERVICES\WORKPLACE\CodeIgniter\rareconsultancy_CI\public\index.php(37): CodeIgniter\CodeIgniter->run()
#6 D:\WEB SERVICES\WORKPLACE\CodeIgniter\rareconsultancy_CI\vendor\codeigniter4\framework\system\Commands\Server\rewrite.php(43): require_once('D:\\WEB SERVICES...')
#7 {main}
CRITICAL - 2021-12-08 17:45:04 --> The action you requested is not allowed.
#0 D:\WEB SERVICES\WORKPLACE\CodeIgniter\rareconsultancy_CI\vendor\codeigniter4\framework\system\Security\Security.php(277): CodeIgniter\Security\Exceptions\SecurityException::forDisallowedAction()
#1 D:\WEB SERVICES\WORKPLACE\CodeIgniter\rareconsultancy_CI\vendor\codeigniter4\framework\system\Filters\CSRF.php(53): CodeIgniter\Security\Security->verify(Object(CodeIgniter\HTTP\IncomingRequest))
#2 D:\WEB SERVICES\WORKPLACE\CodeIgniter\rareconsultancy_CI\vendor\codeigniter4\framework\system\Filters\Filters.php(173): CodeIgniter\Filters\CSRF->before(Object(CodeIgniter\HTTP\IncomingRequest), NULL)
#3 D:\WEB SERVICES\WORKPLACE\CodeIgniter\rareconsultancy_CI\vendor\codeigniter4\framework\system\CodeIgniter.php(384): CodeIgniter\Filters\Filters->run('admin/post-crea...', 'before')
#4 D:\WEB SERVICES\WORKPLACE\CodeIgniter\rareconsultancy_CI\vendor\codeigniter4\framework\system\CodeIgniter.php(318): CodeIgniter\CodeIgniter->handleRequest(NULL, Object(Config\Cache), false)
#5 D:\WEB SERVICES\WORKPLACE\CodeIgniter\rareconsultancy_CI\public\index.php(37): CodeIgniter\CodeIgniter->run()
#6 D:\WEB SERVICES\WORKPLACE\CodeIgniter\rareconsultancy_CI\vendor\codeigniter4\framework\system\Commands\Server\rewrite.php(43): require_once('D:\\WEB SERVICES...')
#7 {main}
